#
# There is insufficient memory for the Java Runtime Environment to continue.
# Native memory allocation (mmap) failed to map 153092096 bytes for Failed to commit area from 0x0000000090800000 to 0x0000000099a00000 of length 153092096.
# Possible reasons:
#   The system is out of physical RAM or swap space
#   The process is running with CompressedOops enabled, and the Java Heap may be blocking the growth of the native heap
# Possible solutions:
#   Reduce memory load on the system
#   Increase physical memory or swap space
#   Check if swap backing store is full
#   Decrease Java heap size (-Xmx/-Xms)
#   Decrease number of Java threads
#   Decrease Java thread stack sizes (-Xss)
#   Set larger code cache with -XX:ReservedCodeCacheSize=
#   JVM is running with Unscaled Compressed Oops mode in which the Java heap is
#     placed in the first 4GB address space. The Java Heap base address is the
#     maximum limit for the native heap growth. Please use -XX:HeapBaseMinAddress
#     to set the Java Heap base and to place the Java Heap above 4GB virtual address.
# This output file may be truncated or incomplete.
#
#  Out of Memory Error (./src/hotspot/os/windows/os_windows.cpp:3619), pid=1728, tid=27768
#
# JRE version: OpenJDK Runtime Environment (11.0.13) (build 11.0.13+0-b1751.21-8125866)
# Java VM: OpenJDK 64-Bit Server VM (11.0.13+0-b1751.21-8125866, mixed mode, tiered, compressed oops, g1 gc, windows-amd64)
# No core dump will be written. Minidumps are not enabled by default on client versions of Windows
#

---------------  S U M M A R Y ------------

Command Line: --add-opens=java.base/java.util=ALL-UNNAMED --add-opens=java.base/java.lang=ALL-UNNAMED --add-opens=java.base/java.lang.invoke=ALL-UNNAMED --add-opens=java.base/java.util=ALL-UNNAMED --add-opens=java.prefs/java.util.prefs=ALL-UNNAMED --add-opens=java.prefs/java.util.prefs=ALL-UNNAMED --add-opens=java.base/java.nio.charset=ALL-UNNAMED --add-opens=java.base/java.net=ALL-UNNAMED --add-opens=java.base/java.util.concurrent.atomic=ALL-UNNAMED -Xmx2048m -Dfile.encoding=UTF-8 -Duser.country=BR -Duser.language=pt -Duser.variant org.gradle.launcher.daemon.bootstrap.GradleDaemon 7.4

Host: Intel(R) Core(TM) i5-10210U CPU @ 1.60GHz, 8 cores, 7G,  Windows 10 , 64 bit Build 19041 (10.0.19041.2251)
Time: Thu Dec 15 21:59:42 2022 Hora Padrão de Buenos Aires elapsed time: 1574.084248 seconds (0d 0h 26m 14s)

---------------  T H R E A D  ---------------

Current thread (0x000001fae19bf000):  VMThread "VM Thread" [stack: 0x000000dcf5600000,0x000000dcf5700000] [id=27768]

Stack: [0x000000dcf5600000,0x000000dcf5700000]
[error occurred during error reporting (printing stack bounds), id 0xc0000005, EXCEPTION_ACCESS_VIOLATION (0xc0000005) at pc=0x000001facb00112d]

Native frames: (J=compiled Java code, j=interpreted, Vv=VM code, C=native code)
V  [jvm.dll+0x6100fa]
V  [jvm.dll+0x747090]
V  [jvm.dll+0x7486ad]
V  [jvm.dll+0x748ce5]
V  [jvm.dll+0x748c9b]
V  [jvm.dll+0x60f224]
V  [jvm.dll+0x60f9b8]
C  [ntdll.dll+0xa241f]
C  [ntdll.dll+0x514a4]
C  [ntdll.dll+0xa0f4e]
C  0x000001facb00112d

VM_Operation (0x000000dc858f9590): G1CollectForAllocation, mode: safepoint, requested by thread 0x000001faeb718000


---------------  P R O C E S S  ---------------

Threads class SMR info:
_java_thread_list=0x000001fae4bac0e0, length=159, elements={
0x000001fac751a800, 0x000001fae19c8000, 0x000001fae19c9000, 0x000001fae2224000,
0x000001fae2225800, 0x000001fae2228800, 0x000001fae2234800, 0x000001fae223b000,
0x000001fae223e000, 0x000001fae23dc800, 0x000001fae3992000, 0x000001fae42ce800,
0x000001fae3740000, 0x000001fae4a5d000, 0x000001fae4a63800, 0x000001fae4a62800,
0x000001fae4a5e800, 0x000001fae4a61000, 0x000001fae7041800, 0x000001fae7042800,
0x000001fae7040000, 0x000001fae7043000, 0x000001fae703f000, 0x000001fae74f0800,
0x000001fae74eb000, 0x000001fae74ec800, 0x000001fae74eb800, 0x000001fae74ee000,
0x000001fae74ef800, 0x000001faeaaef000, 0x000001fae8ea4000, 0x000001fae8ea6000,
0x000001fae8ea0000, 0x000001fae8ea6800, 0x000001fae8ea1000, 0x000001faefa26000,
0x000001faed77e000, 0x000001faed772800, 0x000001faed773800, 0x000001faed774000,
0x000001faed772000, 0x000001faed776000, 0x000001faed775000, 0x000001faed776800,
0x000001faed771000, 0x000001faed777800, 0x000001faed77a000, 0x000001faed77b800,
0x000001faed778800, 0x000001faed77f000, 0x000001faed779000, 0x000001faed77f800,
0x000001faed77d000, 0x000001faed77b000, 0x000001faed77c800, 0x000001fae922b800,
0x000001fae9229000, 0x000001fae922c800, 0x000001fae922a800, 0x000001fae922d000,
0x000001fae9227800, 0x000001fae9228000, 0x000001fae922e800, 0x000001fae922e000,
0x000001fae922f800, 0x000001fae922a000, 0x000001fae9230800, 0x000001fae9233000,
0x000001fae9235000, 0x000001fae9234800, 0x000001fae9236000, 0x000001fae9231000,
0x000001fae9232000, 0x000001faefa1e000, 0x000001faefa18000, 0x000001faefa1c800,
0x000001faefa19000, 0x000001faefa1d000, 0x000001faefa1e800, 0x000001faefa1a800,
0x000001faefa1f800, 0x000001faefa1b800, 0x000001faefa1a000, 0x000001faefa21000,
0x000001faefa22000, 0x000001faefa23000, 0x000001faefa23800, 0x000001faefa24800,
0x000001faefa25800, 0x000001faefa20800, 0x000001faefa27000, 0x000001faeaaee000,
0x000001faeaaf1000, 0x000001faeaaf2000, 0x000001faeaaf3000, 0x000001faeaaef800,
0x000001faeaaed000, 0x000001faeaaf0800, 0x000001faeaaf3800, 0x000001faeaaf7000,
0x000001faeaaf7800, 0x000001faeaafa000, 0x000001faeaaf4800, 0x000001faeaaf8800,
0x000001faeaaf9800, 0x000001faeaafb000, 0x000001faeaaf5800, 0x000001faeaafc000,
0x000001faeaaf6000, 0x000001faeb70d000, 0x000001faeb70c000, 0x000001faeb70f000,
0x000001faeb709800, 0x000001faeb70b000, 0x000001faeb70d800, 0x000001faeb710000,
0x000001faeb713800, 0x000001faeb714000, 0x000001faeb70e800, 0x000001faeb711800,
0x000001faeb716800, 0x000001faeb715000, 0x000001faeb711000, 0x000001faeb715800,
0x000001faeb718000, 0x000001faeb717800, 0x000001faeb712800, 0x000001fae74e3800,
0x000001fae74e2000, 0x000001fae74e6000, 0x000001fae74e4800, 0x000001fae74e5000,
0x000001fae74e6800, 0x000001fae74e8800, 0x000001fae74e2800, 0x000001fae74ed000,
0x000001fae74e9000, 0x000001fae74ef000, 0x000001fae74ea000, 0x000001fae7044000,
0x000001fae7040800, 0x000001fae7046800, 0x000001fae7047000, 0x000001fae704a800,
0x000001faeb773000, 0x000001fae704b800, 0x000001fae7045800, 0x000001fae704c000,
0x000001fae704d000, 0x000001fae7048000, 0x000001fae704e000, 0x000001fae7049000,
0x000001fae7049800, 0x000001fae8ea5000, 0x000001fae8e9f800, 0x000001fae8ea7800,
0x000001fae8ea1800, 0x000001fae8ea8800, 0x000001fae8ea2800
}

Java Threads: ( => current thread )
  0x000001fac751a800 JavaThread "main" [_thread_blocked, id=28576, stack(0x000000dcf5000000,0x000000dcf5100000)]
  0x000001fae19c8000 JavaThread "Reference Handler" daemon [_thread_blocked, id=27304, stack(0x000000dcf5700000,0x000000dcf5800000)]
  0x000001fae19c9000 JavaThread "Finalizer" daemon [_thread_blocked, id=14376, stack(0x000000dcf5800000,0x000000dcf5900000)]
  0x000001fae2224000 JavaThread "Signal Dispatcher" daemon [_thread_blocked, id=22308, stack(0x000000dcf5900000,0x000000dcf5a00000)]
  0x000001fae2225800 JavaThread "Attach Listener" daemon [_thread_blocked, id=26252, stack(0x000000dcf5a00000,0x000000dcf5b00000)]
  0x000001fae2228800 JavaThread "Service Thread" daemon [_thread_blocked, id=27060, stack(0x000000dcf5b00000,0x000000dcf5c00000)]
  0x000001fae2234800 JavaThread "C2 CompilerThread0" daemon [_thread_blocked, id=24156, stack(0x000000dcf5c00000,0x000000dcf5d00000)]
  0x000001fae223b000 JavaThread "C1 CompilerThread0" daemon [_thread_blocked, id=25836, stack(0x000000dcf5d00000,0x000000dcf5e00000)]
  0x000001fae223e000 JavaThread "Sweeper thread" daemon [_thread_blocked, id=11832, stack(0x000000dcf5e00000,0x000000dcf5f00000)]
  0x000001fae23dc800 JavaThread "Common-Cleaner" daemon [_thread_blocked, id=17472, stack(0x000000dcf5f00000,0x000000dcf6000000)]
  0x000001fae3992000 JavaThread "Daemon health stats" [_thread_blocked, id=24648, stack(0x000000dcf6300000,0x000000dcf6400000)]
  0x000001fae42ce800 JavaThread "Incoming local TCP Connector on port 53009" [_thread_in_native, id=23096, stack(0x000000dcf6400000,0x000000dcf6500000)]
  0x000001fae3740000 JavaThread "Daemon periodic checks" [_thread_blocked, id=28068, stack(0x000000dcf6500000,0x000000dcf6600000)]
  0x000001fae4a5d000 JavaThread "Cache worker for journal cache (C:\Users\rober\.gradle\caches\journal-1)" [_thread_blocked, id=5508, stack(0x000000dcf7200000,0x000000dcf7300000)]
  0x000001fae4a63800 JavaThread "File lock request listener" [_thread_in_native, id=26264, stack(0x000000dcf7300000,0x000000dcf7400000)]
  0x000001fae4a62800 JavaThread "Cache worker for file hash cache (C:\Users\rober\.gradle\caches\7.4\fileHashes)" [_thread_blocked, id=3288, stack(0x000000dcf7400000,0x000000dcf7500000)]
  0x000001fae4a5e800 JavaThread "File watcher server" daemon [_thread_blocked, id=24752, stack(0x000000dcf7600000,0x000000dcf7700000)]
  0x000001fae4a61000 JavaThread "File watcher consumer" daemon [_thread_blocked, id=304, stack(0x000000dcf7700000,0x000000dcf7800000)]
  0x000001fae7041800 JavaThread "Cache worker for execution history cache (C:\Users\rober\.gradle\caches\7.4\executionHistory)" [_thread_blocked, id=1592, stack(0x000000dcf7c00000,0x000000dcf7d00000)]
  0x000001fae7042800 JavaThread "jar transforms" [_thread_blocked, id=15732, stack(0x000000dcf7d00000,0x000000dcf7e00000)]
  0x000001fae7040000 JavaThread "Cache worker for file content cache (C:\Users\rober\.gradle\caches\7.4\fileContent)" [_thread_blocked, id=24164, stack(0x000000dcf7e00000,0x000000dcf7f00000)]
  0x000001fae7043000 JavaThread "jar transforms Thread 2" [_thread_blocked, id=23908, stack(0x000000dcf7f00000,0x000000dcf8000000)]
  0x000001fae703f000 JavaThread "jar transforms Thread 3" [_thread_blocked, id=18604, stack(0x000000dcf8100000,0x000000dcf8200000)]
  0x000001fae74f0800 JavaThread "jar transforms Thread 4" [_thread_blocked, id=12460, stack(0x000000dcfd300000,0x000000dcfd400000)]
  0x000001fae74eb000 JavaThread "jar transforms Thread 5" [_thread_blocked, id=25736, stack(0x000000dcfd400000,0x000000dcfd500000)]
  0x000001fae74ec800 JavaThread "jar transforms Thread 6" [_thread_blocked, id=1584, stack(0x000000dcfd500000,0x000000dcfd600000)]
  0x000001fae74eb800 JavaThread "jar transforms Thread 7" [_thread_blocked, id=6748, stack(0x000000dcfd600000,0x000000dcfd700000)]
  0x000001fae74ee000 JavaThread "jar transforms Thread 8" [_thread_blocked, id=26980, stack(0x000000dcfd700000,0x000000dcfd800000)]
  0x000001fae74ef800 JavaThread "Memory manager" [_thread_blocked, id=25560, stack(0x000000dcfd800000,0x000000dcfd900000)]
  0x000001faeaaef000 JavaThread "pool-3-thread-1" [_thread_blocked, id=14008, stack(0x000000dcfda00000,0x000000dcfdb00000)]
  0x000001fae8ea4000 JavaThread "RMI Scheduler(0)" daemon [_thread_blocked, id=23744, stack(0x000000dcfee00000,0x000000dcfef00000)]
  0x000001fae8ea6000 JavaThread "RMI GC Daemon" daemon [_thread_blocked, id=27224, stack(0x000000dcff000000,0x000000dcff100000)]
  0x000001fae8ea0000 JavaThread "RMI TCP Accept-0" daemon [_thread_in_native, id=26940, stack(0x000000dcff100000,0x000000dcff200000)]
  0x000001fae8ea6800 JavaThread "RMI Reaper" [_thread_blocked, id=18204, stack(0x000000dcff200000,0x000000dcff300000)]
  0x000001fae8ea1000 JavaThread "Cache worker for Java compile cache (C:\Users\rober\.gradle\caches\7.4\javaCompile)" [_thread_blocked, id=10864, stack(0x000000dcff400000,0x000000dcff500000)]
  0x000001faefa26000 JavaThread "pool-8-thread-1" [_thread_blocked, id=27912, stack(0x000000dc86200000,0x000000dc86300000)]
  0x000001faed77e000 JavaThread "ForkJoinPool.commonPool-worker-7" daemon [_thread_blocked, id=24368, stack(0x000000dc88400000,0x000000dc88500000)]
  0x000001faed772800 JavaThread "RMI TCP Connection(idle)" daemon [_thread_blocked, id=27680, stack(0x000000dc80000000,0x000000dc80100000)]
  0x000001faed773800 JavaThread "Daemon Thread 3" [_thread_blocked, id=18544, stack(0x000000dc80100000,0x000000dc80200000)]
  0x000001faed774000 JavaThread "Handler for socket connection from /127.0.0.1:53009 to /127.0.0.1:54266" [_thread_in_native, id=14688, stack(0x000000dc80200000,0x000000dc80300000)]
  0x000001faed772000 JavaThread "Cancel handler" [_thread_blocked, id=22672, stack(0x000000dc80300000,0x000000dc80400000)]
  0x000001faed776000 JavaThread "Daemon worker Thread 3" [_thread_blocked, id=22776, stack(0x000000dc80400000,0x000000dc80500000)]
  0x000001faed775000 JavaThread "Asynchronous log dispatcher for DefaultDaemonConnection: socket connection from /127.0.0.1:53009 to /127.0.0.1:54266" [_thread_blocked, id=9892, stack(0x000000dc80500000,0x000000dc80600000)]
  0x000001faed776800 JavaThread "Stdin handler" [_thread_blocked, id=25588, stack(0x000000dc80600000,0x000000dc80700000)]
  0x000001faed771000 JavaThread "Daemon client event forwarder" [_thread_blocked, id=18264, stack(0x000000dc80700000,0x000000dc80800000)]
  0x000001faed777800 JavaThread "Cache worker for checksums cache (C:\Users\rober\AndroidStudioProjects\RelatoriodeServiodeCampo2\.gradle\7.4\checksums)" [_thread_blocked, id=27176, stack(0x000000dc80800000,0x000000dc80900000)]
  0x000001faed77a000 JavaThread "Cache worker for cache directory md-rule (C:\Users\rober\.gradle\caches\7.4\md-rule)" [_thread_blocked, id=14160, stack(0x000000dc80900000,0x000000dc80a00000)]
  0x000001faed77b800 JavaThread "Cache worker for file hash cache (C:\Users\rober\AndroidStudioProjects\RelatoriodeServiodeCampo2\.gradle\7.4\fileHashes)" [_thread_blocked, id=11772, stack(0x000000dc80a00000,0x000000dc80b00000)]
  0x000001faed778800 JavaThread "Cache worker for cache directory md-supplier (C:\Users\rober\.gradle\caches\7.4\md-supplier)" [_thread_blocked, id=20176, stack(0x000000dc80b00000,0x000000dc80c00000)]
  0x000001faed77f000 JavaThread "Cache worker for dependencies-accessors (C:\Users\rober\AndroidStudioProjects\RelatoriodeServiodeCampo2\.gradle\7.4\dependencies-accessors)" [_thread_blocked, id=6948, stack(0x000000dc80c00000,0x000000dc80d00000)]
  0x000001faed779000 JavaThread "Cache worker for Build Output Cleanup Cache (C:\Users\rober\AndroidStudioProjects\RelatoriodeServiodeCampo2\.gradle\buildOutputCleanup)" [_thread_blocked, id=16668, stack(0x000000dc80d00000,0x000000dc80e00000)]
  0x000001faed77f800 JavaThread "Unconstrained build operations" [_thread_blocked, id=25492, stack(0x000000dc80f00000,0x000000dc81000000)]
  0x000001faed77d000 JavaThread "Unconstrained build operations Thread 2" [_thread_blocked, id=9328, stack(0x000000dc81000000,0x000000dc81100000)]
  0x000001faed77b000 JavaThread "Unconstrained build operations Thread 3" [_thread_blocked, id=2340, stack(0x000000dc81100000,0x000000dc81200000)]
  0x000001faed77c800 JavaThread "Unconstrained build operations Thread 4" [_thread_blocked, id=6420, stack(0x000000dc81200000,0x000000dc81300000)]
  0x000001fae922b800 JavaThread "Unconstrained build operations Thread 5" [_thread_blocked, id=7040, stack(0x000000dc81300000,0x000000dc81400000)]
  0x000001fae9229000 JavaThread "Unconstrained build operations Thread 6" [_thread_blocked, id=18676, stack(0x000000dc81400000,0x000000dc81500000)]
  0x000001fae922c800 JavaThread "Unconstrained build operations Thread 7" [_thread_blocked, id=25920, stack(0x000000dc81500000,0x000000dc81600000)]
  0x000001fae922a800 JavaThread "Unconstrained build operations Thread 8" [_thread_blocked, id=23564, stack(0x000000dc81600000,0x000000dc81700000)]
  0x000001fae922d000 JavaThread "Unconstrained build operations Thread 9" [_thread_blocked, id=22600, stack(0x000000dc81700000,0x000000dc81800000)]
  0x000001fae9227800 JavaThread "Unconstrained build operations Thread 10" [_thread_blocked, id=26984, stack(0x000000dc81800000,0x000000dc81900000)]
  0x000001fae9228000 JavaThread "Unconstrained build operations Thread 11" [_thread_blocked, id=22696, stack(0x000000dc81900000,0x000000dc81a00000)]
  0x000001fae922e800 JavaThread "Unconstrained build operations Thread 12" [_thread_blocked, id=2640, stack(0x000000dc81a00000,0x000000dc81b00000)]
  0x000001fae922e000 JavaThread "Unconstrained build operations Thread 13" [_thread_blocked, id=28524, stack(0x000000dc81b00000,0x000000dc81c00000)]
  0x000001fae922f800 JavaThread "Unconstrained build operations Thread 14" [_thread_blocked, id=27220, stack(0x000000dc81c00000,0x000000dc81d00000)]
  0x000001fae922a000 JavaThread "Unconstrained build operations Thread 15" [_thread_blocked, id=21652, stack(0x000000dc81d00000,0x000000dc81e00000)]
  0x000001fae9230800 JavaThread "Unconstrained build operations Thread 16" [_thread_blocked, id=22612, stack(0x000000dc81e00000,0x000000dc81f00000)]
  0x000001fae9233000 JavaThread "Unconstrained build operations Thread 17" [_thread_blocked, id=16400, stack(0x000000dc81f00000,0x000000dc82000000)]
  0x000001fae9235000 JavaThread "Unconstrained build operations Thread 18" [_thread_blocked, id=23132, stack(0x000000dc82000000,0x000000dc82100000)]
  0x000001fae9234800 JavaThread "Unconstrained build operations Thread 19" [_thread_blocked, id=4656, stack(0x000000dc82100000,0x000000dc82200000)]
  0x000001fae9236000 JavaThread "Unconstrained build operations Thread 20" [_thread_blocked, id=10016, stack(0x000000dc82200000,0x000000dc82300000)]
  0x000001fae9231000 JavaThread "Unconstrained build operations Thread 21" [_thread_blocked, id=17196, stack(0x000000dc82300000,0x000000dc82400000)]
  0x000001fae9232000 JavaThread "Unconstrained build operations Thread 22" [_thread_blocked, id=28332, stack(0x000000dc82400000,0x000000dc82500000)]
  0x000001faefa1e000 JavaThread "Unconstrained build operations Thread 23" [_thread_blocked, id=22124, stack(0x000000dc82500000,0x000000dc82600000)]
  0x000001faefa18000 JavaThread "Unconstrained build operations Thread 24" [_thread_blocked, id=2256, stack(0x000000dc82600000,0x000000dc82700000)]
  0x000001faefa1c800 JavaThread "Unconstrained build operations Thread 25" [_thread_blocked, id=3108, stack(0x000000dc82700000,0x000000dc82800000)]
  0x000001faefa19000 JavaThread "Unconstrained build operations Thread 26" [_thread_blocked, id=20284, stack(0x000000dc82800000,0x000000dc82900000)]
  0x000001faefa1d000 JavaThread "Unconstrained build operations Thread 27" [_thread_blocked, id=18928, stack(0x000000dc82900000,0x000000dc82a00000)]
  0x000001faefa1e800 JavaThread "Unconstrained build operations Thread 28" [_thread_blocked, id=18200, stack(0x000000dc82a00000,0x000000dc82b00000)]
  0x000001faefa1a800 JavaThread "Unconstrained build operations Thread 29" [_thread_blocked, id=23860, stack(0x000000dc82b00000,0x000000dc82c00000)]
  0x000001faefa1f800 JavaThread "Unconstrained build operations Thread 30" [_thread_blocked, id=25660, stack(0x000000dc82c00000,0x000000dc82d00000)]
  0x000001faefa1b800 JavaThread "Unconstrained build operations Thread 31" [_thread_blocked, id=4220, stack(0x000000dc82d00000,0x000000dc82e00000)]
  0x000001faefa1a000 JavaThread "Unconstrained build operations Thread 32" [_thread_blocked, id=28500, stack(0x000000dc82e00000,0x000000dc82f00000)]
  0x000001faefa21000 JavaThread "Unconstrained build operations Thread 33" [_thread_blocked, id=17720, stack(0x000000dc82f00000,0x000000dc83000000)]
  0x000001faefa22000 JavaThread "Unconstrained build operations Thread 34" [_thread_blocked, id=26880, stack(0x000000dc83000000,0x000000dc83100000)]
  0x000001faefa23000 JavaThread "Unconstrained build operations Thread 35" [_thread_blocked, id=26308, stack(0x000000dc83100000,0x000000dc83200000)]
  0x000001faefa23800 JavaThread "Unconstrained build operations Thread 36" [_thread_blocked, id=4868, stack(0x000000dc83200000,0x000000dc83300000)]
  0x000001faefa24800 JavaThread "Unconstrained build operations Thread 37" [_thread_blocked, id=21864, stack(0x000000dc83300000,0x000000dc83400000)]
  0x000001faefa25800 JavaThread "Unconstrained build operations Thread 38" [_thread_blocked, id=17288, stack(0x000000dc83400000,0x000000dc83500000)]
  0x000001faefa20800 JavaThread "Unconstrained build operations Thread 39" [_thread_blocked, id=18632, stack(0x000000dc83500000,0x000000dc83600000)]
  0x000001faefa27000 JavaThread "Unconstrained build operations Thread 40" [_thread_blocked, id=18352, stack(0x000000dc83600000,0x000000dc83700000)]
  0x000001faeaaee000 JavaThread "Unconstrained build operations Thread 41" [_thread_blocked, id=18756, stack(0x000000dc83700000,0x000000dc83800000)]
  0x000001faeaaf1000 JavaThread "Unconstrained build operations Thread 42" [_thread_blocked, id=23448, stack(0x000000dc83800000,0x000000dc83900000)]
  0x000001faeaaf2000 JavaThread "Unconstrained build operations Thread 43" [_thread_blocked, id=19868, stack(0x000000dc83900000,0x000000dc83a00000)]
  0x000001faeaaf3000 JavaThread "Unconstrained build operations Thread 44" [_thread_blocked, id=20964, stack(0x000000dc83a00000,0x000000dc83b00000)]
  0x000001faeaaef800 JavaThread "Unconstrained build operations Thread 45" [_thread_blocked, id=2236, stack(0x000000dc83b00000,0x000000dc83c00000)]
  0x000001faeaaed000 JavaThread "Unconstrained build operations Thread 46" [_thread_blocked, id=27544, stack(0x000000dc83c00000,0x000000dc83d00000)]
  0x000001faeaaf0800 JavaThread "Unconstrained build operations Thread 47" [_thread_blocked, id=15272, stack(0x000000dc83d00000,0x000000dc83e00000)]
  0x000001faeaaf3800 JavaThread "Unconstrained build operations Thread 48" [_thread_blocked, id=18096, stack(0x000000dc83e00000,0x000000dc83f00000)]
  0x000001faeaaf7000 JavaThread "Unconstrained build operations Thread 49" [_thread_blocked, id=17140, stack(0x000000dc83f00000,0x000000dc84000000)]
  0x000001faeaaf7800 JavaThread "Unconstrained build operations Thread 50" [_thread_blocked, id=27624, stack(0x000000dc84000000,0x000000dc84100000)]
  0x000001faeaafa000 JavaThread "Unconstrained build operations Thread 51" [_thread_blocked, id=14476, stack(0x000000dc84100000,0x000000dc84200000)]
  0x000001faeaaf4800 JavaThread "Unconstrained build operations Thread 52" [_thread_blocked, id=13912, stack(0x000000dc84200000,0x000000dc84300000)]
  0x000001faeaaf8800 JavaThread "Unconstrained build operations Thread 53" [_thread_blocked, id=2432, stack(0x000000dc84300000,0x000000dc84400000)]
  0x000001faeaaf9800 JavaThread "Unconstrained build operations Thread 54" [_thread_blocked, id=6204, stack(0x000000dc84400000,0x000000dc84500000)]
  0x000001faeaafb000 JavaThread "Unconstrained build operations Thread 55" [_thread_blocked, id=25680, stack(0x000000dc84500000,0x000000dc84600000)]
  0x000001faeaaf5800 JavaThread "Unconstrained build operations Thread 56" [_thread_blocked, id=23248, stack(0x000000dc84600000,0x000000dc84700000)]
  0x000001faeaafc000 JavaThread "Unconstrained build operations Thread 57" [_thread_blocked, id=24044, stack(0x000000dc84700000,0x000000dc84800000)]
  0x000001faeaaf6000 JavaThread "Unconstrained build operations Thread 58" [_thread_blocked, id=27212, stack(0x000000dc84800000,0x000000dc84900000)]
  0x000001faeb70d000 JavaThread "Unconstrained build operations Thread 59" [_thread_blocked, id=20836, stack(0x000000dc84900000,0x000000dc84a00000)]
  0x000001faeb70c000 JavaThread "Unconstrained build operations Thread 60" [_thread_blocked, id=14784, stack(0x000000dc84a00000,0x000000dc84b00000)]
  0x000001faeb70f000 JavaThread "Unconstrained build operations Thread 61" [_thread_blocked, id=24976, stack(0x000000dc84b00000,0x000000dc84c00000)]
  0x000001faeb709800 JavaThread "Unconstrained build operations Thread 62" [_thread_blocked, id=4040, stack(0x000000dc84c00000,0x000000dc84d00000)]
  0x000001faeb70b000 JavaThread "Unconstrained build operations Thread 63" [_thread_blocked, id=27948, stack(0x000000dc84d00000,0x000000dc84e00000)]
  0x000001faeb70d800 JavaThread "Unconstrained build operations Thread 64" [_thread_blocked, id=6160, stack(0x000000dc84e00000,0x000000dc84f00000)]
  0x000001faeb710000 JavaThread "Unconstrained build operations Thread 65" [_thread_blocked, id=16992, stack(0x000000dc84f00000,0x000000dc85000000)]
  0x000001faeb713800 JavaThread "Unconstrained build operations Thread 66" [_thread_blocked, id=16352, stack(0x000000dc85000000,0x000000dc85100000)]
  0x000001faeb714000 JavaThread "Unconstrained build operations Thread 67" [_thread_blocked, id=15296, stack(0x000000dc85100000,0x000000dc85200000)]
  0x000001faeb70e800 JavaThread "Unconstrained build operations Thread 68" [_thread_blocked, id=26684, stack(0x000000dc85200000,0x000000dc85300000)]
  0x000001faeb711800 JavaThread "Unconstrained build operations Thread 69" [_thread_blocked, id=25028, stack(0x000000dc85300000,0x000000dc85400000)]
  0x000001faeb716800 JavaThread "Unconstrained build operations Thread 70" [_thread_blocked, id=11276, stack(0x000000dc85400000,0x000000dc85500000)]
  0x000001faeb715000 JavaThread "Unconstrained build operations Thread 71" [_thread_blocked, id=25180, stack(0x000000dc85500000,0x000000dc85600000)]
  0x000001faeb711000 JavaThread "Unconstrained build operations Thread 72" [_thread_blocked, id=1388, stack(0x000000dc85600000,0x000000dc85700000)]
  0x000001faeb715800 JavaThread "Unconstrained build operations Thread 73" [_thread_blocked, id=19564, stack(0x000000dc85700000,0x000000dc85800000)]
  0x000001faeb718000 JavaThread "Unconstrained build operations Thread 74" [_thread_blocked, id=22276, stack(0x000000dc85800000,0x000000dc85900000)]
  0x000001faeb717800 JavaThread "Unconstrained build operations Thread 75" [_thread_blocked, id=22572, stack(0x000000dc85900000,0x000000dc85a00000)]
  0x000001faeb712800 JavaThread "Unconstrained build operations Thread 76" [_thread_blocked, id=27328, stack(0x000000dc85a00000,0x000000dc85b00000)]
  0x000001fae74e3800 JavaThread "Unconstrained build operations Thread 77" [_thread_blocked, id=23788, stack(0x000000dc85b00000,0x000000dc85c00000)]
  0x000001fae74e2000 JavaThread "Unconstrained build operations Thread 78" [_thread_blocked, id=23828, stack(0x000000dc85c00000,0x000000dc85d00000)]
  0x000001fae74e6000 JavaThread "Unconstrained build operations Thread 79" [_thread_blocked, id=13920, stack(0x000000dc85d00000,0x000000dc85e00000)]
  0x000001fae74e4800 JavaThread "Unconstrained build operations Thread 80" [_thread_blocked, id=28328, stack(0x000000dc85e00000,0x000000dc85f00000)]
  0x000001fae74e5000 JavaThread "build event listener" [_thread_blocked, id=24872, stack(0x000000dc85f00000,0x000000dc86000000)]
  0x000001fae74e6800 JavaThread "pool-13-thread-1" [_thread_blocked, id=1880, stack(0x000000dc86000000,0x000000dc86100000)]
  0x000001fae74e8800 JavaThread "build event listener" [_thread_blocked, id=24568, stack(0x000000dc86100000,0x000000dc86200000)]
  0x000001fae74e2800 JavaThread "included builds" [_thread_blocked, id=26708, stack(0x000000dc86300000,0x000000dc86400000)]
  0x000001fae74ed000 JavaThread "Execution worker for ':'" [_thread_blocked, id=16184, stack(0x000000dc86400000,0x000000dc86500000)]
  0x000001fae74e9000 JavaThread "Execution worker for ':' Thread 2" [_thread_blocked, id=16232, stack(0x000000dc86500000,0x000000dc86600000)]
  0x000001fae74ef000 JavaThread "Execution worker for ':' Thread 3" [_thread_blocked, id=19352, stack(0x000000dc86600000,0x000000dc86700000)]
  0x000001fae74ea000 JavaThread "Execution worker for ':' Thread 4" [_thread_blocked, id=280, stack(0x000000dc86700000,0x000000dc86800000)]
  0x000001fae7044000 JavaThread "Execution worker for ':' Thread 5" [_thread_blocked, id=28552, stack(0x000000dc86800000,0x000000dc86900000)]
  0x000001fae7040800 JavaThread "Execution worker for ':' Thread 6" [_thread_blocked, id=2172, stack(0x000000dc86900000,0x000000dc86a00000)]
  0x000001fae7046800 JavaThread "Execution worker for ':' Thread 7" [_thread_blocked, id=22396, stack(0x000000dc86a00000,0x000000dc86b00000)]
  0x000001fae7047000 JavaThread "Cache worker for execution history cache (C:\Users\rober\AndroidStudioProjects\RelatoriodeServiodeCampo2\.gradle\7.4\executionHistory)" [_thread_blocked, id=12472, stack(0x000000dc80e00000,0x000000dc80f00000)]
  0x000001fae704a800 JavaThread "WorkerExecutor Queue" [_thread_blocked, id=21604, stack(0x000000dc86b00000,0x000000dc86c00000)]
  0x000001faeb773000 JavaThread "C2 CompilerThread1" daemon [_thread_blocked, id=24876, stack(0x000000dc86c00000,0x000000dc86d00000)]
  0x000001fae704b800 JavaThread "WorkerExecutor Queue Thread 2" [_thread_blocked, id=15044, stack(0x000000dc86d00000,0x000000dc86e00000)]
  0x000001fae7045800 JavaThread "WorkerExecutor Queue Thread 3" [_thread_blocked, id=4728, stack(0x000000dc86e00000,0x000000dc86f00000)]
  0x000001fae704c000 JavaThread "WorkerExecutor Queue Thread 4" [_thread_blocked, id=16760, stack(0x000000dc86f00000,0x000000dc87000000)]
  0x000001fae704d000 JavaThread "WorkerExecutor Queue Thread 5" [_thread_blocked, id=9788, stack(0x000000dc87000000,0x000000dc87100000)]
  0x000001fae7048000 JavaThread "WorkerExecutor Queue Thread 6" [_thread_blocked, id=19372, stack(0x000000dc87100000,0x000000dc87200000)]
  0x000001fae704e000 JavaThread "WorkerExecutor Queue Thread 7" [_thread_blocked, id=25116, stack(0x000000dc87200000,0x000000dc87300000)]
  0x000001fae7049000 JavaThread "WorkerExecutor Queue Thread 8" [_thread_blocked, id=21436, stack(0x000000dc87300000,0x000000dc87400000)]
  0x000001fae7049800 JavaThread "pool-14-thread-1" [_thread_blocked, id=10308, stack(0x000000dc87400000,0x000000dc87500000)]
  0x000001fae8ea5000 JavaThread "stderr" [_thread_in_native, id=27076, stack(0x000000dc87500000,0x000000dc87600000)]
  0x000001fae8e9f800 JavaThread "stdout" [_thread_in_native, id=24264, stack(0x000000dc87600000,0x000000dc87700000)]
  0x000001fae8ea7800 JavaThread "stderr" [_thread_in_native, id=24952, stack(0x000000dc87700000,0x000000dc87800000)]
  0x000001fae8ea1800 JavaThread "stdout" [_thread_in_native, id=7520, stack(0x000000dc87800000,0x000000dc87900000)]
  0x000001fae8ea8800 JavaThread "stderr" [_thread_in_native, id=4136, stack(0x000000dc87900000,0x000000dc87a00000)]
  0x000001fae8ea2800 JavaThread "stdout" [_thread_in_native, id=24352, stack(0x000000dc87a00000,0x000000dc87b00000)]

Other Threads:
=>0x000001fae19bf000 VMThread "VM Thread" [stack: 0x000000dcf5600000,0x000000dcf5700000] [id=27768]
  0x000001fae240d800 WatcherThread [stack: 0x000000dcf6000000,0x000000dcf6100000] [id=19780]
  0x000001fac7535000 GCTaskThread "GC Thread#0" [stack: 0x000000dcf5100000,0x000000dcf5200000] [id=19048]
  0x000001fae31d5000 GCTaskThread "GC Thread#1" [stack: 0x000000dcf6100000,0x000000dcf6200000] [id=17340]
  0x000001fae33ce800 GCTaskThread "GC Thread#2" [stack: 0x000000dcf6200000,0x000000dcf6300000] [id=3320]
  0x000001fae4a76800 GCTaskThread "GC Thread#3" [stack: 0x000000dcf6d00000,0x000000dcf6e00000] [id=16560]
  0x000001fae4a73000 GCTaskThread "GC Thread#4" [stack: 0x000000dcf6e00000,0x000000dcf6f00000] [id=8076]
  0x000001fae4b49800 GCTaskThread "GC Thread#5" [stack: 0x000000dcf6f00000,0x000000dcf7000000] [id=6020]
  0x000001fae4011800 GCTaskThread "GC Thread#6" [stack: 0x000000dcf7000000,0x000000dcf7100000] [id=22788]
  0x000001fae4012000 GCTaskThread "GC Thread#7" [stack: 0x000000dcf7100000,0x000000dcf7200000] [id=2224]
  0x000001fac7569800 ConcurrentGCThread "G1 Main Marker" [stack: 0x000000dcf5200000,0x000000dcf5300000] [id=27800]
  0x000001fac756a800 ConcurrentGCThread "G1 Conc#0" [stack: 0x000000dcf5300000,0x000000dcf5400000] [id=24664]
  0x000001fae48ed000 ConcurrentGCThread "G1 Conc#1" [stack: 0x000000dcf7500000,0x000000dcf7600000] [id=26272]
  0x000001fac75be000 ConcurrentGCThread "G1 Refine#0" [stack: 0x000000dcf5400000,0x000000dcf5500000] [id=8952]
  0x000001fae1825800 ConcurrentGCThread "G1 Young RemSet Sampling" [stack: 0x000000dcf5500000,0x000000dcf5600000] [id=25720]

Threads with active compile tasks:
C2 CompilerThread01574111 25971       4       com.android.tools.r8.graph.P0::m0 (37 bytes)
C1 CompilerThread01574111 25991 %     3       com.android.tools.r8.ir.regalloc.b::c @ 2070 (4031 bytes)
C2 CompilerThread11574111 25822       4       com.android.tools.r8.internal.Gf::e (297 bytes)

VM state:at safepoint (normal execution)

VM Mutex/Monitor currently owned by a thread:  ([mutex/lock_event])
[0x000001fac7516bb0] Threads_lock - owner thread: 0x000001fae19bf000
[0x000001fac7516e80] Heap_lock - owner thread: 0x000001faeb718000

Heap address: 0x0000000080000000, size: 2048 MB, Compressed Oops mode: 32-bit
Narrow klass base: 0x0000000000000000, Narrow klass shift: 3
Compressed class space size: 1073741824 Address: 0x0000000100000000

Heap:
 garbage-first heap   total 419840K, used 146800K [0x0000000080000000, 0x0000000100000000)
  region size 1024K, 9 young (9216K), 9 survivors (9216K)
 Metaspace       used 148238K, capacity 151999K, committed 152484K, reserved 1181696K
  class space    used 18025K, capacity 19513K, committed 19788K, reserved 1048576K
Heap Regions: E=young(eden), S=young(survivor), O=old, HS=humongous(starts), HC=humongous(continues), CS=collection set, F=free, A=archive, TAMS=top-at-mark-start (previous, next)
|   0|0x0000000080000000, 0x0000000080100000, 0x0000000080100000|100%| O|  |TAMS 0x0000000080100000, 0x0000000080000000| Untracked 
|   1|0x0000000080100000, 0x0000000080200000, 0x0000000080200000|100%| O|  |TAMS 0x0000000080200000, 0x0000000080100000| Untracked 
|   2|0x0000000080200000, 0x0000000080300000, 0x0000000080300000|100%| O|  |TAMS 0x0000000080200000, 0x0000000080200000| Untracked 
|   3|0x0000000080300000, 0x0000000080400000, 0x0000000080400000|100%|HS|  |TAMS 0x0000000080400000, 0x0000000080300000| Complete 
|   4|0x0000000080400000, 0x0000000080500000, 0x0000000080500000|100%|HC|  |TAMS 0x0000000080500000, 0x0000000080400000| Complete 
|   5|0x0000000080500000, 0x0000000080600000, 0x0000000080600000|100%|HC|  |TAMS 0x0000000080600000, 0x0000000080500000| Complete 
|   6|0x0000000080600000, 0x0000000080700000, 0x0000000080700000|100%| O|  |TAMS 0x0000000080700000, 0x0000000080600000| Untracked 
|   7|0x0000000080700000, 0x0000000080800000, 0x0000000080800000|100%| O|  |TAMS 0x0000000080800000, 0x0000000080700000| Untracked 
|   8|0x0000000080800000, 0x0000000080900000, 0x0000000080900000|100%| O|  |TAMS 0x0000000080900000, 0x0000000080800000| Untracked 
|   9|0x0000000080900000, 0x0000000080a00000, 0x0000000080a00000|100%| O|  |TAMS 0x0000000080a00000, 0x0000000080900000| Complete 
|  10|0x0000000080a00000, 0x0000000080b00000, 0x0000000080b00000|100%| O|  |TAMS 0x0000000080b00000, 0x0000000080a00000| Untracked 
|  11|0x0000000080b00000, 0x0000000080c00000, 0x0000000080c00000|100%| O|  |TAMS 0x0000000080c00000, 0x0000000080b00000| Untracked 
|  12|0x0000000080c00000, 0x0000000080d00000, 0x0000000080d00000|100%| O|  |TAMS 0x0000000080d00000, 0x0000000080c00000| Untracked 
|  13|0x0000000080d00000, 0x0000000080e00000, 0x0000000080e00000|100%| O|  |TAMS 0x0000000080e00000, 0x0000000080d00000| Untracked 
|  14|0x0000000080e00000, 0x0000000080f00000, 0x0000000080f00000|100%| O|  |TAMS 0x0000000080f00000, 0x0000000080e00000| Untracked 
|  15|0x0000000080f00000, 0x0000000081000000, 0x0000000081000000|100%| O|  |TAMS 0x0000000081000000, 0x0000000080f00000| Untracked 
|  16|0x0000000081000000, 0x0000000081100000, 0x0000000081100000|100%|HS|  |TAMS 0x0000000081100000, 0x0000000081000000| Complete 
|  17|0x0000000081100000, 0x0000000081200000, 0x0000000081200000|100%| O|  |TAMS 0x0000000081200000, 0x0000000081100000| Untracked 
|  18|0x0000000081200000, 0x0000000081300000, 0x0000000081300000|100%| O|  |TAMS 0x0000000081300000, 0x0000000081200000| Untracked 
|  19|0x0000000081300000, 0x0000000081400000, 0x0000000081400000|100%| O|  |TAMS 0x0000000081400000, 0x0000000081300000| Untracked 
|  20|0x0000000081400000, 0x0000000081500000, 0x0000000081500000|100%| O|  |TAMS 0x0000000081500000, 0x0000000081400000| Complete 
|  21|0x0000000081500000, 0x0000000081600000, 0x0000000081600000|100%| O|  |TAMS 0x0000000081600000, 0x0000000081500000| Complete 
|  22|0x0000000081600000, 0x0000000081700000, 0x0000000081700000|100%| O|  |TAMS 0x0000000081700000, 0x0000000081600000| Untracked 
|  23|0x0000000081700000, 0x0000000081800000, 0x0000000081800000|100%| O|  |TAMS 0x0000000081800000, 0x0000000081700000| Untracked 
|  24|0x0000000081800000, 0x0000000081900000, 0x0000000081900000|100%| O|  |TAMS 0x0000000081900000, 0x0000000081800000| Untracked 
|  25|0x0000000081900000, 0x0000000081a00000, 0x0000000081a00000|100%| O|  |TAMS 0x0000000081a00000, 0x0000000081900000| Untracked 
|  26|0x0000000081a00000, 0x0000000081b00000, 0x0000000081b00000|100%| O|  |TAMS 0x0000000081b00000, 0x0000000081a00000| Untracked 
|  27|0x0000000081b00000, 0x0000000081c00000, 0x0000000081c00000|100%| O|  |TAMS 0x0000000081c00000, 0x0000000081b00000| Untracked 
|  28|0x0000000081c00000, 0x0000000081d00000, 0x0000000081d00000|100%|HS|  |TAMS 0x0000000081d00000, 0x0000000081c00000| Complete 
|  29|0x0000000081d00000, 0x0000000081e00000, 0x0000000081e00000|100%|HS|  |TAMS 0x0000000081e00000, 0x0000000081d00000| Complete 
|  30|0x0000000081e00000, 0x0000000081f00000, 0x0000000081f00000|100%|HS|  |TAMS 0x0000000081f00000, 0x0000000081e00000| Complete 
|  31|0x0000000081f00000, 0x0000000082000000, 0x0000000082000000|100%|HC|  |TAMS 0x0000000082000000, 0x0000000081f00000| Complete 
|  32|0x0000000082000000, 0x0000000082100000, 0x0000000082100000|100%|HC|  |TAMS 0x0000000082100000, 0x0000000082000000| Complete 
|  33|0x0000000082100000, 0x0000000082200000, 0x0000000082200000|100%|HC|  |TAMS 0x0000000082200000, 0x0000000082100000| Complete 
|  34|0x0000000082200000, 0x0000000082300000, 0x0000000082300000|100%|HS|  |TAMS 0x0000000082300000, 0x0000000082200000| Complete 
|  35|0x0000000082300000, 0x0000000082400000, 0x0000000082400000|100%|HC|  |TAMS 0x0000000082400000, 0x0000000082300000| Complete 
|  36|0x0000000082400000, 0x0000000082500000, 0x0000000082500000|100%| O|  |TAMS 0x0000000082500000, 0x0000000082400000| Complete 
|  37|0x0000000082500000, 0x0000000082600000, 0x0000000082600000|100%| O|  |TAMS 0x0000000082600000, 0x0000000082500000| Complete 
|  38|0x0000000082600000, 0x0000000082700000, 0x0000000082700000|100%| O|  |TAMS 0x0000000082600000, 0x0000000082600000| Untracked 
|  39|0x0000000082700000, 0x0000000082800000, 0x0000000082800000|100%| O|  |TAMS 0x0000000082800000, 0x0000000082700000| Untracked 
|  40|0x0000000082800000, 0x0000000082900000, 0x0000000082900000|100%| O|  |TAMS 0x0000000082900000, 0x0000000082800000| Untracked 
|  41|0x0000000082900000, 0x0000000082a00000, 0x0000000082a00000|100%| O|  |TAMS 0x0000000082a00000, 0x0000000082900000| Untracked 
|  42|0x0000000082a00000, 0x0000000082a5c200, 0x0000000082b00000| 35%| O|  |TAMS 0x0000000082a00000, 0x0000000082a00000| Untracked 
|  43|0x0000000082b00000, 0x0000000082c00000, 0x0000000082c00000|100%| O|  |TAMS 0x0000000082c00000, 0x0000000082b00000| Complete 
|  44|0x0000000082c00000, 0x0000000082d00000, 0x0000000082d00000|100%| O|  |TAMS 0x0000000082d00000, 0x0000000082c00000| Complete 
|  45|0x0000000082d00000, 0x0000000082e00000, 0x0000000082e00000|100%| O|  |TAMS 0x0000000082e00000, 0x0000000082d00000| Complete 
|  46|0x0000000082e00000, 0x0000000082f00000, 0x0000000082f00000|100%| O|  |TAMS 0x0000000082f00000, 0x0000000082e00000| Untracked 
|  47|0x0000000082f00000, 0x0000000083000000, 0x0000000083000000|100%| O|  |TAMS 0x0000000083000000, 0x0000000082f00000| Complete 
|  48|0x0000000083000000, 0x0000000083100000, 0x0000000083100000|100%| O|  |TAMS 0x0000000083100000, 0x0000000083000000| Untracked 
|  49|0x0000000083100000, 0x0000000083200000, 0x0000000083200000|100%| O|  |TAMS 0x0000000083200000, 0x0000000083100000| Untracked 
|  50|0x0000000083200000, 0x0000000083300000, 0x0000000083300000|100%| O|  |TAMS 0x0000000083300000, 0x0000000083200000| Untracked 
|  51|0x0000000083300000, 0x0000000083400000, 0x0000000083400000|100%| O|  |TAMS 0x0000000083400000, 0x0000000083300000| Untracked 
|  52|0x0000000083400000, 0x0000000083500000, 0x0000000083500000|100%| O|  |TAMS 0x0000000083500000, 0x0000000083400000| Untracked 
|  53|0x0000000083500000, 0x0000000083600000, 0x0000000083600000|100%| O|  |TAMS 0x0000000083600000, 0x0000000083500000| Complete 
|  54|0x0000000083600000, 0x0000000083700000, 0x0000000083700000|100%| O|  |TAMS 0x0000000083700000, 0x0000000083600000| Complete 
|  55|0x0000000083700000, 0x0000000083800000, 0x0000000083800000|100%| O|  |TAMS 0x0000000083800000, 0x0000000083700000| Untracked 
|  56|0x0000000083800000, 0x0000000083900000, 0x0000000083900000|100%| O|  |TAMS 0x0000000083900000, 0x0000000083800000| Untracked 
|  57|0x0000000083900000, 0x0000000083a00000, 0x0000000083a00000|100%| O|  |TAMS 0x0000000083a00000, 0x0000000083900000| Untracked 
|  58|0x0000000083a00000, 0x0000000083b00000, 0x0000000083b00000|100%| O|  |TAMS 0x0000000083b00000, 0x0000000083a00000| Untracked 
|  59|0x0000000083b00000, 0x0000000083c00000, 0x0000000083c00000|100%| O|  |TAMS 0x0000000083c00000, 0x0000000083b00000| Untracked 
|  60|0x0000000083c00000, 0x0000000083d00000, 0x0000000083d00000|100%| O|  |TAMS 0x0000000083d00000, 0x0000000083c00000| Complete 
|  61|0x0000000083d00000, 0x0000000083e00000, 0x0000000083e00000|100%| O|  |TAMS 0x0000000083e00000, 0x0000000083d00000| Untracked 
|  62|0x0000000083e00000, 0x0000000083f00000, 0x0000000083f00000|100%| O|  |TAMS 0x0000000083f00000, 0x0000000083e00000| Untracked 
|  63|0x0000000083f00000, 0x0000000084000000, 0x0000000084000000|100%| O|  |TAMS 0x0000000084000000, 0x0000000083f00000| Complete 
|  64|0x0000000084000000, 0x0000000084100000, 0x0000000084100000|100%| O|  |TAMS 0x0000000084100000, 0x0000000084000000| Complete 
|  65|0x0000000084100000, 0x0000000084200000, 0x0000000084200000|100%| O|  |TAMS 0x0000000084200000, 0x0000000084100000| Complete 
|  66|0x0000000084200000, 0x0000000084300000, 0x0000000084300000|100%| O|  |TAMS 0x0000000084300000, 0x0000000084200000| Complete 
|  67|0x0000000084300000, 0x0000000084400000, 0x0000000084400000|100%| O|  |TAMS 0x0000000084400000, 0x0000000084300000| Complete 
|  68|0x0000000084400000, 0x0000000084500000, 0x0000000084500000|100%| O|  |TAMS 0x0000000084500000, 0x0000000084400000| Complete 
|  69|0x0000000084500000, 0x0000000084600000, 0x0000000084600000|100%| O|  |TAMS 0x0000000084600000, 0x0000000084500000| Complete 
|  70|0x0000000084600000, 0x0000000084700000, 0x0000000084700000|100%| O|  |TAMS 0x0000000084700000, 0x0000000084600000| Untracked 
|  71|0x0000000084700000, 0x0000000084700000, 0x0000000084800000|  0%| F|  |TAMS 0x0000000084700000, 0x0000000084700000| Untracked 
|  72|0x0000000084800000, 0x0000000084900000, 0x0000000084900000|100%| O|  |TAMS 0x0000000084900000, 0x0000000084800000| Complete 
|  73|0x0000000084900000, 0x0000000084a00000, 0x0000000084a00000|100%| O|  |TAMS 0x0000000084a00000, 0x0000000084900000| Complete 
|  74|0x0000000084a00000, 0x0000000084b00000, 0x0000000084b00000|100%| O|  |TAMS 0x0000000084b00000, 0x0000000084a00000| Untracked 
|  75|0x0000000084b00000, 0x0000000084c00000, 0x0000000084c00000|100%| O|  |TAMS 0x0000000084c00000, 0x0000000084b00000| Complete 
|  76|0x0000000084c00000, 0x0000000084d00000, 0x0000000084d00000|100%| O|  |TAMS 0x0000000084d00000, 0x0000000084c00000| Complete 
|  77|0x0000000084d00000, 0x0000000084e00000, 0x0000000084e00000|100%| O|  |TAMS 0x0000000084e00000, 0x0000000084d00000| Complete 
|  78|0x0000000084e00000, 0x0000000084f00000, 0x0000000084f00000|100%| O|  |TAMS 0x0000000084f00000, 0x0000000084e00000| Complete 
|  79|0x0000000084f00000, 0x0000000085000000, 0x0000000085000000|100%| O|  |TAMS 0x0000000085000000, 0x0000000084f00000| Complete 
|  80|0x0000000085000000, 0x0000000085100000, 0x0000000085100000|100%| O|  |TAMS 0x0000000085100000, 0x0000000085000000| Complete 
|  81|0x0000000085100000, 0x0000000085200000, 0x0000000085200000|100%| O|  |TAMS 0x0000000085200000, 0x0000000085100000| Untracked 
|  82|0x0000000085200000, 0x0000000085300000, 0x0000000085300000|100%| O|  |TAMS 0x0000000085300000, 0x0000000085200000| Untracked 
|  83|0x0000000085300000, 0x0000000085400000, 0x0000000085400000|100%| O|  |TAMS 0x0000000085400000, 0x0000000085300000| Complete 
|  84|0x0000000085400000, 0x0000000085500000, 0x0000000085500000|100%| O|  |TAMS 0x0000000085500000, 0x0000000085400000| Complete 
|  85|0x0000000085500000, 0x0000000085600000, 0x0000000085600000|100%| O|  |TAMS 0x0000000085600000, 0x0000000085500000| Untracked 
|  86|0x0000000085600000, 0x0000000085600000, 0x0000000085700000|  0%| F|  |TAMS 0x0000000085600000, 0x0000000085600000| Untracked 
|  87|0x0000000085700000, 0x0000000085800000, 0x0000000085800000|100%| O|  |TAMS 0x0000000085800000, 0x0000000085700000| Complete 
|  88|0x0000000085800000, 0x0000000085900000, 0x0000000085900000|100%| O|  |TAMS 0x000000008589be00, 0x0000000085800000| Untracked 
|  89|0x0000000085900000, 0x0000000085a00000, 0x0000000085a00000|100%| O|  |TAMS 0x0000000085a00000, 0x0000000085900000| Complete 
|  90|0x0000000085a00000, 0x0000000085b00000, 0x0000000085b00000|100%| O|  |TAMS 0x0000000085b00000, 0x0000000085a00000| Complete 
|  91|0x0000000085b00000, 0x0000000085c00000, 0x0000000085c00000|100%| O|  |TAMS 0x0000000085c00000, 0x0000000085b00000| Untracked 
|  92|0x0000000085c00000, 0x0000000085c00000, 0x0000000085d00000|  0%| F|  |TAMS 0x0000000085c00000, 0x0000000085c00000| Untracked 
|  93|0x0000000085d00000, 0x0000000085d00000, 0x0000000085e00000|  0%| F|  |TAMS 0x0000000085d00000, 0x0000000085d00000| Untracked 
|  94|0x0000000085e00000, 0x0000000085f00000, 0x0000000085f00000|100%| O|  |TAMS 0x0000000085f00000, 0x0000000085e00000| Untracked 
|  95|0x0000000085f00000, 0x0000000086000000, 0x0000000086000000|100%| O|  |TAMS 0x0000000086000000, 0x0000000085f00000| Untracked 
|  96|0x0000000086000000, 0x0000000086100000, 0x0000000086100000|100%| O|  |TAMS 0x0000000086100000, 0x0000000086000000| Untracked 
|  97|0x0000000086100000, 0x0000000086100000, 0x0000000086200000|  0%| F|  |TAMS 0x0000000086100000, 0x0000000086100000| Untracked 
|  98|0x0000000086200000, 0x0000000086300000, 0x0000000086300000|100%| O|  |TAMS 0x0000000086300000, 0x0000000086200000| Untracked 
|  99|0x0000000086300000, 0x0000000086400000, 0x0000000086400000|100%| O|  |TAMS 0x0000000086400000, 0x0000000086300000| Complete 
| 100|0x0000000086400000, 0x0000000086500000, 0x0000000086500000|100%| O|  |TAMS 0x0000000086500000, 0x0000000086400000| Complete 
| 101|0x0000000086500000, 0x0000000086600000, 0x0000000086600000|100%| O|  |TAMS 0x0000000086600000, 0x0000000086500000| Untracked 
| 102|0x0000000086600000, 0x0000000086700000, 0x0000000086700000|100%| O|  |TAMS 0x0000000086700000, 0x0000000086600000| Untracked 
| 103|0x0000000086700000, 0x0000000086800000, 0x0000000086800000|100%| O|  |TAMS 0x0000000086800000, 0x0000000086700000| Complete 
| 104|0x0000000086800000, 0x0000000086900000, 0x0000000086900000|100%| O|  |TAMS 0x0000000086900000, 0x0000000086800000| Untracked 
| 105|0x0000000086900000, 0x0000000086a00000, 0x0000000086a00000|100%| O|  |TAMS 0x0000000086a00000, 0x0000000086900000| Complete 
| 106|0x0000000086a00000, 0x0000000086b00000, 0x0000000086b00000|100%| O|  |TAMS 0x0000000086b00000, 0x0000000086a00000| Untracked 
| 107|0x0000000086b00000, 0x0000000086c00000, 0x0000000086c00000|100%| O|  |TAMS 0x0000000086c00000, 0x0000000086b00000| Untracked 
| 108|0x0000000086c00000, 0x0000000086d00000, 0x0000000086d00000|100%| O|  |TAMS 0x0000000086d00000, 0x0000000086c00000| Untracked 
| 109|0x0000000086d00000, 0x0000000086e00000, 0x0000000086e00000|100%| O|  |TAMS 0x0000000086e00000, 0x0000000086d00000| Untracked 
| 110|0x0000000086e00000, 0x0000000086f00000, 0x0000000086f00000|100%| O|  |TAMS 0x0000000086f00000, 0x0000000086e00000| Complete 
| 111|0x0000000086f00000, 0x0000000087000000, 0x0000000087000000|100%| O|  |TAMS 0x0000000087000000, 0x0000000086f00000| Complete 
| 112|0x0000000087000000, 0x0000000087100000, 0x0000000087100000|100%| O|  |TAMS 0x0000000087100000, 0x0000000087000000| Untracked 
| 113|0x0000000087100000, 0x0000000087200000, 0x0000000087200000|100%| O|  |TAMS 0x0000000087200000, 0x0000000087100000| Complete 
| 114|0x0000000087200000, 0x0000000087300000, 0x0000000087300000|100%| O|  |TAMS 0x0000000087300000, 0x0000000087200000| Untracked 
| 115|0x0000000087300000, 0x0000000087400000, 0x0000000087400000|100%| O|  |TAMS 0x0000000087400000, 0x0000000087300000| Complete 
| 116|0x0000000087400000, 0x0000000087500000, 0x0000000087500000|100%| O|  |TAMS 0x0000000087500000, 0x0000000087400000| Complete 
| 117|0x0000000087500000, 0x0000000087500000, 0x0000000087600000|  0%| F|  |TAMS 0x0000000087500000, 0x0000000087500000| Untracked 
| 118|0x0000000087600000, 0x0000000087700000, 0x0000000087700000|100%| O|  |TAMS 0x0000000087700000, 0x0000000087600000| Untracked 
| 119|0x0000000087700000, 0x0000000087800000, 0x0000000087800000|100%| O|  |TAMS 0x0000000087800000, 0x0000000087700000| Complete 
| 120|0x0000000087800000, 0x0000000087900000, 0x0000000087900000|100%| O|  |TAMS 0x0000000087900000, 0x0000000087800000| Complete 
| 121|0x0000000087900000, 0x0000000087900000, 0x0000000087a00000|  0%| F|  |TAMS 0x0000000087900000, 0x0000000087900000| Untracked 
| 122|0x0000000087a00000, 0x0000000087a00000, 0x0000000087b00000|  0%| F|  |TAMS 0x0000000087a00000, 0x0000000087a00000| Untracked 
| 123|0x0000000087b00000, 0x0000000087c00000, 0x0000000087c00000|100%| O|  |TAMS 0x0000000087c00000, 0x0000000087b00000| Untracked 
| 124|0x0000000087c00000, 0x0000000087d00000, 0x0000000087d00000|100%| O|  |TAMS 0x0000000087d00000, 0x0000000087c00000| Complete 
| 125|0x0000000087d00000, 0x0000000087e00000, 0x0000000087e00000|100%| O|  |TAMS 0x0000000087e00000, 0x0000000087d00000| Complete 
| 126|0x0000000087e00000, 0x0000000087e00000, 0x0000000087f00000|  0%| F|  |TAMS 0x0000000087e00000, 0x0000000087e00000| Untracked 
| 127|0x0000000087f00000, 0x0000000087f00000, 0x0000000088000000|  0%| F|  |TAMS 0x0000000087f00000, 0x0000000087f00000| Untracked 
| 128|0x0000000088000000, 0x0000000088100000, 0x0000000088100000|100%| O|  |TAMS 0x0000000088100000, 0x0000000088000000| Complete 
| 129|0x0000000088100000, 0x0000000088100000, 0x0000000088200000|  0%| F|  |TAMS 0x0000000088100000, 0x0000000088100000| Untracked 
| 130|0x0000000088200000, 0x0000000088200000, 0x0000000088300000|  0%| F|  |TAMS 0x0000000088200000, 0x0000000088200000| Untracked 
| 131|0x0000000088300000, 0x0000000088300000, 0x0000000088400000|  0%| F|  |TAMS 0x0000000088300000, 0x0000000088300000| Untracked 
| 132|0x0000000088400000, 0x0000000088500000, 0x0000000088500000|100%| O|  |TAMS 0x0000000088500000, 0x0000000088400000| Complete 
| 133|0x0000000088500000, 0x0000000088500000, 0x0000000088600000|  0%| F|  |TAMS 0x0000000088500000, 0x0000000088500000| Untracked 
| 134|0x0000000088600000, 0x0000000088600000, 0x0000000088700000|  0%| F|  |TAMS 0x0000000088600000, 0x0000000088600000| Untracked 
| 135|0x0000000088700000, 0x0000000088700000, 0x0000000088800000|  0%| F|  |TAMS 0x0000000088700000, 0x0000000088700000| Untracked 
| 136|0x0000000088800000, 0x0000000088800000, 0x0000000088900000|  0%| F|  |TAMS 0x0000000088800000, 0x0000000088800000| Untracked 
| 137|0x0000000088900000, 0x0000000088900000, 0x0000000088a00000|  0%| F|  |TAMS 0x0000000088900000, 0x0000000088900000| Untracked 
| 138|0x0000000088a00000, 0x0000000088a00000, 0x0000000088b00000|  0%| F|  |TAMS 0x0000000088a00000, 0x0000000088a00000| Untracked 
| 139|0x0000000088b00000, 0x0000000088b00000, 0x0000000088c00000|  0%| F|  |TAMS 0x0000000088b00000, 0x0000000088b00000| Untracked 
| 140|0x0000000088c00000, 0x0000000088d00000, 0x0000000088d00000|100%| O|  |TAMS 0x0000000088d00000, 0x0000000088c00000| Complete 
| 141|0x0000000088d00000, 0x0000000088e00000, 0x0000000088e00000|100%| O|  |TAMS 0x0000000088e00000, 0x0000000088d00000| Complete 
| 142|0x0000000088e00000, 0x0000000088e00000, 0x0000000088f00000|  0%| F|  |TAMS 0x0000000088e00000, 0x0000000088e00000| Untracked 
| 143|0x0000000088f00000, 0x0000000088f00000, 0x0000000089000000|  0%| F|  |TAMS 0x0000000088f00000, 0x0000000088f00000| Untracked 
| 144|0x0000000089000000, 0x0000000089100000, 0x0000000089100000|100%| O|  |TAMS 0x0000000089100000, 0x0000000089000000| Complete 
| 145|0x0000000089100000, 0x0000000089200000, 0x0000000089200000|100%| O|  |TAMS 0x0000000089200000, 0x0000000089100000| Complete 
| 146|0x0000000089200000, 0x0000000089300000, 0x0000000089300000|100%| O|  |TAMS 0x0000000089300000, 0x0000000089200000| Complete 
| 147|0x0000000089300000, 0x0000000089400000, 0x0000000089400000|100%| O|  |TAMS 0x0000000089400000, 0x0000000089300000| Complete 
| 148|0x0000000089400000, 0x0000000089500000, 0x0000000089500000|100%| O|  |TAMS 0x0000000089500000, 0x0000000089400000| Complete 
| 149|0x0000000089500000, 0x0000000089600000, 0x0000000089600000|100%| O|  |TAMS 0x0000000089600000, 0x0000000089500000| Complete 
| 150|0x0000000089600000, 0x0000000089700000, 0x0000000089700000|100%| O|  |TAMS 0x0000000089700000, 0x0000000089600000| Complete 
| 151|0x0000000089700000, 0x0000000089800000, 0x0000000089800000|100%| O|  |TAMS 0x0000000089800000, 0x0000000089700000| Complete 
| 152|0x0000000089800000, 0x0000000089800000, 0x0000000089900000|  0%| F|  |TAMS 0x0000000089800000, 0x0000000089800000| Untracked 
| 153|0x0000000089900000, 0x0000000089900000, 0x0000000089a00000|  0%| F|  |TAMS 0x0000000089900000, 0x0000000089900000| Untracked 
| 154|0x0000000089a00000, 0x0000000089a00000, 0x0000000089b00000|  0%| F|  |TAMS 0x0000000089a00000, 0x0000000089a00000| Untracked 
| 155|0x0000000089b00000, 0x0000000089b00000, 0x0000000089c00000|  0%| F|  |TAMS 0x0000000089b00000, 0x0000000089b00000| Untracked 
| 156|0x0000000089c00000, 0x0000000089c00000, 0x0000000089d00000|  0%| F|  |TAMS 0x0000000089c00000, 0x0000000089c00000| Untracked 
| 157|0x0000000089d00000, 0x0000000089d00000, 0x0000000089e00000|  0%| F|  |TAMS 0x0000000089d00000, 0x0000000089d00000| Untracked 
| 158|0x0000000089e00000, 0x0000000089e00000, 0x0000000089f00000|  0%| F|  |TAMS 0x0000000089e00000, 0x0000000089e00000| Untracked 
| 159|0x0000000089f00000, 0x0000000089f00000, 0x000000008a000000|  0%| F|  |TAMS 0x0000000089f00000, 0x0000000089f00000| Untracked 
| 160|0x000000008a000000, 0x000000008a000000, 0x000000008a100000|  0%| F|  |TAMS 0x000000008a000000, 0x000000008a000000| Untracked 
| 161|0x000000008a100000, 0x000000008a100000, 0x000000008a200000|  0%| F|  |TAMS 0x000000008a100000, 0x000000008a100000| Untracked 
| 162|0x000000008a200000, 0x000000008a200000, 0x000000008a300000|  0%| F|  |TAMS 0x000000008a200000, 0x000000008a200000| Untracked 
| 163|0x000000008a300000, 0x000000008a400000, 0x000000008a400000|100%| O|  |TAMS 0x000000008a400000, 0x000000008a300000| Complete 
| 164|0x000000008a400000, 0x000000008a500000, 0x000000008a500000|100%| O|  |TAMS 0x000000008a500000, 0x000000008a400000| Complete 
| 165|0x000000008a500000, 0x000000008a500000, 0x000000008a600000|  0%| F|  |TAMS 0x000000008a500000, 0x000000008a500000| Untracked 
| 166|0x000000008a600000, 0x000000008a700000, 0x000000008a700000|100%| O|  |TAMS 0x000000008a700000, 0x000000008a600000| Complete 
| 167|0x000000008a700000, 0x000000008a800000, 0x000000008a800000|100%| O|  |TAMS 0x000000008a800000, 0x000000008a700000| Untracked 
| 168|0x000000008a800000, 0x000000008a900000, 0x000000008a900000|100%| O|  |TAMS 0x000000008a900000, 0x000000008a800000| Untracked 
| 169|0x000000008a900000, 0x000000008a900000, 0x000000008aa00000|  0%| F|  |TAMS 0x000000008a900000, 0x000000008a900000| Untracked 
| 170|0x000000008aa00000, 0x000000008aa00000, 0x000000008ab00000|  0%| F|  |TAMS 0x000000008aa00000, 0x000000008aa00000| Untracked 
| 171|0x000000008ab00000, 0x000000008ab00000, 0x000000008ac00000|  0%| F|  |TAMS 0x000000008ab00000, 0x000000008ab00000| Untracked 
| 172|0x000000008ac00000, 0x000000008ac00000, 0x000000008ad00000|  0%| F|  |TAMS 0x000000008ac00000, 0x000000008ac00000| Untracked 
| 173|0x000000008ad00000, 0x000000008ad00000, 0x000000008ae00000|  0%| F|  |TAMS 0x000000008ad00000, 0x000000008ad00000| Untracked 
| 174|0x000000008ae00000, 0x000000008ae00000, 0x000000008af00000|  0%| F|  |TAMS 0x000000008ae00000, 0x000000008ae00000| Untracked 
| 175|0x000000008af00000, 0x000000008af00000, 0x000000008b000000|  0%| F|  |TAMS 0x000000008af00000, 0x000000008af00000| Untracked 
| 176|0x000000008b000000, 0x000000008b000000, 0x000000008b100000|  0%| F|  |TAMS 0x000000008b000000, 0x000000008b000000| Untracked 
| 177|0x000000008b100000, 0x000000008b100000, 0x000000008b200000|  0%| F|  |TAMS 0x000000008b100000, 0x000000008b100000| Untracked 
| 178|0x000000008b200000, 0x000000008b200000, 0x000000008b300000|  0%| F|  |TAMS 0x000000008b200000, 0x000000008b200000| Untracked 
| 179|0x000000008b300000, 0x000000008b300000, 0x000000008b400000|  0%| F|  |TAMS 0x000000008b300000, 0x000000008b300000| Untracked 
| 180|0x000000008b400000, 0x000000008b400000, 0x000000008b500000|  0%| F|  |TAMS 0x000000008b400000, 0x000000008b400000| Untracked 
| 181|0x000000008b500000, 0x000000008b500000, 0x000000008b600000|  0%| F|  |TAMS 0x000000008b500000, 0x000000008b500000| Untracked 
| 182|0x000000008b600000, 0x000000008b600000, 0x000000008b700000|  0%| F|  |TAMS 0x000000008b600000, 0x000000008b600000| Untracked 
| 183|0x000000008b700000, 0x000000008b700000, 0x000000008b800000|  0%| F|  |TAMS 0x000000008b700000, 0x000000008b700000| Untracked 
| 184|0x000000008b800000, 0x000000008b800000, 0x000000008b900000|  0%| F|  |TAMS 0x000000008b800000, 0x000000008b800000| Untracked 
| 185|0x000000008b900000, 0x000000008b900000, 0x000000008ba00000|  0%| F|  |TAMS 0x000000008b900000, 0x000000008b900000| Untracked 
| 186|0x000000008ba00000, 0x000000008ba00000, 0x000000008bb00000|  0%| F|  |TAMS 0x000000008ba00000, 0x000000008ba00000| Untracked 
| 187|0x000000008bb00000, 0x000000008bb00000, 0x000000008bc00000|  0%| F|  |TAMS 0x000000008bb00000, 0x000000008bb00000| Untracked 
| 188|0x000000008bc00000, 0x000000008bc00000, 0x000000008bd00000|  0%| F|  |TAMS 0x000000008bc00000, 0x000000008bc00000| Untracked 
| 189|0x000000008bd00000, 0x000000008bd00000, 0x000000008be00000|  0%| F|  |TAMS 0x000000008bd00000, 0x000000008bd00000| Untracked 
| 190|0x000000008be00000, 0x000000008bf00000, 0x000000008bf00000|100%| S|CS|TAMS 0x000000008be00000, 0x000000008be00000| Complete 
| 191|0x000000008bf00000, 0x000000008c000000, 0x000000008c000000|100%| S|CS|TAMS 0x000000008bf00000, 0x000000008bf00000| Complete 
| 192|0x000000008c000000, 0x000000008c100000, 0x000000008c100000|100%| S|CS|TAMS 0x000000008c000000, 0x000000008c000000| Complete 
| 193|0x000000008c100000, 0x000000008c200000, 0x000000008c200000|100%| S|CS|TAMS 0x000000008c100000, 0x000000008c100000| Complete 
| 194|0x000000008c200000, 0x000000008c300000, 0x000000008c300000|100%| S|CS|TAMS 0x000000008c200000, 0x000000008c200000| Complete 
| 195|0x000000008c300000, 0x000000008c400000, 0x000000008c400000|100%| S|CS|TAMS 0x000000008c300000, 0x000000008c300000| Complete 
| 196|0x000000008c400000, 0x000000008c500000, 0x000000008c500000|100%| S|CS|TAMS 0x000000008c400000, 0x000000008c400000| Complete 
| 197|0x000000008c500000, 0x000000008c600000, 0x000000008c600000|100%| S|CS|TAMS 0x000000008c500000, 0x000000008c500000| Complete 
| 198|0x000000008c600000, 0x000000008c600000, 0x000000008c700000|  0%| F|  |TAMS 0x000000008c600000, 0x000000008c600000| Untracked 
| 199|0x000000008c700000, 0x000000008c700000, 0x000000008c800000|  0%| F|  |TAMS 0x000000008c700000, 0x000000008c700000| Untracked 
| 200|0x000000008c800000, 0x000000008c800000, 0x000000008c900000|  0%| F|  |TAMS 0x000000008c800000, 0x000000008c800000| Untracked 
| 201|0x000000008c900000, 0x000000008c900000, 0x000000008ca00000|  0%| F|  |TAMS 0x000000008c900000, 0x000000008c900000| Untracked 
| 202|0x000000008ca00000, 0x000000008ca00000, 0x000000008cb00000|  0%| F|  |TAMS 0x000000008ca00000, 0x000000008ca00000| Untracked 
| 203|0x000000008cb00000, 0x000000008cb00000, 0x000000008cc00000|  0%| F|  |TAMS 0x000000008cb00000, 0x000000008cb00000| Untracked 
| 204|0x000000008cc00000, 0x000000008cd00000, 0x000000008cd00000|100%| S|CS|TAMS 0x000000008cc00000, 0x000000008cc00000| Complete 
| 205|0x000000008cd00000, 0x000000008cd00000, 0x000000008ce00000|  0%| F|  |TAMS 0x000000008cd00000, 0x000000008cd00000| Untracked 
| 206|0x000000008ce00000, 0x000000008ce00000, 0x000000008cf00000|  0%| F|  |TAMS 0x000000008ce00000, 0x000000008ce00000| Untracked 
| 207|0x000000008cf00000, 0x000000008cf00000, 0x000000008d000000|  0%| F|  |TAMS 0x000000008cf00000, 0x000000008cf00000| Untracked 
| 208|0x000000008d000000, 0x000000008d000000, 0x000000008d100000|  0%| F|  |TAMS 0x000000008d000000, 0x000000008d000000| Untracked 
| 209|0x000000008d100000, 0x000000008d100000, 0x000000008d200000|  0%| F|  |TAMS 0x000000008d100000, 0x000000008d100000| Untracked 
| 210|0x000000008d200000, 0x000000008d200000, 0x000000008d300000|  0%| F|  |TAMS 0x000000008d200000, 0x000000008d200000| Untracked 
| 211|0x000000008d300000, 0x000000008d300000, 0x000000008d400000|  0%| F|  |TAMS 0x000000008d300000, 0x000000008d300000| Untracked 
| 212|0x000000008d400000, 0x000000008d400000, 0x000000008d500000|  0%| F|  |TAMS 0x000000008d400000, 0x000000008d400000| Untracked 
| 213|0x000000008d500000, 0x000000008d500000, 0x000000008d600000|  0%| F|  |TAMS 0x000000008d500000, 0x000000008d500000| Untracked 
| 214|0x000000008d600000, 0x000000008d600000, 0x000000008d700000|  0%| F|  |TAMS 0x000000008d600000, 0x000000008d600000| Untracked 
| 215|0x000000008d700000, 0x000000008d700000, 0x000000008d800000|  0%| F|  |TAMS 0x000000008d700000, 0x000000008d700000| Untracked 
| 216|0x000000008d800000, 0x000000008d800000, 0x000000008d900000|  0%| F|  |TAMS 0x000000008d800000, 0x000000008d800000| Untracked 
| 217|0x000000008d900000, 0x000000008d900000, 0x000000008da00000|  0%| F|  |TAMS 0x000000008d900000, 0x000000008d900000| Untracked 
| 218|0x000000008da00000, 0x000000008da00000, 0x000000008db00000|  0%| F|  |TAMS 0x000000008da00000, 0x000000008da00000| Untracked 
| 219|0x000000008db00000, 0x000000008db00000, 0x000000008dc00000|  0%| F|  |TAMS 0x000000008db00000, 0x000000008db00000| Untracked 
| 220|0x000000008dc00000, 0x000000008dc00000, 0x000000008dd00000|  0%| F|  |TAMS 0x000000008dc00000, 0x000000008dc00000| Untracked 
| 221|0x000000008dd00000, 0x000000008dd00000, 0x000000008de00000|  0%| F|  |TAMS 0x000000008dd00000, 0x000000008dd00000| Untracked 
| 222|0x000000008de00000, 0x000000008de00000, 0x000000008df00000|  0%| F|  |TAMS 0x000000008de00000, 0x000000008de00000| Untracked 
| 223|0x000000008df00000, 0x000000008df00000, 0x000000008e000000|  0%| F|  |TAMS 0x000000008df00000, 0x000000008df00000| Untracked 
| 224|0x000000008e000000, 0x000000008e000000, 0x000000008e100000|  0%| F|  |TAMS 0x000000008e000000, 0x000000008e000000| Untracked 
| 225|0x000000008e100000, 0x000000008e100000, 0x000000008e200000|  0%| F|  |TAMS 0x000000008e100000, 0x000000008e100000| Untracked 
| 226|0x000000008e200000, 0x000000008e200000, 0x000000008e300000|  0%| F|  |TAMS 0x000000008e200000, 0x000000008e200000| Untracked 
| 227|0x000000008e300000, 0x000000008e300000, 0x000000008e400000|  0%| F|  |TAMS 0x000000008e300000, 0x000000008e300000| Untracked 
| 228|0x000000008e400000, 0x000000008e400000, 0x000000008e500000|  0%| F|  |TAMS 0x000000008e400000, 0x000000008e400000| Untracked 
| 229|0x000000008e500000, 0x000000008e500000, 0x000000008e600000|  0%| F|  |TAMS 0x000000008e500000, 0x000000008e500000| Untracked 
| 230|0x000000008e600000, 0x000000008e600000, 0x000000008e700000|  0%| F|  |TAMS 0x000000008e600000, 0x000000008e600000| Untracked 
| 231|0x000000008e700000, 0x000000008e700000, 0x000000008e800000|  0%| F|  |TAMS 0x000000008e700000, 0x000000008e700000| Untracked 
| 232|0x000000008e800000, 0x000000008e800000, 0x000000008e900000|  0%| F|  |TAMS 0x000000008e800000, 0x000000008e800000| Untracked 
| 233|0x000000008e900000, 0x000000008e900000, 0x000000008ea00000|  0%| F|  |TAMS 0x000000008e900000, 0x000000008e900000| Untracked 
| 234|0x000000008ea00000, 0x000000008ea00000, 0x000000008eb00000|  0%| F|  |TAMS 0x000000008ea00000, 0x000000008ea00000| Untracked 
| 235|0x000000008eb00000, 0x000000008eb00000, 0x000000008ec00000|  0%| F|  |TAMS 0x000000008eb00000, 0x000000008eb00000| Untracked 
| 236|0x000000008ec00000, 0x000000008ec00000, 0x000000008ed00000|  0%| F|  |TAMS 0x000000008ec00000, 0x000000008ec00000| Untracked 
| 237|0x000000008ed00000, 0x000000008ed00000, 0x000000008ee00000|  0%| F|  |TAMS 0x000000008ed00000, 0x000000008ed00000| Untracked 
| 238|0x000000008ee00000, 0x000000008ee00000, 0x000000008ef00000|  0%| F|  |TAMS 0x000000008ee00000, 0x000000008ee00000| Untracked 
| 239|0x000000008ef00000, 0x000000008ef00000, 0x000000008f000000|  0%| F|  |TAMS 0x000000008ef00000, 0x000000008ef00000| Untracked 
| 240|0x000000008f000000, 0x000000008f000000, 0x000000008f100000|  0%| F|  |TAMS 0x000000008f000000, 0x000000008f000000| Untracked 
| 241|0x000000008f100000, 0x000000008f100000, 0x000000008f200000|  0%| F|  |TAMS 0x000000008f100000, 0x000000008f100000| Untracked 
| 242|0x000000008f200000, 0x000000008f200000, 0x000000008f300000|  0%| F|  |TAMS 0x000000008f200000, 0x000000008f200000| Untracked 
| 243|0x000000008f300000, 0x000000008f300000, 0x000000008f400000|  0%| F|  |TAMS 0x000000008f300000, 0x000000008f300000| Untracked 
| 244|0x000000008f400000, 0x000000008f400000, 0x000000008f500000|  0%| F|  |TAMS 0x000000008f400000, 0x000000008f400000| Untracked 
| 245|0x000000008f500000, 0x000000008f500000, 0x000000008f600000|  0%| F|  |TAMS 0x000000008f500000, 0x000000008f500000| Untracked 
| 246|0x000000008f600000, 0x000000008f600000, 0x000000008f700000|  0%| F|  |TAMS 0x000000008f600000, 0x000000008f600000| Untracked 
| 247|0x000000008f700000, 0x000000008f700000, 0x000000008f800000|  0%| F|  |TAMS 0x000000008f700000, 0x000000008f700000| Untracked 
| 248|0x000000008f800000, 0x000000008f800000, 0x000000008f900000|  0%| F|  |TAMS 0x000000008f800000, 0x000000008f800000| Untracked 
| 249|0x000000008f900000, 0x000000008f900000, 0x000000008fa00000|  0%| F|  |TAMS 0x000000008f900000, 0x000000008f900000| Untracked 
| 250|0x000000008fa00000, 0x000000008fa00000, 0x000000008fb00000|  0%| F|  |TAMS 0x000000008fa00000, 0x000000008fa00000| Untracked 
| 251|0x000000008fb00000, 0x000000008fb00000, 0x000000008fc00000|  0%| F|  |TAMS 0x000000008fb00000, 0x000000008fb00000| Untracked 
| 252|0x000000008fc00000, 0x000000008fc00000, 0x000000008fd00000|  0%| F|  |TAMS 0x000000008fc00000, 0x000000008fc00000| Untracked 
| 253|0x000000008fd00000, 0x000000008fd00000, 0x000000008fe00000|  0%| F|  |TAMS 0x000000008fd00000, 0x000000008fd00000| Untracked 
| 254|0x000000008fe00000, 0x000000008fe00000, 0x000000008ff00000|  0%| F|  |TAMS 0x000000008fe00000, 0x000000008fe00000| Untracked 
| 255|0x000000008ff00000, 0x000000008ff00000, 0x0000000090000000|  0%| F|  |TAMS 0x000000008ff00000, 0x000000008ff00000| Untracked 
| 256|0x0000000090000000, 0x0000000090000000, 0x0000000090100000|  0%| F|  |TAMS 0x0000000090000000, 0x0000000090000000| Untracked 
| 257|0x0000000090100000, 0x0000000090100000, 0x0000000090200000|  0%| F|  |TAMS 0x0000000090100000, 0x0000000090100000| Untracked 
| 258|0x0000000090200000, 0x0000000090200000, 0x0000000090300000|  0%| F|  |TAMS 0x0000000090200000, 0x0000000090200000| Untracked 
| 259|0x0000000090300000, 0x0000000090300000, 0x0000000090400000|  0%| F|  |TAMS 0x0000000090300000, 0x0000000090300000| Untracked 
| 260|0x0000000090400000, 0x0000000090400000, 0x0000000090500000|  0%| F|  |TAMS 0x0000000090400000, 0x0000000090400000| Untracked 
| 261|0x0000000090500000, 0x0000000090500000, 0x0000000090600000|  0%| F|  |TAMS 0x0000000090500000, 0x0000000090500000| Untracked 
| 262|0x0000000090600000, 0x0000000090600000, 0x0000000090700000|  0%| F|  |TAMS 0x0000000090600000, 0x0000000090600000| Untracked 
| 263|0x0000000090700000, 0x0000000090700000, 0x0000000090800000|  0%| F|  |TAMS 0x0000000090700000, 0x0000000090700000| Untracked 

Card table byte_map: [0x000001fada740000,0x000001fadab40000] _byte_map_base: 0x000001fada340000

Marking Bits (Prev, Next): (CMBitMap*) 0x000001fac7560e10, (CMBitMap*) 0x000001fac7560dd8
 Prev Bits: [0x000001fadcf40000, 0x000001fadef40000)
 Next Bits: [0x000001fadaf40000, 0x000001fadcf40000)

Polling page: 0x000001fac6cc0000

Metaspace:

Usage:
  Non-class:    129.38 MB capacity,   127.16 MB ( 98%) used,     1.74 MB (  1%) free+waste,   493.56 KB ( <1%) overhead. 
      Class:     19.06 MB capacity,    17.60 MB ( 92%) used,     1.24 MB (  7%) free+waste,   215.94 KB (  1%) overhead. 
       Both:    148.44 MB capacity,   144.76 MB ( 98%) used,     2.98 MB (  2%) free+waste,   709.50 KB ( <1%) overhead. 

Virtual space:
  Non-class space:      130.00 MB reserved,     129.59 MB (>99%) committed 
      Class space:        1.00 GB reserved,      19.32 MB (  2%) committed 
             Both:        1.13 GB reserved,     148.91 MB ( 13%) committed 

Chunk freelists:
   Non-Class:  18.00 KB
       Class:  263.00 KB
        Both:  281.00 KB

MaxMetaspaceSize: 17179869184.00 GB
CompressedClassSpaceSize: 1.00 GB
Initial GC threshold: 20.80 MB
Current GC threshold: 246.93 MB
CDS: off

CodeHeap 'non-profiled nmethods': size=120000Kb used=12040Kb max_used=12040Kb free=107959Kb
 bounds [0x000001fad2ad0000, 0x000001fad36a0000, 0x000001fada000000]
CodeHeap 'profiled nmethods': size=120000Kb used=51228Kb max_used=51228Kb free=68771Kb
 bounds [0x000001facb5a0000, 0x000001face7b0000, 0x000001fad2ad0000]
CodeHeap 'non-nmethods': size=5760Kb used=2495Kb max_used=2546Kb free=3264Kb
 bounds [0x000001facb000000, 0x000001facb290000, 0x000001facb5a0000]
 total_blobs=25115 nmethods=24072 adapters=952
 compilation: enabled
              stopped_count=0, restarted_count=0
 full_count=0

Compilation events (20 events):
Event: 1574.027 Thread 0x000001fae2234800 nmethod 25988 0x000001fad368ee10 code [0x000001fad368efc0, 0x000001fad368f378]
Event: 1574.027 Thread 0x000001fae2234800 26020       4       com.android.tools.r8.internal.w20::o (32 bytes)
Event: 1574.028 Thread 0x000001fae2234800 nmethod 26020 0x000001fad368f590 code [0x000001fad368f720, 0x000001fad368f7b8]
Event: 1574.028 Thread 0x000001fae2234800 25905       4       com.android.tools.r8.internal.ZM::a (7 bytes)
Event: 1574.028 Thread 0x000001fae2234800 nmethod 25905 0x000001fad368f890 code [0x000001fad368fa20, 0x000001fad368fa78]
Event: 1574.028 Thread 0x000001fae2234800 26028       4       com.android.tools.r8.graph.n0::L0 (25 bytes)
Event: 1574.029 Thread 0x000001fae2234800 nmethod 26028 0x000001fad368fb90 code [0x000001fad368fd20, 0x000001fad368fd78]
Event: 1574.029 Thread 0x000001fae2234800 26007       4       com.android.tools.r8.graph.n0::S0 (9 bytes)
Event: 1574.029 Thread 0x000001fae2234800 nmethod 26007 0x000001fad368fe90 code [0x000001fad3690020, 0x000001fad3690098]
Event: 1574.029 Thread 0x000001fae2234800 26001       4       java.util.LinkedList$ListItr::remove (84 bytes)
Event: 1574.041 Thread 0x000001fae2234800 nmethod 26001 0x000001fad3690190 code [0x000001fad3690320, 0x000001fad3690a98]
Event: 1574.041 Thread 0x000001fae2234800 26042       4       com.android.tools.r8.internal.q7::F (52 bytes)
Event: 1574.049 Thread 0x000001fae2234800 nmethod 26042 0x000001fad3690b90 code [0x000001fad3690d60, 0x000001fad36910e8]
Event: 1574.049 Thread 0x000001fae2234800 26034       4       com.android.tools.r8.internal.mn::a (19 bytes)
Event: 1574.049 Thread 0x000001fae2234800 nmethod 26034 0x000001fad3691590 code [0x000001fad3691720, 0x000001fad3691778]
Event: 1574.049 Thread 0x000001fae2234800 25722       4       com.android.tools.r8.internal.Dj::c (11 bytes)
Event: 1574.051 Thread 0x000001fae2234800 nmethod 25722 0x000001fad3691890 code [0x000001fad3691a20, 0x000001fad3691c38]
Event: 1574.051 Thread 0x000001fae2234800 26036       4       java.util.stream.Sink$ChainedReference::<init> (16 bytes)
Event: 1574.053 Thread 0x000001fae2234800 nmethod 26036 0x000001fad3691d10 code [0x000001fad3691ea0, 0x000001fad3692038]
Event: 1574.053 Thread 0x000001fae2234800 25971       4       com.android.tools.r8.graph.P0::m0 (37 bytes)

GC Heap History (20 events):
Event: 1571.167 GC heap after
{Heap after GC invocations=92 (full 0):
 garbage-first heap   total 225280K, used 148313K [0x0000000080000000, 0x0000000100000000)
  region size 1024K, 1 young (1024K), 1 survivors (1024K)
 Metaspace       used 143040K, capacity 146756K, committed 147620K, reserved 1177600K
  class space    used 17591K, capacity 19045K, committed 19532K, reserved 1048576K
}
Event: 1571.283 GC heap before
{Heap before GC invocations=92 (full 0):
 garbage-first heap   total 225280K, used 158553K [0x0000000080000000, 0x0000000100000000)
  region size 1024K, 12 young (12288K), 1 survivors (1024K)
 Metaspace       used 143060K, capacity 146756K, committed 147620K, reserved 1177600K
  class space    used 17592K, capacity 19045K, committed 19532K, reserved 1048576K
}
Event: 1571.288 GC heap after
{Heap after GC invocations=93 (full 0):
 garbage-first heap   total 225280K, used 153190K [0x0000000080000000, 0x0000000100000000)
  region size 1024K, 4 young (4096K), 4 survivors (4096K)
 Metaspace       used 143060K, capacity 146756K, committed 147620K, reserved 1177600K
  class space    used 17592K, capacity 19045K, committed 19532K, reserved 1048576K
}
Event: 1571.454 GC heap before
{Heap before GC invocations=93 (full 0):
 garbage-first heap   total 225280K, used 197222K [0x0000000080000000, 0x0000000100000000)
  region size 1024K, 31 young (31744K), 4 survivors (4096K)
 Metaspace       used 143228K, capacity 146911K, committed 147620K, reserved 1177600K
  class space    used 17601K, capacity 19051K, committed 19532K, reserved 1048576K
}
Event: 1571.463 GC heap after
{Heap after GC invocations=94 (full 0):
 garbage-first heap   total 225280K, used 158368K [0x0000000080000000, 0x0000000100000000)
  region size 1024K, 4 young (4096K), 4 survivors (4096K)
 Metaspace       used 143228K, capacity 146911K, committed 147620K, reserved 1177600K
  class space    used 17601K, capacity 19051K, committed 19532K, reserved 1048576K
}
Event: 1571.651 GC heap before
{Heap before GC invocations=95 (full 0):
 garbage-first heap   total 225280K, used 182944K [0x0000000080000000, 0x0000000100000000)
  region size 1024K, 29 young (29696K), 4 survivors (4096K)
 Metaspace       used 145425K, capacity 149119K, committed 149796K, reserved 1179648K
  class space    used 17776K, capacity 19244K, committed 19660K, reserved 1048576K
}
Event: 1571.656 GC heap after
{Heap after GC invocations=96 (full 0):
 garbage-first heap   total 225280K, used 161998K [0x0000000080000000, 0x0000000100000000)
  region size 1024K, 4 young (4096K), 4 survivors (4096K)
 Metaspace       used 145425K, capacity 149119K, committed 149796K, reserved 1179648K
  class space    used 17776K, capacity 19244K, committed 19660K, reserved 1048576K
}
Event: 1571.696 GC heap before
{Heap before GC invocations=96 (full 0):
 garbage-first heap   total 225280K, used 169166K [0x0000000080000000, 0x0000000100000000)
  region size 1024K, 11 young (11264K), 4 survivors (4096K)
 Metaspace       used 145488K, capacity 149183K, committed 150052K, reserved 1179648K
  class space    used 17776K, capacity 19244K, committed 19660K, reserved 1048576K
}
Event: 1571.702 GC heap after
{Heap after GC invocations=97 (full 0):
 garbage-first heap   total 225280K, used 160883K [0x0000000080000000, 0x0000000100000000)
  region size 1024K, 1 young (1024K), 1 survivors (1024K)
 Metaspace       used 145488K, capacity 149183K, committed 150052K, reserved 1179648K
  class space    used 17776K, capacity 19244K, committed 19660K, reserved 1048576K
}
Event: 1571.802 GC heap before
{Heap before GC invocations=97 (full 0):
 garbage-first heap   total 225280K, used 186483K [0x0000000080000000, 0x0000000100000000)
  region size 1024K, 26 young (26624K), 1 survivors (1024K)
 Metaspace       used 145679K, capacity 149375K, committed 150052K, reserved 1179648K
  class space    used 17776K, capacity 19244K, committed 19660K, reserved 1048576K
}
Event: 1571.808 GC heap after
{Heap after GC invocations=98 (full 0):
 garbage-first heap   total 225280K, used 162065K [0x0000000080000000, 0x0000000100000000)
  region size 1024K, 3 young (3072K), 3 survivors (3072K)
 Metaspace       used 145679K, capacity 149375K, committed 150052K, reserved 1179648K
  class space    used 17776K, capacity 19244K, committed 19660K, reserved 1048576K
}
Event: 1572.033 GC heap before
{Heap before GC invocations=98 (full 0):
 garbage-first heap   total 225280K, used 170257K [0x0000000080000000, 0x0000000100000000)
  region size 1024K, 28 young (28672K), 3 survivors (3072K)
 Metaspace       used 145844K, capacity 149567K, committed 150308K, reserved 1179648K
  class space    used 17784K, capacity 19244K, committed 19660K, reserved 1048576K
}
Event: 1572.044 GC heap after
{Heap after GC invocations=99 (full 0):
 garbage-first heap   total 270336K, used 147417K [0x0000000080000000, 0x0000000100000000)
  region size 1024K, 4 young (4096K), 4 survivors (4096K)
 Metaspace       used 145844K, capacity 149567K, committed 150308K, reserved 1179648K
  class space    used 17784K, capacity 19244K, committed 19660K, reserved 1048576K
}
Event: 1572.470 GC heap before
{Heap before GC invocations=100 (full 0):
 garbage-first heap   total 270336K, used 197593K [0x0000000080000000, 0x0000000100000000)
  region size 1024K, 53 young (54272K), 4 survivors (4096K)
 Metaspace       used 146672K, capacity 150373K, committed 151076K, reserved 1181696K
  class space    used 17833K, capacity 19277K, committed 19660K, reserved 1048576K
}
Event: 1572.475 GC heap after
{Heap after GC invocations=101 (full 0):
 garbage-first heap   total 270336K, used 148266K [0x0000000080000000, 0x0000000100000000)
  region size 1024K, 5 young (5120K), 5 survivors (5120K)
 Metaspace       used 146672K, capacity 150373K, committed 151076K, reserved 1181696K
  class space    used 17833K, capacity 19277K, committed 19660K, reserved 1048576K
}
Event: 1572.630 GC heap before
{Heap before GC invocations=101 (full 0):
 garbage-first heap   total 270336K, used 155434K [0x0000000080000000, 0x0000000100000000)
  region size 1024K, 13 young (13312K), 5 survivors (5120K)
 Metaspace       used 146707K, capacity 150444K, committed 151076K, reserved 1181696K
  class space    used 17837K, capacity 19279K, committed 19660K, reserved 1048576K
}
Event: 1572.652 GC heap after
{Heap after GC invocations=102 (full 0):
 garbage-first heap   total 270336K, used 136362K [0x0000000080000000, 0x0000000100000000)
  region size 1024K, 2 young (2048K), 2 survivors (2048K)
 Metaspace       used 146707K, capacity 150444K, committed 151076K, reserved 1181696K
  class space    used 17837K, capacity 19279K, committed 19660K, reserved 1048576K
}
Event: 1573.507 GC heap before
{Heap before GC invocations=102 (full 0):
 garbage-first heap   total 270336K, used 194730K [0x0000000080000000, 0x0000000100000000)
  region size 1024K, 60 young (61440K), 2 survivors (2048K)
 Metaspace       used 147139K, capacity 150838K, committed 151460K, reserved 1181696K
  class space    used 17885K, capacity 19343K, committed 19788K, reserved 1048576K
}
Event: 1573.526 GC heap after
{Heap after GC invocations=103 (full 0):
 garbage-first heap   total 270336K, used 140203K [0x0000000080000000, 0x0000000100000000)
  region size 1024K, 6 young (6144K), 6 survivors (6144K)
 Metaspace       used 147139K, capacity 150838K, committed 151460K, reserved 1181696K
  class space    used 17885K, capacity 19343K, committed 19788K, reserved 1048576K
}
Event: 1574.060 GC heap before
{Heap before GC invocations=104 (full 0):
 garbage-first heap   total 270336K, used 199595K [0x0000000080000000, 0x0000000100000000)
  region size 1024K, 65 young (66560K), 6 survivors (6144K)
 Metaspace       used 148238K, capacity 151999K, committed 152484K, reserved 1181696K
  class space    used 18025K, capacity 19513K, committed 19788K, reserved 1048576K
}

Deoptimization events (20 events):
Event: 1574.034 Thread 0x000001fae922b800 DEOPT PACKING pc=0x000001fad2e730a8 sp=0x000000dc813f9420
Event: 1574.034 Thread 0x000001fae922b800 DEOPT UNPACKING pc=0x000001facb04a1af sp=0x000000dc813f9400 mode 2
Event: 1574.040 Thread 0x000001fae9231000 DEOPT PACKING pc=0x000001face7a45c3 sp=0x000000dc823f9a10
Event: 1574.040 Thread 0x000001fae9231000 DEOPT UNPACKING pc=0x000001facb04a95e sp=0x000000dc823f8ec0 mode 0
Event: 1574.053 Thread 0x000001fae9231000 Uncommon trap: trap_request=0xffffffc6 fr.pc=0x000001fad368f788 relative=0x0000000000000068
Event: 1574.053 Thread 0x000001fae9231000 Uncommon trap: reason=bimorphic_or_optimized_type_check action=maybe_recompile pc=0x000001fad368f788 method=com.android.tools.r8.internal.w20.o()Lcom/android/tools/r8/internal/td; @ 28 c2
Event: 1574.053 Thread 0x000001fae9231000 DEOPT PACKING pc=0x000001fad368f788 sp=0x000000dc823f9450
Event: 1574.053 Thread 0x000001fae9231000 DEOPT UNPACKING pc=0x000001facb04a1af sp=0x000000dc823f93d8 mode 2
Event: 1574.053 Thread 0x000001fae9231000 Uncommon trap: trap_request=0xffffffc6 fr.pc=0x000001fad368f788 relative=0x0000000000000068
Event: 1574.053 Thread 0x000001fae9231000 Uncommon trap: reason=bimorphic_or_optimized_type_check action=maybe_recompile pc=0x000001fad368f788 method=com.android.tools.r8.internal.w20.o()Lcom/android/tools/r8/internal/td; @ 28 c2
Event: 1574.053 Thread 0x000001fae9231000 DEOPT PACKING pc=0x000001fad368f788 sp=0x000000dc823f9450
Event: 1574.053 Thread 0x000001fae9231000 DEOPT UNPACKING pc=0x000001facb04a1af sp=0x000000dc823f93d8 mode 2
Event: 1574.053 Thread 0x000001fae9231000 Uncommon trap: trap_request=0xffffffc6 fr.pc=0x000001fad368f788 relative=0x0000000000000068
Event: 1574.053 Thread 0x000001fae9231000 Uncommon trap: reason=bimorphic_or_optimized_type_check action=maybe_recompile pc=0x000001fad368f788 method=com.android.tools.r8.internal.w20.o()Lcom/android/tools/r8/internal/td; @ 28 c2
Event: 1574.053 Thread 0x000001fae9231000 DEOPT PACKING pc=0x000001fad368f788 sp=0x000000dc823f9450
Event: 1574.053 Thread 0x000001fae9231000 DEOPT UNPACKING pc=0x000001facb04a1af sp=0x000000dc823f93d8 mode 2
Event: 1574.057 Thread 0x000001fae9231000 Uncommon trap: trap_request=0xffffffc6 fr.pc=0x000001fad368f788 relative=0x0000000000000068
Event: 1574.057 Thread 0x000001fae9231000 Uncommon trap: reason=bimorphic_or_optimized_type_check action=maybe_recompile pc=0x000001fad368f788 method=com.android.tools.r8.internal.w20.o()Lcom/android/tools/r8/internal/td; @ 28 c2
Event: 1574.057 Thread 0x000001fae9231000 DEOPT PACKING pc=0x000001fad368f788 sp=0x000000dc823f9530
Event: 1574.057 Thread 0x000001fae9231000 DEOPT UNPACKING pc=0x000001facb04a1af sp=0x000000dc823f94b8 mode 2

Classes redefined (0 events):
No events

Internal exceptions (20 events):
Event: 1572.815 Thread 0x000001fae74ea000 Exception <a 'sun/nio/fs/WindowsException'{0x000000008fb07af0}> (0x000000008fb07af0) thrown at [./src/hotspot/share/prims/jni.cpp, line 616]
Event: 1572.889 Thread 0x000001fae74ea000 Exception <a 'java/lang/NoSuchMethodError'{0x000000008faf9c08}: <clinit>> (0x000000008faf9c08) thrown at [./src/hotspot/share/prims/jni.cpp, line 1366]
Event: 1573.330 Thread 0x000001fae7044000 Exception <a 'sun/nio/fs/WindowsException'{0x000000008da7cad0}> (0x000000008da7cad0) thrown at [./src/hotspot/share/prims/jni.cpp, line 616]
Event: 1573.330 Thread 0x000001fae7044000 Exception <a 'sun/nio/fs/WindowsException'{0x000000008da7df78}> (0x000000008da7df78) thrown at [./src/hotspot/share/prims/jni.cpp, line 616]
Event: 1573.345 Thread 0x000001fae7045800 Exception <a 'sun/nio/fs/WindowsException'{0x000000008daefb28}> (0x000000008daefb28) thrown at [./src/hotspot/share/prims/jni.cpp, line 616]
Event: 1573.830 Thread 0x000001fae922b800 Exception <a 'sun/nio/fs/WindowsException'{0x000000008fed1a28}> (0x000000008fed1a28) thrown at [./src/hotspot/share/prims/jni.cpp, line 616]
Event: 1573.837 Thread 0x000001faeaaf7000 Exception <a 'sun/nio/fs/WindowsException'{0x000000008fd19bc8}> (0x000000008fd19bc8) thrown at [./src/hotspot/share/prims/jni.cpp, line 616]
Event: 1573.853 Thread 0x000001faeaaf7000 Exception <a 'java/lang/NoSuchMethodError'{0x000000008fd82080}: 'long java.lang.invoke.DirectMethodHandle$Holder.invokeStatic(java.lang.Object, java.lang.Object)'> (0x000000008fd82080) thrown at [./src/hotspot/share/interpreter/linkResolver.cpp, line 773]
Event: 1573.864 Thread 0x000001fae9231000 Exception <a 'sun/nio/fs/WindowsException'{0x000000008fc40630}> (0x000000008fc40630) thrown at [./src/hotspot/share/prims/jni.cpp, line 616]
Event: 1573.877 Thread 0x000001faeb70e800 Exception <a 'sun/nio/fs/WindowsException'{0x000000008fafb968}> (0x000000008fafb968) thrown at [./src/hotspot/share/prims/jni.cpp, line 616]
Event: 1573.900 Thread 0x000001fae922c800 Exception <a 'sun/nio/fs/WindowsException'{0x000000008f6ba840}> (0x000000008f6ba840) thrown at [./src/hotspot/share/prims/jni.cpp, line 616]
Event: 1573.952 Thread 0x000001fae7040800 Exception <a 'sun/nio/fs/WindowsException'{0x000000008ece7a18}> (0x000000008ece7a18) thrown at [./src/hotspot/share/prims/jni.cpp, line 616]
Event: 1573.967 Thread 0x000001fae9231000 Exception <a 'java/lang/NoSuchMethodError'{0x000000008e501f10}: 'java.lang.Object java.lang.invoke.DirectMethodHandle$Holder.invokeInterface(java.lang.Object, java.lang.Object, int)'> (0x000000008e501f10) thrown at [./src/hotspot/share/interpreter/linkResolver.cpp, line 773]
Event: 1573.989 Thread 0x000001faefa1f800 Exception <a 'sun/nio/fs/WindowsException'{0x000000008e10f6c0}> (0x000000008e10f6c0) thrown at [./src/hotspot/share/prims/jni.cpp, line 616]
Event: 1573.993 Thread 0x000001fae922b800 Exception <a 'java/lang/NoSuchMethodError'{0x000000008e00e4a0}: 'java.lang.Object java.lang.invoke.DirectMethodHandle$Holder.invokeSpecial(java.lang.Object, java.lang.Object, java.lang.Object, java.lang.Object, java.lang.Object, java.lang.Object, java.lang.Object, java.lang.Object, java.lang.Object, java.lang.Object, java.lang.Object)'> (0x000000008e00e4a0) thrown at [./src/hotspot/share/interpreter/linkResolver.cpp, line 773]
Event: 1573.994 Thread 0x000001faeb718000 Exception <a 'sun/nio/fs/WindowsException'{0x000000008e062248}> (0x000000008e062248) thrown at [./src/hotspot/share/prims/jni.cpp, line 616]
Event: 1573.995 Thread 0x000001fae922b800 Exception <a 'java/lang/NoSuchMethodError'{0x000000008e0c98d0}: 'java.lang.Object java.lang.invoke.Invokers$Holder.linkToTargetMethod(java.lang.Object, java.lang.Object, java.lang.Object, java.lang.Object, java.lang.Object, java.lang.Object, java.lang.Object, java.lang.Object, java.lang.Object, java.lang.Object)'> (0x000000008e0c98d0) thrown at [./src/hotspot/share/interpreter/linkResolver.cpp, line 773]
Event: 1574.007 Thread 0x000001faeaaf7000 Exception <a 'sun/nio/fs/WindowsException'{0x000000008dd6d2a8}> (0x000000008dd6d2a8) thrown at [./src/hotspot/share/prims/jni.cpp, line 616]
Event: 1574.009 Thread 0x000001faeaaf7000 Implicit null exception at 0x000001fad33b391b to 0x000001fad33b40dc
Event: 1574.051 Thread 0x000001faeaaf7000 Exception <a 'sun/nio/fs/WindowsException'{0x000000008d030af0}> (0x000000008d030af0) thrown at [./src/hotspot/share/prims/jni.cpp, line 616]

Events (20 events):
Event: 1574.054 loading class com/android/tools/r8/graph/b1 done
Event: 1574.054 loading class com/android/tools/r8/internal/oG
Event: 1574.054 loading class com/android/tools/r8/internal/oG done
Event: 1574.054 loading class com/android/tools/r8/internal/TG
Event: 1574.054 loading class com/android/tools/r8/internal/TG done
Event: 1574.055 loading class com/android/tools/r8/internal/rT
Event: 1574.055 loading class com/android/tools/r8/internal/rT done
Event: 1574.055 loading class com/android/tools/r8/internal/Gp
Event: 1574.055 loading class com/android/tools/r8/internal/Gp done
Event: 1574.057 loading class com/android/tools/r8/internal/pp
Event: 1574.057 loading class com/android/tools/r8/internal/pp done
Event: 1574.057 loading class com/android/tools/r8/graph/l0
Event: 1574.057 loading class com/android/tools/r8/graph/l0 done
Event: 1574.057 loading class com/android/tools/r8/internal/ca
Event: 1574.057 loading class com/android/tools/r8/internal/ca done
Event: 1574.058 loading class com/android/tools/r8/graph/f1
Event: 1574.058 loading class com/android/tools/r8/graph/f1 done
Event: 1574.058 loading class com/android/tools/r8/graph/l0
Event: 1574.058 loading class com/android/tools/r8/graph/l0 done
Event: 1574.060 Executing VM operation: G1CollectForAllocation


Dynamic libraries:
0x00007ff7eae80000 - 0x00007ff7eae8a000 	C:\Program Files\Android\Android Studio\jre\bin\java.exe
0x00007ffd5f870000 - 0x00007ffd5fa68000 	C:\WINDOWS\SYSTEM32\ntdll.dll
0x00007ffd5da70000 - 0x00007ffd5db2f000 	C:\WINDOWS\System32\KERNEL32.DLL
0x00007ffd5d2f0000 - 0x00007ffd5d5c2000 	C:\WINDOWS\System32\KERNELBASE.dll
0x00007ffd5d710000 - 0x00007ffd5d810000 	C:\WINDOWS\System32\ucrtbase.dll
0x00007ffd35460000 - 0x00007ffd35479000 	C:\Program Files\Android\Android Studio\jre\bin\jli.dll
0x00007ffd5d8d0000 - 0x00007ffd5da6d000 	C:\WINDOWS\System32\USER32.dll
0x00007ffd5d6e0000 - 0x00007ffd5d702000 	C:\WINDOWS\System32\win32u.dll
0x00007ffd5f5f0000 - 0x00007ffd5f61b000 	C:\WINDOWS\System32\GDI32.dll
0x00007ffd5d5d0000 - 0x00007ffd5d6df000 	C:\WINDOWS\System32\gdi32full.dll
0x00007ffd5d1c0000 - 0x00007ffd5d25d000 	C:\WINDOWS\System32\msvcp_win.dll
0x00007ffd35440000 - 0x00007ffd35457000 	C:\Program Files\Android\Android Studio\jre\bin\VCRUNTIME140.dll
0x00007ffd47b40000 - 0x00007ffd47dda000 	C:\WINDOWS\WinSxS\amd64_microsoft.windows.common-controls_6595b64144ccf1df_6.0.19041.1110_none_60b5254171f9507e\COMCTL32.dll
0x00007ffd5e4b0000 - 0x00007ffd5e54e000 	C:\WINDOWS\System32\msvcrt.dll
0x00007ffd5f370000 - 0x00007ffd5f3a2000 	C:\WINDOWS\System32\IMM32.DLL
0x00007ffcdcb10000 - 0x00007ffcdcc25000 	C:\Program Files\Topaz OFD\Warsaw\wslbscr64.dll
0x00007ffd5e380000 - 0x00007ffd5e42e000 	C:\WINDOWS\System32\ADVAPI32.dll
0x00007ffd5f6b0000 - 0x00007ffd5f74c000 	C:\WINDOWS\System32\sechost.dll
0x00007ffd5dc40000 - 0x00007ffd5dd65000 	C:\WINDOWS\System32\RPCRT4.dll
0x00007ffd5e9c0000 - 0x00007ffd5f103000 	C:\WINDOWS\System32\SHELL32.dll
0x00007ffd5c100000 - 0x00007ffd5c133000 	C:\WINDOWS\SYSTEM32\ntmarta.dll
0x00007ffcdca10000 - 0x00007ffcdcb04000 	C:\Program Files\Topaz OFD\Warsaw\wslbscrwh64.dll
0x00007ffd30e10000 - 0x00007ffd30ead000 	C:\Program Files\Android\Android Studio\jre\bin\msvcp140.dll
0x00007ffcf1000000 - 0x00007ffcf1b02000 	C:\Program Files\Android\Android Studio\jre\bin\server\jvm.dll
0x00007ffd5f5c0000 - 0x00007ffd5f5c8000 	C:\WINDOWS\System32\PSAPI.DLL
0x00007ffd41620000 - 0x00007ffd41629000 	C:\WINDOWS\SYSTEM32\WSOCK32.dll
0x00007ffd5e430000 - 0x00007ffd5e49b000 	C:\WINDOWS\System32\WS2_32.dll
0x00007ffd48f20000 - 0x00007ffd48f47000 	C:\WINDOWS\SYSTEM32\WINMM.dll
0x00007ffd55230000 - 0x00007ffd5523a000 	C:\WINDOWS\SYSTEM32\VERSION.dll
0x00007ffd5ae30000 - 0x00007ffd5ae42000 	C:\WINDOWS\SYSTEM32\kernel.appcore.dll
0x00007ffd575b0000 - 0x00007ffd575c1000 	C:\Program Files\Android\Android Studio\jre\bin\verify.dll
0x00007ffd4a490000 - 0x00007ffd4a674000 	C:\WINDOWS\SYSTEM32\DBGHELP.DLL
0x00007ffd48f50000 - 0x00007ffd48f7c000 	C:\WINDOWS\SYSTEM32\dbgcore.DLL
0x00007ffd5d260000 - 0x00007ffd5d2e2000 	C:\WINDOWS\System32\bcryptPrimitives.dll
0x00007ffd56190000 - 0x00007ffd561b9000 	C:\Program Files\Android\Android Studio\jre\bin\java.dll
0x00007ffd575a0000 - 0x00007ffd575ab000 	C:\Program Files\Android\Android Studio\jre\bin\jimage.dll
0x00007ffd4b910000 - 0x00007ffd4b928000 	C:\Program Files\Android\Android Studio\jre\bin\zip.dll
0x00007ffd5b030000 - 0x00007ffd5b7c2000 	C:\WINDOWS\SYSTEM32\windows.storage.dll
0x000001fae26f0000 - 0x000001fae2a44000 	C:\WINDOWS\System32\combase.dll
0x00007ffd5c9d0000 - 0x00007ffd5ca00000 	C:\WINDOWS\SYSTEM32\Wldp.dll
0x000001fae2a50000 - 0x000001fae2afd000 	C:\WINDOWS\System32\SHCORE.dll
0x00007ffd5e2a0000 - 0x00007ffd5e2f5000 	C:\WINDOWS\System32\shlwapi.dll
0x00007ffd5ceb0000 - 0x00007ffd5cecf000 	C:\WINDOWS\SYSTEM32\profapi.dll
0x00007ffd4b8f0000 - 0x00007ffd4b90a000 	C:\Program Files\Android\Android Studio\jre\bin\net.dll
0x00007ffd4dc90000 - 0x00007ffd4dd9c000 	C:\WINDOWS\SYSTEM32\WINHTTP.dll
0x00007ffd5c730000 - 0x00007ffd5c79a000 	C:\WINDOWS\system32\mswsock.dll
0x00007ffd4b8d0000 - 0x00007ffd4b8e4000 	C:\Program Files\Android\Android Studio\jre\bin\nio.dll
0x00007ffd34740000 - 0x00007ffd34767000 	C:\Users\rober\.gradle\native\e1d6ef7f7dcc3fd88c89a11ec53ec762bb8ba0a96d01ffa2cd45eb1d1d8dd5c5\windows-amd64\native-platform.dll
0x00007ffd30cc0000 - 0x00007ffd30e04000 	C:\Users\rober\.gradle\native\0d407fdbe67a94daf76414ababcb853783967236a71b16ec16e742cd7a986fd3\windows-amd64\native-platform-file-events.dll
0x00007ffd56180000 - 0x00007ffd5618a000 	C:\Program Files\Android\Android Studio\jre\bin\management.dll
0x00007ffd56140000 - 0x00007ffd5614d000 	C:\Program Files\Android\Android Studio\jre\bin\management_ext.dll
0x00007ffd5c920000 - 0x00007ffd5c938000 	C:\WINDOWS\SYSTEM32\CRYPTSP.dll
0x00007ffd5bfe0000 - 0x00007ffd5c014000 	C:\WINDOWS\system32\rsaenh.dll
0x00007ffd5d120000 - 0x00007ffd5d147000 	C:\WINDOWS\System32\bcrypt.dll
0x00007ffd5ce30000 - 0x00007ffd5ce5e000 	C:\WINDOWS\SYSTEM32\USERENV.dll
0x00007ffd5c940000 - 0x00007ffd5c94c000 	C:\WINDOWS\SYSTEM32\CRYPTBASE.dll
0x00007ffd5c3d0000 - 0x00007ffd5c40b000 	C:\WINDOWS\SYSTEM32\IPHLPAPI.DLL
0x00007ffd5d8c0000 - 0x00007ffd5d8c8000 	C:\WINDOWS\System32\NSI.dll
0x00007ffd53330000 - 0x00007ffd53347000 	C:\WINDOWS\SYSTEM32\dhcpcsvc6.DLL
0x00007ffd54400000 - 0x00007ffd5441d000 	C:\WINDOWS\SYSTEM32\dhcpcsvc.DLL
0x00007ffd5c410000 - 0x00007ffd5c4da000 	C:\WINDOWS\SYSTEM32\DNSAPI.dll
0x00007ffd58c40000 - 0x00007ffd58c48000 	C:\Program Files\Android\Android Studio\jre\bin\rmi.dll
0x00007ffd316d0000 - 0x00007ffd316f7000 	C:\Program Files\Android\Android Studio\jre\bin\sunec.dll

dbghelp: loaded successfully - version: 4.0.5 - missing functions: none
symbol engine: initialized successfully - sym options: 0x614 - pdb path: .;C:\Program Files\Android\Android Studio\jre\bin;C:\WINDOWS\SYSTEM32;C:\WINDOWS\WinSxS\amd64_microsoft.windows.common-controls_6595b64144ccf1df_6.0.19041.1110_none_60b5254171f9507e;C:\Program Files\Topaz OFD\Warsaw;C:\Program Files\Android\Android Studio\jre\bin\server;C:\Users\rober\.gradle\native\e1d6ef7f7dcc3fd88c89a11ec53ec762bb8ba0a96d01ffa2cd45eb1d1d8dd5c5\windows-amd64;C:\Users\rober\.gradle\native\0d407fdbe67a94daf76414ababcb853783967236a71b16ec16e742cd7a986fd3\windows-amd64

VM Arguments:
jvm_args: --add-opens=java.base/java.util=ALL-UNNAMED --add-opens=java.base/java.lang=ALL-UNNAMED --add-opens=java.base/java.lang.invoke=ALL-UNNAMED --add-opens=java.base/java.util=ALL-UNNAMED --add-opens=java.prefs/java.util.prefs=ALL-UNNAMED --add-opens=java.prefs/java.util.prefs=ALL-UNNAMED --add-opens=java.base/java.nio.charset=ALL-UNNAMED --add-opens=java.base/java.net=ALL-UNNAMED --add-opens=java.base/java.util.concurrent.atomic=ALL-UNNAMED -Xmx2048m -Dfile.encoding=UTF-8 -Duser.country=BR -Duser.language=pt -Duser.variant 
java_command: org.gradle.launcher.daemon.bootstrap.GradleDaemon 7.4
java_class_path (initial): C:\Users\rober\.gradle\wrapper\dists\gradle-7.4-bin\c0gwcg53nkjbqw7r0h0umtfvt\gradle-7.4\lib\gradle-launcher-7.4.jar
Launcher Type: SUN_STANDARD

[Global flags]
     intx CICompilerCount                          = 4                                         {product} {ergonomic}
     uint ConcGCThreads                            = 2                                         {product} {ergonomic}
     uint G1ConcRefinementThreads                  = 8                                         {product} {ergonomic}
   size_t G1HeapRegionSize                         = 1048576                                   {product} {ergonomic}
    uintx GCDrainStackTargetSize                   = 64                                        {product} {ergonomic}
   size_t InitialHeapSize                          = 132120576                                 {product} {ergonomic}
   size_t MarkStackSize                            = 4194304                                   {product} {ergonomic}
   size_t MaxHeapSize                              = 2147483648                                {product} {command line}
   size_t MaxNewSize                               = 1287651328                                {product} {ergonomic}
   size_t MinHeapDeltaBytes                        = 1048576                                   {product} {ergonomic}
    uintx NonNMethodCodeHeapSize                   = 5836300                                {pd product} {ergonomic}
    uintx NonProfiledCodeHeapSize                  = 122910970                              {pd product} {ergonomic}
    uintx ProfiledCodeHeapSize                     = 122910970                              {pd product} {ergonomic}
    uintx ReservedCodeCacheSize                    = 251658240                              {pd product} {ergonomic}
     bool SegmentedCodeCache                       = true                                      {product} {ergonomic}
     bool UseCompressedClassPointers               = true                                 {lp64_product} {ergonomic}
     bool UseCompressedOops                        = true                                 {lp64_product} {ergonomic}
     bool UseG1GC                                  = true                                      {product} {ergonomic}
     bool UseLargePagesIndividualAllocation        = false                                  {pd product} {ergonomic}

Logging:
Log output configuration:
 #0: stdout all=warning uptime,level,tags
 #1: stderr all=off uptime,level,tags

Environment Variables:
PATH=C:\Windows\system32;C:\Windows;C:\Windows\System32\Wbem;C:\Windows\System32\WindowsPowerShell\v1.0\;C:\Windows\System32\OpenSSH\;C:\Program Files (x86)\NVIDIA Corporation\PhysX\Common;C:\Program Files\NVIDIA Corporation\NVIDIA NvDLISR;C:\WINDOWS\system32;C:\WINDOWS;C:\WINDOWS\System32\Wbem;C:\WINDOWS\System32\WindowsPowerShell\v1.0\;C:\WINDOWS\System32\OpenSSH\;C:\Program Files\Git\cmd;C:\Users\rober\AppData\Local\Microsoft\WindowsApps;;C:\Program Files\JetBrains\IntelliJ IDEA Community Edition 2022.2.3\bin;
USERNAME=rober
OS=Windows_NT
PROCESSOR_IDENTIFIER=Intel64 Family 6 Model 142 Stepping 12, GenuineIntel



---------------  S Y S T E M  ---------------

OS: Windows 10 , 64 bit Build 19041 (10.0.19041.2251)
OS uptime: 5 days 7:35 hours

CPU:total 8 (initial active 8) (4 cores per cpu, 2 threads per core) family 6 model 142 stepping 12 microcode 0xde, cmov, cx8, fxsr, mmx, sse, sse2, sse3, ssse3, sse4.1, sse4.2, popcnt, avx, avx2, aes, clmul, erms, 3dnowpref, lzcnt, ht, tsc, tscinvbit, bmi1, bmi2, adx, fma

Memory: 4k page, system-wide physical 8025M (430M free)
TotalPageFile size 25890M (AvailPageFile size 107M)
current process WorkingSet (physical memory assigned to process): 467M, peak: 468M
current process commit charge ("private bytes"): 703M, peak: 849M

vm_info: OpenJDK 64-Bit Server VM (11.0.13+0-b1751.21-8125866) for windows-amd64 JRE (11.0.13+0-b1751.21-8125866), built on Feb  2 2022 03:00:22 by "builder" with MS VC++ 14.0 (VS2015)

END.
