#
# There is insufficient memory for the Java Runtime Environment to continue.
# Native memory allocation (mmap) failed to map 253755392 bytes for Failed to commit area from 0x0000000090800000 to 0x000000009fa00000 of length 253755392.
# Possible reasons:
#   The system is out of physical RAM or swap space
#   The process is running with CompressedOops enabled, and the Java Heap may be blocking the growth of the native heap
# Possible solutions:
#   Reduce memory load on the system
#   Increase physical memory or swap space
#   Check if swap backing store is full
#   Decrease Java heap size (-Xmx/-Xms)
#   Decrease number of Java threads
#   Decrease Java thread stack sizes (-Xss)
#   Set larger code cache with -XX:ReservedCodeCacheSize=
#   JVM is running with Unscaled Compressed Oops mode in which the Java heap is
#     placed in the first 4GB address space. The Java Heap base address is the
#     maximum limit for the native heap growth. Please use -XX:HeapBaseMinAddress
#     to set the Java Heap base and to place the Java Heap above 4GB virtual address.
# This output file may be truncated or incomplete.
#
#  Out of Memory Error (./src/hotspot/os/windows/os_windows.cpp:3619), pid=17304, tid=14564
#
# JRE version: OpenJDK Runtime Environment (11.0.13) (build 11.0.13+0-b1751.21-8125866)
# Java VM: OpenJDK 64-Bit Server VM (11.0.13+0-b1751.21-8125866, mixed mode, tiered, compressed oops, g1 gc, windows-amd64)
# No core dump will be written. Minidumps are not enabled by default on client versions of Windows
#

---------------  S U M M A R Y ------------

Command Line: --add-opens=java.base/java.util=ALL-UNNAMED --add-opens=java.base/java.lang=ALL-UNNAMED --add-opens=java.base/java.lang.invoke=ALL-UNNAMED --add-opens=java.base/java.util=ALL-UNNAMED --add-opens=java.prefs/java.util.prefs=ALL-UNNAMED --add-opens=java.prefs/java.util.prefs=ALL-UNNAMED --add-opens=java.base/java.nio.charset=ALL-UNNAMED --add-opens=java.base/java.net=ALL-UNNAMED --add-opens=java.base/java.util.concurrent.atomic=ALL-UNNAMED -Xmx2048m -Dfile.encoding=UTF-8 -Duser.country=BR -Duser.language=pt -Duser.variant org.gradle.launcher.daemon.bootstrap.GradleDaemon 7.4

Host: Intel(R) Core(TM) i5-10210U CPU @ 1.60GHz, 8 cores, 7G,  Windows 10 , 64 bit Build 19041 (10.0.19041.2251)
Time: Thu Dec 15 22:00:45 2022 Hora Padrão de Buenos Aires elapsed time: 14.915692 seconds (0d 0h 0m 14s)

---------------  T H R E A D  ---------------

Current thread (0x00000203caad3800):  VMThread "VM Thread" [stack: 0x000000ae68000000,0x000000ae68100000] [id=14564]

Stack: [0x000000ae68000000,0x000000ae68100000]
[error occurred during error reporting (printing stack bounds), id 0xc0000005, EXCEPTION_ACCESS_VIOLATION (0xc0000005) at pc=0x00000203b38e112d]

Native frames: (J=compiled Java code, j=interpreted, Vv=VM code, C=native code)
V  [jvm.dll+0x6100fa]
V  [jvm.dll+0x747090]
V  [jvm.dll+0x7486ad]
V  [jvm.dll+0x748ce5]
V  [jvm.dll+0x748c9b]
V  [jvm.dll+0x60f224]
V  [jvm.dll+0x60f9b8]
C  [ntdll.dll+0xa241f]
C  [ntdll.dll+0x514a4]
C  [ntdll.dll+0xa0f4e]
C  0x00000203b38e112d

VM_Operation (0x000000ae6e1fad80): G1CollectForAllocation, mode: safepoint, requested by thread 0x00000203d0cf5000


---------------  P R O C E S S  ---------------

Threads class SMR info:
_java_thread_list=0x00000203d0d83e10, length=136, elements={
0x00000203afdfa800, 0x00000203ca2a3800, 0x00000203ca29c800, 0x00000203cab21800,
0x00000203cab22800, 0x00000203cab26800, 0x00000203cab2a800, 0x00000203cab35000,
0x00000203cab3e000, 0x00000203cac8b800, 0x00000203cad4c000, 0x00000203cd1ed000,
0x00000203cc7b2800, 0x00000203cc280800, 0x00000203cd6db800, 0x00000203cd202000,
0x00000203cc023000, 0x00000203ce753800, 0x00000203cca63800, 0x00000203cd1eb800,
0x00000203cd1ec000, 0x00000203ce7bd800, 0x00000203ce7c1000, 0x00000203ce7be800,
0x00000203ce7bb800, 0x00000203ce7bf800, 0x00000203ce7c0000, 0x00000203ce7c2000,
0x00000203ce7bc000, 0x00000203ce7bd000, 0x00000203ce8a4800, 0x00000203ce8a1800,
0x00000203ce8a5800, 0x00000203ce8a3000, 0x00000203ce8a7000, 0x00000203ce8a8000,
0x00000203ce8a3800, 0x00000203ce8a2000, 0x00000203ce8ac800, 0x00000203ce8a8800,
0x00000203ce8af000, 0x00000203ce8a9800, 0x00000203ce8b0000, 0x00000203ce8aa800,
0x00000203ce8ad800, 0x00000203ce8ac000, 0x00000203ce8ab000, 0x00000203ce8ae800,
0x00000203d28c7800, 0x00000203d28ca000, 0x00000203d28cc000, 0x00000203d28ce800,
0x00000203d28c8800, 0x00000203d28c9800, 0x00000203d28cd800, 0x00000203d28d0000,
0x00000203d28cb000, 0x00000203d28d1800, 0x00000203d28cf000, 0x00000203d28d0800,
0x00000203d28cc800, 0x00000203d28d5000, 0x00000203d28d4000, 0x00000203d28d5800,
0x00000203d28d2800, 0x00000203d28d3000, 0x00000203d28d6800, 0x00000203d0c2a800,
0x00000203d0c29800, 0x00000203d0c2b000, 0x00000203d0c25800, 0x00000203d0c26000,
0x00000203d0c2c000, 0x00000203d0c2c800, 0x00000203d0c27000, 0x00000203d0c28000,
0x00000203d0c2d800, 0x00000203d0c2e800, 0x00000203d0c28800, 0x00000203d0c31800,
0x00000203d0c31000, 0x00000203d0c34000, 0x00000203d0c32800, 0x00000203d0c2f000,
0x00000203d0c33000, 0x00000203d0c30000, 0x00000203d0cee800, 0x00000203d0cf4800,
0x00000203d0cf5000, 0x00000203d0cf2800, 0x00000203d0cf2000, 0x00000203d0cef800,
0x00000203d0cf3800, 0x00000203d0cf0000, 0x00000203d0cf6000, 0x00000203d0cf7000,
0x00000203d0cf1000, 0x00000203d0cf7800, 0x00000203d0cfb000, 0x00000203d0cfd800,
0x00000203d0cfb800, 0x00000203d0cf8800, 0x00000203d0cfa000, 0x00000203d0cf9000,
0x00000203d0cfc800, 0x00000203d0a24000, 0x00000203d0a25800, 0x00000203d0a24800,
0x00000203d0a26800, 0x00000203d0a23000, 0x00000203d0a27000, 0x00000203d0a21800,
0x00000203d0a28000, 0x00000203d0a22000, 0x00000203d0a29800, 0x00000203d0a2d000,
0x00000203d0a2a800, 0x00000203d0a2b000, 0x00000203d0a2c000, 0x00000203d0a28800,
0x00000203d0a2e800, 0x00000203d0a2d800, 0x00000203d0a2f800, 0x00000203d0a30000,
0x00000203d4311000, 0x00000203d4314800, 0x00000203d4313800, 0x00000203d4310800,
0x00000203d4317000, 0x00000203d4315000, 0x00000203d4313000, 0x00000203d4316000,
0x00000203d4317800, 0x00000203d4312000, 0x00000203d431a000, 0x00000203d431c800
}

Java Threads: ( => current thread )
  0x00000203afdfa800 JavaThread "main" [_thread_blocked, id=16028, stack(0x000000ae67a00000,0x000000ae67b00000)]
  0x00000203ca2a3800 JavaThread "Reference Handler" daemon [_thread_blocked, id=23884, stack(0x000000ae68100000,0x000000ae68200000)]
  0x00000203ca29c800 JavaThread "Finalizer" daemon [_thread_blocked, id=11132, stack(0x000000ae68200000,0x000000ae68300000)]
  0x00000203cab21800 JavaThread "Signal Dispatcher" daemon [_thread_blocked, id=7276, stack(0x000000ae68300000,0x000000ae68400000)]
  0x00000203cab22800 JavaThread "Attach Listener" daemon [_thread_blocked, id=13532, stack(0x000000ae68400000,0x000000ae68500000)]
  0x00000203cab26800 JavaThread "Service Thread" daemon [_thread_blocked, id=16004, stack(0x000000ae68500000,0x000000ae68600000)]
  0x00000203cab2a800 JavaThread "C2 CompilerThread0" daemon [_thread_blocked, id=19056, stack(0x000000ae68600000,0x000000ae68700000)]
  0x00000203cab35000 JavaThread "C1 CompilerThread0" daemon [_thread_blocked, id=25220, stack(0x000000ae68700000,0x000000ae68800000)]
  0x00000203cab3e000 JavaThread "Sweeper thread" daemon [_thread_blocked, id=9156, stack(0x000000ae68800000,0x000000ae68900000)]
  0x00000203cac8b800 JavaThread "Common-Cleaner" daemon [_thread_blocked, id=25956, stack(0x000000ae68900000,0x000000ae68a00000)]
  0x00000203cad4c000 JavaThread "C2 CompilerThread1" daemon [_thread_blocked, id=7068, stack(0x000000ae68b00000,0x000000ae68c00000)]
  0x00000203cd1ed000 JavaThread "Daemon health stats" [_thread_blocked, id=14520, stack(0x000000ae68e00000,0x000000ae68f00000)]
  0x00000203cc7b2800 JavaThread "Incoming local TCP Connector on port 54314" [_thread_in_native, id=17352, stack(0x000000ae68f00000,0x000000ae69000000)]
  0x00000203cc280800 JavaThread "Daemon periodic checks" [_thread_blocked, id=16900, stack(0x000000ae69000000,0x000000ae69100000)]
  0x00000203cd6db800 JavaThread "Daemon" [_thread_blocked, id=18280, stack(0x000000ae69100000,0x000000ae69200000)]
  0x00000203cd202000 JavaThread "Handler for socket connection from /127.0.0.1:54314 to /127.0.0.1:54315" [_thread_in_native, id=6244, stack(0x000000ae69200000,0x000000ae69300000)]
  0x00000203cc023000 JavaThread "Cancel handler" [_thread_blocked, id=4300, stack(0x000000ae69300000,0x000000ae69400000)]
  0x00000203ce753800 JavaThread "Daemon worker" [_thread_blocked, id=1480, stack(0x000000ae69400000,0x000000ae69500000)]
  0x00000203cca63800 JavaThread "Asynchronous log dispatcher for DefaultDaemonConnection: socket connection from /127.0.0.1:54314 to /127.0.0.1:54315" [_thread_blocked, id=14620, stack(0x000000ae69500000,0x000000ae69600000)]
  0x00000203cd1eb800 JavaThread "Stdin handler" [_thread_blocked, id=5632, stack(0x000000ae69600000,0x000000ae69700000)]
  0x00000203cd1ec000 JavaThread "Daemon client event forwarder" [_thread_blocked, id=26356, stack(0x000000ae69700000,0x000000ae69800000)]
  0x00000203ce7bd800 JavaThread "Cache worker for journal cache (C:\Users\rober\.gradle\caches\journal-1)" [_thread_blocked, id=24244, stack(0x000000ae69d00000,0x000000ae69e00000)]
  0x00000203ce7c1000 JavaThread "File lock request listener" [_thread_in_native, id=26744, stack(0x000000ae69e00000,0x000000ae69f00000)]
  0x00000203ce7be800 JavaThread "Cache worker for file hash cache (C:\Users\rober\.gradle\caches\7.4\fileHashes)" [_thread_blocked, id=13600, stack(0x000000ae69f00000,0x000000ae6a000000)]
  0x00000203ce7bb800 JavaThread "File watcher server" daemon [_thread_blocked, id=8360, stack(0x000000ae6a100000,0x000000ae6a200000)]
  0x00000203ce7bf800 JavaThread "File watcher consumer" daemon [_thread_blocked, id=26548, stack(0x000000ae6a200000,0x000000ae6a300000)]
  0x00000203ce7c0000 JavaThread "Cache worker for checksums cache (C:\Users\rober\AndroidStudioProjects\RelatoriodeServiodeCampo2\.gradle\7.4\checksums)" [_thread_blocked, id=28040, stack(0x000000ae6a300000,0x000000ae6a400000)]
  0x00000203ce7c2000 JavaThread "Cache worker for cache directory md-rule (C:\Users\rober\.gradle\caches\7.4\md-rule)" [_thread_blocked, id=4132, stack(0x000000ae6a400000,0x000000ae6a500000)]
  0x00000203ce7bc000 JavaThread "Cache worker for file hash cache (C:\Users\rober\AndroidStudioProjects\RelatoriodeServiodeCampo2\.gradle\7.4\fileHashes)" [_thread_blocked, id=26364, stack(0x000000ae6a500000,0x000000ae6a600000)]
  0x00000203ce7bd000 JavaThread "Cache worker for cache directory md-supplier (C:\Users\rober\.gradle\caches\7.4\md-supplier)" [_thread_blocked, id=25416, stack(0x000000ae6a600000,0x000000ae6a700000)]
  0x00000203ce8a4800 JavaThread "Cache worker for execution history cache (C:\Users\rober\.gradle\caches\7.4\executionHistory)" [_thread_blocked, id=10404, stack(0x000000ae6a700000,0x000000ae6a800000)]
  0x00000203ce8a1800 JavaThread "jar transforms" [_thread_blocked, id=14760, stack(0x000000ae6a800000,0x000000ae6a900000)]
  0x00000203ce8a5800 JavaThread "Cache worker for file content cache (C:\Users\rober\.gradle\caches\7.4\fileContent)" [_thread_blocked, id=23324, stack(0x000000ae6a900000,0x000000ae6aa00000)]
  0x00000203ce8a3000 JavaThread "jar transforms Thread 2" [_thread_blocked, id=21180, stack(0x000000ae6aa00000,0x000000ae6ab00000)]
  0x00000203ce8a7000 JavaThread "Cache worker for dependencies-accessors (C:\Users\rober\AndroidStudioProjects\RelatoriodeServiodeCampo2\.gradle\7.4\dependencies-accessors)" [_thread_blocked, id=24716, stack(0x000000ae6ab00000,0x000000ae6ac00000)]
  0x00000203ce8a8000 JavaThread "jar transforms Thread 3" [_thread_blocked, id=13840, stack(0x000000ae6ac00000,0x000000ae6ad00000)]
  0x00000203ce8a3800 JavaThread "Cache worker for Build Output Cleanup Cache (C:\Users\rober\AndroidStudioProjects\RelatoriodeServiodeCampo2\.gradle\buildOutputCleanup)" [_thread_blocked, id=25412, stack(0x000000ae6ad00000,0x000000ae6ae00000)]
  0x00000203ce8a2000 JavaThread "Unconstrained build operations" [_thread_blocked, id=26532, stack(0x000000ae6ae00000,0x000000ae6af00000)]
  0x00000203ce8ac800 JavaThread "Unconstrained build operations Thread 2" [_thread_blocked, id=28584, stack(0x000000ae6af00000,0x000000ae6b000000)]
  0x00000203ce8a8800 JavaThread "Unconstrained build operations Thread 3" [_thread_blocked, id=26616, stack(0x000000ae6b000000,0x000000ae6b100000)]
  0x00000203ce8af000 JavaThread "Unconstrained build operations Thread 4" [_thread_blocked, id=13440, stack(0x000000ae6b100000,0x000000ae6b200000)]
  0x00000203ce8a9800 JavaThread "Unconstrained build operations Thread 5" [_thread_blocked, id=8348, stack(0x000000ae6b200000,0x000000ae6b300000)]
  0x00000203ce8b0000 JavaThread "Unconstrained build operations Thread 6" [_thread_blocked, id=2956, stack(0x000000ae6b300000,0x000000ae6b400000)]
  0x00000203ce8aa800 JavaThread "Unconstrained build operations Thread 7" [_thread_blocked, id=21096, stack(0x000000ae6b400000,0x000000ae6b500000)]
  0x00000203ce8ad800 JavaThread "Unconstrained build operations Thread 8" [_thread_blocked, id=7280, stack(0x000000ae6b500000,0x000000ae6b600000)]
  0x00000203ce8ac000 JavaThread "Unconstrained build operations Thread 9" [_thread_blocked, id=27540, stack(0x000000ae6b600000,0x000000ae6b700000)]
  0x00000203ce8ab000 JavaThread "Unconstrained build operations Thread 10" [_thread_blocked, id=23808, stack(0x000000ae6b700000,0x000000ae6b800000)]
  0x00000203ce8ae800 JavaThread "Unconstrained build operations Thread 11" [_thread_blocked, id=14120, stack(0x000000ae6b800000,0x000000ae6b900000)]
  0x00000203d28c7800 JavaThread "Unconstrained build operations Thread 12" [_thread_blocked, id=18736, stack(0x000000ae6b900000,0x000000ae6ba00000)]
  0x00000203d28ca000 JavaThread "Unconstrained build operations Thread 13" [_thread_blocked, id=9112, stack(0x000000ae6ba00000,0x000000ae6bb00000)]
  0x00000203d28cc000 JavaThread "Unconstrained build operations Thread 14" [_thread_blocked, id=21384, stack(0x000000ae6bb00000,0x000000ae6bc00000)]
  0x00000203d28ce800 JavaThread "Unconstrained build operations Thread 15" [_thread_blocked, id=15304, stack(0x000000ae6bc00000,0x000000ae6bd00000)]
  0x00000203d28c8800 JavaThread "Unconstrained build operations Thread 16" [_thread_blocked, id=3608, stack(0x000000ae6bd00000,0x000000ae6be00000)]
  0x00000203d28c9800 JavaThread "Unconstrained build operations Thread 17" [_thread_blocked, id=15828, stack(0x000000ae6be00000,0x000000ae6bf00000)]
  0x00000203d28cd800 JavaThread "Unconstrained build operations Thread 18" [_thread_blocked, id=25352, stack(0x000000ae6bf00000,0x000000ae6c000000)]
  0x00000203d28d0000 JavaThread "Unconstrained build operations Thread 19" [_thread_blocked, id=25188, stack(0x000000ae6c000000,0x000000ae6c100000)]
  0x00000203d28cb000 JavaThread "Unconstrained build operations Thread 20" [_thread_blocked, id=8500, stack(0x000000ae6c100000,0x000000ae6c200000)]
  0x00000203d28d1800 JavaThread "Unconstrained build operations Thread 21" [_thread_blocked, id=19004, stack(0x000000ae6c200000,0x000000ae6c300000)]
  0x00000203d28cf000 JavaThread "Unconstrained build operations Thread 22" [_thread_blocked, id=28368, stack(0x000000ae6c300000,0x000000ae6c400000)]
  0x00000203d28d0800 JavaThread "Unconstrained build operations Thread 23" [_thread_blocked, id=25928, stack(0x000000ae6c400000,0x000000ae6c500000)]
  0x00000203d28cc800 JavaThread "Unconstrained build operations Thread 24" [_thread_blocked, id=22516, stack(0x000000ae6c500000,0x000000ae6c600000)]
  0x00000203d28d5000 JavaThread "Unconstrained build operations Thread 25" [_thread_blocked, id=25228, stack(0x000000ae6c600000,0x000000ae6c700000)]
  0x00000203d28d4000 JavaThread "Unconstrained build operations Thread 26" [_thread_blocked, id=16144, stack(0x000000ae6c700000,0x000000ae6c800000)]
  0x00000203d28d5800 JavaThread "Unconstrained build operations Thread 27" [_thread_blocked, id=20192, stack(0x000000ae6c800000,0x000000ae6c900000)]
  0x00000203d28d2800 JavaThread "Unconstrained build operations Thread 28" [_thread_blocked, id=19912, stack(0x000000ae6c900000,0x000000ae6ca00000)]
  0x00000203d28d3000 JavaThread "Unconstrained build operations Thread 29" [_thread_blocked, id=13584, stack(0x000000ae6ca00000,0x000000ae6cb00000)]
  0x00000203d28d6800 JavaThread "Unconstrained build operations Thread 30" [_thread_blocked, id=9580, stack(0x000000ae6cb00000,0x000000ae6cc00000)]
  0x00000203d0c2a800 JavaThread "Unconstrained build operations Thread 31" [_thread_blocked, id=15436, stack(0x000000ae6cc00000,0x000000ae6cd00000)]
  0x00000203d0c29800 JavaThread "Unconstrained build operations Thread 32" [_thread_blocked, id=4428, stack(0x000000ae6cd00000,0x000000ae6ce00000)]
  0x00000203d0c2b000 JavaThread "Unconstrained build operations Thread 33" [_thread_blocked, id=15984, stack(0x000000ae6ce00000,0x000000ae6cf00000)]
  0x00000203d0c25800 JavaThread "Unconstrained build operations Thread 34" [_thread_blocked, id=6180, stack(0x000000ae6cf00000,0x000000ae6d000000)]
  0x00000203d0c26000 JavaThread "Unconstrained build operations Thread 35" [_thread_blocked, id=11852, stack(0x000000ae6d000000,0x000000ae6d100000)]
  0x00000203d0c2c000 JavaThread "Unconstrained build operations Thread 36" [_thread_blocked, id=18568, stack(0x000000ae6d100000,0x000000ae6d200000)]
  0x00000203d0c2c800 JavaThread "Unconstrained build operations Thread 37" [_thread_blocked, id=5100, stack(0x000000ae6d200000,0x000000ae6d300000)]
  0x00000203d0c27000 JavaThread "Unconstrained build operations Thread 38" [_thread_blocked, id=21132, stack(0x000000ae6d300000,0x000000ae6d400000)]
  0x00000203d0c28000 JavaThread "Unconstrained build operations Thread 39" [_thread_blocked, id=25748, stack(0x000000ae6d400000,0x000000ae6d500000)]
  0x00000203d0c2d800 JavaThread "Unconstrained build operations Thread 40" [_thread_blocked, id=25420, stack(0x000000ae6d500000,0x000000ae6d600000)]
  0x00000203d0c2e800 JavaThread "Unconstrained build operations Thread 41" [_thread_blocked, id=8144, stack(0x000000ae6d600000,0x000000ae6d700000)]
  0x00000203d0c28800 JavaThread "Unconstrained build operations Thread 42" [_thread_blocked, id=26960, stack(0x000000ae6d700000,0x000000ae6d800000)]
  0x00000203d0c31800 JavaThread "Unconstrained build operations Thread 43" [_thread_blocked, id=25876, stack(0x000000ae6d800000,0x000000ae6d900000)]
  0x00000203d0c31000 JavaThread "Unconstrained build operations Thread 44" [_thread_blocked, id=15456, stack(0x000000ae6d900000,0x000000ae6da00000)]
  0x00000203d0c34000 JavaThread "Unconstrained build operations Thread 45" [_thread_blocked, id=24596, stack(0x000000ae6da00000,0x000000ae6db00000)]
  0x00000203d0c32800 JavaThread "Unconstrained build operations Thread 46" [_thread_blocked, id=28532, stack(0x000000ae6db00000,0x000000ae6dc00000)]
  0x00000203d0c2f000 JavaThread "Unconstrained build operations Thread 47" [_thread_blocked, id=6684, stack(0x000000ae6dc00000,0x000000ae6dd00000)]
  0x00000203d0c33000 JavaThread "Unconstrained build operations Thread 48" [_thread_blocked, id=21716, stack(0x000000ae6dd00000,0x000000ae6de00000)]
  0x00000203d0c30000 JavaThread "Unconstrained build operations Thread 49" [_thread_blocked, id=24932, stack(0x000000ae6de00000,0x000000ae6df00000)]
  0x00000203d0cee800 JavaThread "Unconstrained build operations Thread 50" [_thread_blocked, id=28596, stack(0x000000ae6df00000,0x000000ae6e000000)]
  0x00000203d0cf4800 JavaThread "Unconstrained build operations Thread 51" [_thread_blocked, id=17560, stack(0x000000ae6e000000,0x000000ae6e100000)]
  0x00000203d0cf5000 JavaThread "Unconstrained build operations Thread 52" [_thread_blocked, id=23628, stack(0x000000ae6e100000,0x000000ae6e200000)]
  0x00000203d0cf2800 JavaThread "Unconstrained build operations Thread 53" [_thread_blocked, id=13284, stack(0x000000ae6e200000,0x000000ae6e300000)]
  0x00000203d0cf2000 JavaThread "Unconstrained build operations Thread 54" [_thread_blocked, id=21480, stack(0x000000ae6e300000,0x000000ae6e400000)]
  0x00000203d0cef800 JavaThread "Unconstrained build operations Thread 55" [_thread_blocked, id=15844, stack(0x000000ae6e400000,0x000000ae6e500000)]
  0x00000203d0cf3800 JavaThread "Unconstrained build operations Thread 56" [_thread_blocked, id=23892, stack(0x000000ae6e500000,0x000000ae6e600000)]
  0x00000203d0cf0000 JavaThread "Unconstrained build operations Thread 57" [_thread_blocked, id=25044, stack(0x000000ae6e600000,0x000000ae6e700000)]
  0x00000203d0cf6000 JavaThread "Unconstrained build operations Thread 58" [_thread_blocked, id=24072, stack(0x000000ae6e700000,0x000000ae6e800000)]
  0x00000203d0cf7000 JavaThread "Unconstrained build operations Thread 59" [_thread_blocked, id=28412, stack(0x000000ae6e800000,0x000000ae6e900000)]
  0x00000203d0cf1000 JavaThread "Unconstrained build operations Thread 60" [_thread_blocked, id=16492, stack(0x000000ae6e900000,0x000000ae6ea00000)]
  0x00000203d0cf7800 JavaThread "Unconstrained build operations Thread 61" [_thread_blocked, id=14804, stack(0x000000ae6ea00000,0x000000ae6eb00000)]
  0x00000203d0cfb000 JavaThread "Unconstrained build operations Thread 62" [_thread_blocked, id=23392, stack(0x000000ae6eb00000,0x000000ae6ec00000)]
  0x00000203d0cfd800 JavaThread "Unconstrained build operations Thread 63" [_thread_blocked, id=2068, stack(0x000000ae6ec00000,0x000000ae6ed00000)]
  0x00000203d0cfb800 JavaThread "Unconstrained build operations Thread 64" [_thread_blocked, id=14184, stack(0x000000ae6ed00000,0x000000ae6ee00000)]
  0x00000203d0cf8800 JavaThread "Unconstrained build operations Thread 65" [_thread_blocked, id=21160, stack(0x000000ae6ee00000,0x000000ae6ef00000)]
  0x00000203d0cfa000 JavaThread "Unconstrained build operations Thread 66" [_thread_blocked, id=8980, stack(0x000000ae6ef00000,0x000000ae6f000000)]
  0x00000203d0cf9000 JavaThread "Unconstrained build operations Thread 67" [_thread_blocked, id=9840, stack(0x000000ae6f000000,0x000000ae6f100000)]
  0x00000203d0cfc800 JavaThread "Unconstrained build operations Thread 68" [_thread_blocked, id=3356, stack(0x000000ae6f100000,0x000000ae6f200000)]
  0x00000203d0a24000 JavaThread "Unconstrained build operations Thread 69" [_thread_blocked, id=7540, stack(0x000000ae6f200000,0x000000ae6f300000)]
  0x00000203d0a25800 JavaThread "Unconstrained build operations Thread 70" [_thread_blocked, id=20944, stack(0x000000ae6f300000,0x000000ae6f400000)]
  0x00000203d0a24800 JavaThread "Unconstrained build operations Thread 71" [_thread_blocked, id=10440, stack(0x000000ae6f400000,0x000000ae6f500000)]
  0x00000203d0a26800 JavaThread "Unconstrained build operations Thread 72" [_thread_blocked, id=24228, stack(0x000000ae6f500000,0x000000ae6f600000)]
  0x00000203d0a23000 JavaThread "Unconstrained build operations Thread 73" [_thread_blocked, id=26640, stack(0x000000ae6f600000,0x000000ae6f700000)]
  0x00000203d0a27000 JavaThread "Unconstrained build operations Thread 74" [_thread_blocked, id=19280, stack(0x000000ae6f700000,0x000000ae6f800000)]
  0x00000203d0a21800 JavaThread "Unconstrained build operations Thread 75" [_thread_blocked, id=23484, stack(0x000000ae6f800000,0x000000ae6f900000)]
  0x00000203d0a28000 JavaThread "Unconstrained build operations Thread 76" [_thread_blocked, id=17524, stack(0x000000ae6f900000,0x000000ae6fa00000)]
  0x00000203d0a22000 JavaThread "Unconstrained build operations Thread 77" [_thread_blocked, id=6540, stack(0x000000ae6fa00000,0x000000ae6fb00000)]
  0x00000203d0a29800 JavaThread "Unconstrained build operations Thread 78" [_thread_blocked, id=17604, stack(0x000000ae6fb00000,0x000000ae6fc00000)]
  0x00000203d0a2d000 JavaThread "Unconstrained build operations Thread 79" [_thread_blocked, id=20820, stack(0x000000ae6fc00000,0x000000ae6fd00000)]
  0x00000203d0a2a800 JavaThread "Unconstrained build operations Thread 80" [_thread_blocked, id=14588, stack(0x000000ae6fd00000,0x000000ae6fe00000)]
  0x00000203d0a2b000 JavaThread "jar transforms Thread 4" [_thread_blocked, id=26440, stack(0x000000ae6fe00000,0x000000ae6ff00000)]
  0x00000203d0a2c000 JavaThread "jar transforms Thread 5" [_thread_blocked, id=28160, stack(0x000000ae6ff00000,0x000000ae70000000)]
  0x00000203d0a28800 JavaThread "jar transforms Thread 6" [_thread_blocked, id=6220, stack(0x000000ae70000000,0x000000ae70100000)]
  0x00000203d0a2e800 JavaThread "jar transforms Thread 7" [_thread_blocked, id=6744, stack(0x000000ae70100000,0x000000ae70200000)]
  0x00000203d0a2d800 JavaThread "jar transforms Thread 8" [_thread_blocked, id=944, stack(0x000000ae70200000,0x000000ae70300000)]
  0x00000203d0a2f800 JavaThread "Memory manager" [_thread_blocked, id=20212, stack(0x000000ae70300000,0x000000ae70400000)]
  0x00000203d0a30000 JavaThread "build event listener" [_thread_blocked, id=21408, stack(0x000000ae70400000,0x000000ae70500000)]
  0x00000203d4311000 JavaThread "pool-3-thread-1" [_thread_blocked, id=24344, stack(0x000000ae70500000,0x000000ae70600000)]
  0x00000203d4314800 JavaThread "build event listener" [_thread_blocked, id=4060, stack(0x000000ae70600000,0x000000ae70700000)]
  0x00000203d4313800 JavaThread "included builds" [_thread_blocked, id=27364, stack(0x000000ae70700000,0x000000ae70800000)]
  0x00000203d4310800 JavaThread "Execution worker for ':'" [_thread_blocked, id=10900, stack(0x000000ae70800000,0x000000ae70900000)]
  0x00000203d4317000 JavaThread "Execution worker for ':' Thread 2" [_thread_blocked, id=9472, stack(0x000000ae70900000,0x000000ae70a00000)]
  0x00000203d4315000 JavaThread "Execution worker for ':' Thread 3" [_thread_blocked, id=16572, stack(0x000000ae70a00000,0x000000ae70b00000)]
  0x00000203d4313000 JavaThread "Execution worker for ':' Thread 4" [_thread_blocked, id=17752, stack(0x000000ae70b00000,0x000000ae70c00000)]
  0x00000203d4316000 JavaThread "Execution worker for ':' Thread 5" [_thread_blocked, id=16316, stack(0x000000ae70c00000,0x000000ae70d00000)]
  0x00000203d4317800 JavaThread "Execution worker for ':' Thread 6" [_thread_blocked, id=19408, stack(0x000000ae70d00000,0x000000ae70e00000)]
  0x00000203d4312000 JavaThread "Execution worker for ':' Thread 7" [_thread_blocked, id=12716, stack(0x000000ae70e00000,0x000000ae70f00000)]
  0x00000203d431a000 JavaThread "Cache worker for execution history cache (C:\Users\rober\AndroidStudioProjects\RelatoriodeServiodeCampo2\.gradle\7.4\executionHistory)" [_thread_blocked, id=21336, stack(0x000000ae70f00000,0x000000ae71000000)]
  0x00000203d431c800 JavaThread "WorkerExecutor Queue" [_thread_blocked, id=4036, stack(0x000000ae71000000,0x000000ae71100000)]

Other Threads:
=>0x00000203caad3800 VMThread "VM Thread" [stack: 0x000000ae68000000,0x000000ae68100000] [id=14564]
  0x00000203cac96000 WatcherThread [stack: 0x000000ae68a00000,0x000000ae68b00000] [id=23500]
  0x00000203afe15000 GCTaskThread "GC Thread#0" [stack: 0x000000ae67b00000,0x000000ae67c00000] [id=21708]
  0x00000203cb6ce800 GCTaskThread "GC Thread#1" [stack: 0x000000ae68c00000,0x000000ae68d00000] [id=7516]
  0x00000203cc075800 GCTaskThread "GC Thread#2" [stack: 0x000000ae68d00000,0x000000ae68e00000] [id=5748]
  0x00000203cd81b000 GCTaskThread "GC Thread#3" [stack: 0x000000ae69800000,0x000000ae69900000] [id=12372]
  0x00000203cc8cf800 GCTaskThread "GC Thread#4" [stack: 0x000000ae69900000,0x000000ae69a00000] [id=17868]
  0x00000203cd533800 GCTaskThread "GC Thread#5" [stack: 0x000000ae69a00000,0x000000ae69b00000] [id=6516]
  0x00000203cd534000 GCTaskThread "GC Thread#6" [stack: 0x000000ae69b00000,0x000000ae69c00000] [id=6324]
  0x00000203cd124800 GCTaskThread "GC Thread#7" [stack: 0x000000ae69c00000,0x000000ae69d00000] [id=25100]
  0x00000203afe48000 ConcurrentGCThread "G1 Main Marker" [stack: 0x000000ae67c00000,0x000000ae67d00000] [id=28600]
  0x00000203afe49000 ConcurrentGCThread "G1 Conc#0" [stack: 0x000000ae67d00000,0x000000ae67e00000] [id=27700]
  0x00000203cd8ff000 ConcurrentGCThread "G1 Conc#1" [stack: 0x000000ae6a000000,0x000000ae6a100000] [id=22772]
  0x00000203ca100800 ConcurrentGCThread "G1 Refine#0" [stack: 0x000000ae67e00000,0x000000ae67f00000] [id=22836]
  0x00000203ce771000 ConcurrentGCThread "G1 Refine#1" [stack: 0x000000ae71100000,0x000000ae71200000] [id=25232]
  0x00000203ca103800 ConcurrentGCThread "G1 Young RemSet Sampling" [stack: 0x000000ae67f00000,0x000000ae68000000] [id=20756]

Threads with active compile tasks:
C2 CompilerThread0  14966 14301       4       com.android.tools.r8.internal.GM::a (447 bytes)
C1 CompilerThread0  14966 14527       2       com.android.tools.r8.internal.F8::<init> (143 bytes)
C2 CompilerThread1  14966 14508       4       com.android.tools.r8.internal.o10::a (8 bytes)

VM state:at safepoint (normal execution)

VM Mutex/Monitor currently owned by a thread:  ([mutex/lock_event])
[0x00000203afdf7780] Threads_lock - owner thread: 0x00000203caad3800
[0x00000203afdf6970] Heap_lock - owner thread: 0x00000203d0cf5000

Heap address: 0x0000000080000000, size: 2048 MB, Compressed Oops mode: 32-bit
Narrow klass base: 0x0000000000000000, Narrow klass shift: 3
Compressed class space size: 1073741824 Address: 0x0000000100000000

Heap:
 garbage-first heap   total 518144K, used 159744K [0x0000000080000000, 0x0000000100000000)
  region size 1024K, 1 young (1024K), 1 survivors (1024K)
 Metaspace       used 110365K, capacity 113195K, committed 117104K, reserved 1148928K
  class space    used 14196K, capacity 15310K, committed 16920K, reserved 1048576K
Heap Regions: E=young(eden), S=young(survivor), O=old, HS=humongous(starts), HC=humongous(continues), CS=collection set, F=free, A=archive, TAMS=top-at-mark-start (previous, next)
|   0|0x0000000080000000, 0x0000000080100000, 0x0000000080100000|100%| O|  |TAMS 0x0000000080100000, 0x0000000080100000| Untracked 
|   1|0x0000000080100000, 0x0000000080200000, 0x0000000080200000|100%| O|  |TAMS 0x0000000080200000, 0x0000000080200000| Untracked 
|   2|0x0000000080200000, 0x0000000080300000, 0x0000000080300000|100%| O|  |TAMS 0x0000000080300000, 0x0000000080300000| Untracked 
|   3|0x0000000080300000, 0x0000000080400000, 0x0000000080400000|100%|HS|  |TAMS 0x0000000080400000, 0x0000000080400000| Complete 
|   4|0x0000000080400000, 0x0000000080500000, 0x0000000080500000|100%|HC|  |TAMS 0x0000000080500000, 0x0000000080500000| Complete 
|   5|0x0000000080500000, 0x0000000080600000, 0x0000000080600000|100%|HC|  |TAMS 0x0000000080600000, 0x0000000080600000| Complete 
|   6|0x0000000080600000, 0x0000000080700000, 0x0000000080700000|100%| O|  |TAMS 0x0000000080700000, 0x0000000080700000| Untracked 
|   7|0x0000000080700000, 0x0000000080800000, 0x0000000080800000|100%| O|  |TAMS 0x0000000080800000, 0x0000000080800000| Untracked 
|   8|0x0000000080800000, 0x0000000080900000, 0x0000000080900000|100%| O|  |TAMS 0x0000000080900000, 0x0000000080900000| Untracked 
|   9|0x0000000080900000, 0x0000000080a00000, 0x0000000080a00000|100%| O|  |TAMS 0x0000000080a00000, 0x0000000080a00000| Untracked 
|  10|0x0000000080a00000, 0x0000000080b00000, 0x0000000080b00000|100%| O|  |TAMS 0x0000000080b00000, 0x0000000080b00000| Untracked 
|  11|0x0000000080b00000, 0x0000000080c00000, 0x0000000080c00000|100%| O|  |TAMS 0x0000000080c00000, 0x0000000080c00000| Untracked 
|  12|0x0000000080c00000, 0x0000000080d00000, 0x0000000080d00000|100%| O|  |TAMS 0x0000000080d00000, 0x0000000080d00000| Untracked 
|  13|0x0000000080d00000, 0x0000000080e00000, 0x0000000080e00000|100%| O|  |TAMS 0x0000000080e00000, 0x0000000080e00000| Untracked 
|  14|0x0000000080e00000, 0x0000000080f00000, 0x0000000080f00000|100%| O|  |TAMS 0x0000000080f00000, 0x0000000080f00000| Untracked 
|  15|0x0000000080f00000, 0x0000000081000000, 0x0000000081000000|100%| O|  |TAMS 0x0000000081000000, 0x0000000081000000| Untracked 
|  16|0x0000000081000000, 0x0000000081100000, 0x0000000081100000|100%|HS|  |TAMS 0x0000000081100000, 0x0000000081100000| Complete 
|  17|0x0000000081100000, 0x0000000081200000, 0x0000000081200000|100%| O|  |TAMS 0x0000000081200000, 0x0000000081200000| Untracked 
|  18|0x0000000081200000, 0x0000000081300000, 0x0000000081300000|100%| O|  |TAMS 0x0000000081300000, 0x0000000081300000| Untracked 
|  19|0x0000000081300000, 0x0000000081400000, 0x0000000081400000|100%| O|  |TAMS 0x0000000081400000, 0x0000000081400000| Untracked 
|  20|0x0000000081400000, 0x0000000081500000, 0x0000000081500000|100%| O|  |TAMS 0x0000000081500000, 0x0000000081500000| Untracked 
|  21|0x0000000081500000, 0x0000000081600000, 0x0000000081600000|100%| O|  |TAMS 0x0000000081600000, 0x0000000081600000| Untracked 
|  22|0x0000000081600000, 0x0000000081700000, 0x0000000081700000|100%| O|  |TAMS 0x0000000081700000, 0x0000000081700000| Untracked 
|  23|0x0000000081700000, 0x0000000081800000, 0x0000000081800000|100%| O|  |TAMS 0x0000000081800000, 0x0000000081800000| Untracked 
|  24|0x0000000081800000, 0x0000000081900000, 0x0000000081900000|100%| O|  |TAMS 0x0000000081900000, 0x0000000081900000| Untracked 
|  25|0x0000000081900000, 0x0000000081a00000, 0x0000000081a00000|100%| O|  |TAMS 0x0000000081a00000, 0x0000000081a00000| Untracked 
|  26|0x0000000081a00000, 0x0000000081b00000, 0x0000000081b00000|100%| O|  |TAMS 0x0000000081b00000, 0x0000000081b00000| Untracked 
|  27|0x0000000081b00000, 0x0000000081c00000, 0x0000000081c00000|100%| O|  |TAMS 0x0000000081c00000, 0x0000000081c00000| Untracked 
|  28|0x0000000081c00000, 0x0000000081d00000, 0x0000000081d00000|100%|HS|  |TAMS 0x0000000081d00000, 0x0000000081d00000| Complete 
|  29|0x0000000081d00000, 0x0000000081e00000, 0x0000000081e00000|100%|HS|  |TAMS 0x0000000081e00000, 0x0000000081e00000| Complete 
|  30|0x0000000081e00000, 0x0000000081f00000, 0x0000000081f00000|100%|HS|  |TAMS 0x0000000081f00000, 0x0000000081f00000| Complete 
|  31|0x0000000081f00000, 0x0000000082000000, 0x0000000082000000|100%|HC|  |TAMS 0x0000000082000000, 0x0000000082000000| Complete 
|  32|0x0000000082000000, 0x0000000082100000, 0x0000000082100000|100%|HC|  |TAMS 0x0000000082100000, 0x0000000082100000| Complete 
|  33|0x0000000082100000, 0x0000000082200000, 0x0000000082200000|100%|HC|  |TAMS 0x0000000082200000, 0x0000000082200000| Complete 
|  34|0x0000000082200000, 0x0000000082300000, 0x0000000082300000|100%| O|  |TAMS 0x0000000082300000, 0x0000000082300000| Untracked 
|  35|0x0000000082300000, 0x0000000082400000, 0x0000000082400000|100%|HS|  |TAMS 0x0000000082400000, 0x0000000082400000| Complete 
|  36|0x0000000082400000, 0x0000000082500000, 0x0000000082500000|100%|HC|  |TAMS 0x0000000082500000, 0x0000000082500000| Complete 
|  37|0x0000000082500000, 0x0000000082600000, 0x0000000082600000|100%| O|  |TAMS 0x0000000082600000, 0x0000000082600000| Untracked 
|  38|0x0000000082600000, 0x0000000082700000, 0x0000000082700000|100%| O|  |TAMS 0x0000000082700000, 0x0000000082700000| Untracked 
|  39|0x0000000082700000, 0x0000000082800000, 0x0000000082800000|100%| O|  |TAMS 0x0000000082800000, 0x0000000082800000| Untracked 
|  40|0x0000000082800000, 0x0000000082900000, 0x0000000082900000|100%| O|  |TAMS 0x0000000082900000, 0x0000000082900000| Untracked 
|  41|0x0000000082900000, 0x0000000082a00000, 0x0000000082a00000|100%| O|  |TAMS 0x0000000082a00000, 0x0000000082a00000| Untracked 
|  42|0x0000000082a00000, 0x0000000082b00000, 0x0000000082b00000|100%| O|  |TAMS 0x0000000082b00000, 0x0000000082b00000| Untracked 
|  43|0x0000000082b00000, 0x0000000082c00000, 0x0000000082c00000|100%| O|  |TAMS 0x0000000082c00000, 0x0000000082c00000| Untracked 
|  44|0x0000000082c00000, 0x0000000082d00000, 0x0000000082d00000|100%| O|  |TAMS 0x0000000082d00000, 0x0000000082d00000| Untracked 
|  45|0x0000000082d00000, 0x0000000082e00000, 0x0000000082e00000|100%| O|  |TAMS 0x0000000082e00000, 0x0000000082e00000| Untracked 
|  46|0x0000000082e00000, 0x0000000082f00000, 0x0000000082f00000|100%| O|  |TAMS 0x0000000082f00000, 0x0000000082f00000| Untracked 
|  47|0x0000000082f00000, 0x0000000083000000, 0x0000000083000000|100%| O|  |TAMS 0x0000000083000000, 0x0000000083000000| Untracked 
|  48|0x0000000083000000, 0x0000000083100000, 0x0000000083100000|100%| O|  |TAMS 0x0000000083100000, 0x0000000083100000| Untracked 
|  49|0x0000000083100000, 0x0000000083200000, 0x0000000083200000|100%| O|  |TAMS 0x0000000083200000, 0x0000000083200000| Untracked 
|  50|0x0000000083200000, 0x0000000083300000, 0x0000000083300000|100%| O|  |TAMS 0x0000000083300000, 0x0000000083300000| Untracked 
|  51|0x0000000083300000, 0x0000000083400000, 0x0000000083400000|100%| O|  |TAMS 0x0000000083400000, 0x0000000083400000| Untracked 
|  52|0x0000000083400000, 0x0000000083500000, 0x0000000083500000|100%| O|  |TAMS 0x0000000083500000, 0x0000000083500000| Untracked 
|  53|0x0000000083500000, 0x0000000083600000, 0x0000000083600000|100%| O|  |TAMS 0x0000000083600000, 0x0000000083600000| Untracked 
|  54|0x0000000083600000, 0x0000000083700000, 0x0000000083700000|100%| O|  |TAMS 0x0000000083700000, 0x0000000083700000| Untracked 
|  55|0x0000000083700000, 0x0000000083800000, 0x0000000083800000|100%| O|  |TAMS 0x0000000083800000, 0x0000000083800000| Untracked 
|  56|0x0000000083800000, 0x0000000083900000, 0x0000000083900000|100%| O|  |TAMS 0x0000000083900000, 0x0000000083900000| Untracked 
|  57|0x0000000083900000, 0x0000000083a00000, 0x0000000083a00000|100%| O|  |TAMS 0x0000000083a00000, 0x0000000083a00000| Untracked 
|  58|0x0000000083a00000, 0x0000000083b00000, 0x0000000083b00000|100%| O|  |TAMS 0x0000000083b00000, 0x0000000083b00000| Untracked 
|  59|0x0000000083b00000, 0x0000000083c00000, 0x0000000083c00000|100%| O|  |TAMS 0x0000000083c00000, 0x0000000083c00000| Untracked 
|  60|0x0000000083c00000, 0x0000000083d00000, 0x0000000083d00000|100%| O|  |TAMS 0x0000000083d00000, 0x0000000083d00000| Untracked 
|  61|0x0000000083d00000, 0x0000000083e00000, 0x0000000083e00000|100%| O|  |TAMS 0x0000000083e00000, 0x0000000083e00000| Untracked 
|  62|0x0000000083e00000, 0x0000000083f00000, 0x0000000083f00000|100%| O|  |TAMS 0x0000000083f00000, 0x0000000083f00000| Untracked 
|  63|0x0000000083f00000, 0x0000000084000000, 0x0000000084000000|100%| O|  |TAMS 0x0000000084000000, 0x0000000084000000| Untracked 
|  64|0x0000000084000000, 0x0000000084100000, 0x0000000084100000|100%| O|  |TAMS 0x0000000084100000, 0x0000000084100000| Untracked 
|  65|0x0000000084100000, 0x0000000084200000, 0x0000000084200000|100%| O|  |TAMS 0x0000000084200000, 0x0000000084200000| Untracked 
|  66|0x0000000084200000, 0x0000000084300000, 0x0000000084300000|100%| O|  |TAMS 0x0000000084300000, 0x0000000084300000| Untracked 
|  67|0x0000000084300000, 0x0000000084400000, 0x0000000084400000|100%| O|  |TAMS 0x0000000084400000, 0x0000000084400000| Untracked 
|  68|0x0000000084400000, 0x0000000084500000, 0x0000000084500000|100%| O|  |TAMS 0x0000000084500000, 0x0000000084500000| Untracked 
|  69|0x0000000084500000, 0x0000000084600000, 0x0000000084600000|100%| O|  |TAMS 0x0000000084600000, 0x0000000084600000| Untracked 
|  70|0x0000000084600000, 0x0000000084700000, 0x0000000084700000|100%| O|  |TAMS 0x0000000084700000, 0x0000000084700000| Untracked 
|  71|0x0000000084700000, 0x0000000084800000, 0x0000000084800000|100%| O|  |TAMS 0x0000000084800000, 0x0000000084800000| Untracked 
|  72|0x0000000084800000, 0x0000000084900000, 0x0000000084900000|100%| O|  |TAMS 0x0000000084900000, 0x0000000084900000| Untracked 
|  73|0x0000000084900000, 0x0000000084a00000, 0x0000000084a00000|100%| O|  |TAMS 0x0000000084a00000, 0x0000000084a00000| Untracked 
|  74|0x0000000084a00000, 0x0000000084b00000, 0x0000000084b00000|100%| O|  |TAMS 0x0000000084b00000, 0x0000000084b00000| Untracked 
|  75|0x0000000084b00000, 0x0000000084c00000, 0x0000000084c00000|100%| O|  |TAMS 0x0000000084c00000, 0x0000000084c00000| Untracked 
|  76|0x0000000084c00000, 0x0000000084d00000, 0x0000000084d00000|100%| O|  |TAMS 0x0000000084d00000, 0x0000000084d00000| Untracked 
|  77|0x0000000084d00000, 0x0000000084e00000, 0x0000000084e00000|100%| O|  |TAMS 0x0000000084e00000, 0x0000000084e00000| Untracked 
|  78|0x0000000084e00000, 0x0000000084f00000, 0x0000000084f00000|100%| O|  |TAMS 0x0000000084f00000, 0x0000000084f00000| Untracked 
|  79|0x0000000084f00000, 0x0000000085000000, 0x0000000085000000|100%| O|  |TAMS 0x0000000085000000, 0x0000000085000000| Untracked 
|  80|0x0000000085000000, 0x0000000085100000, 0x0000000085100000|100%| O|  |TAMS 0x0000000085100000, 0x0000000085100000| Untracked 
|  81|0x0000000085100000, 0x0000000085200000, 0x0000000085200000|100%| O|  |TAMS 0x0000000085200000, 0x0000000085200000| Untracked 
|  82|0x0000000085200000, 0x0000000085300000, 0x0000000085300000|100%| O|  |TAMS 0x0000000085300000, 0x0000000085300000| Untracked 
|  83|0x0000000085300000, 0x0000000085400000, 0x0000000085400000|100%| O|  |TAMS 0x0000000085400000, 0x0000000085400000| Untracked 
|  84|0x0000000085400000, 0x0000000085500000, 0x0000000085500000|100%| O|  |TAMS 0x0000000085500000, 0x0000000085500000| Untracked 
|  85|0x0000000085500000, 0x0000000085600000, 0x0000000085600000|100%| O|  |TAMS 0x0000000085600000, 0x0000000085600000| Untracked 
|  86|0x0000000085600000, 0x0000000085700000, 0x0000000085700000|100%| O|  |TAMS 0x0000000085700000, 0x0000000085700000| Untracked 
|  87|0x0000000085700000, 0x0000000085800000, 0x0000000085800000|100%| O|  |TAMS 0x0000000085800000, 0x0000000085800000| Untracked 
|  88|0x0000000085800000, 0x0000000085900000, 0x0000000085900000|100%| O|  |TAMS 0x0000000085900000, 0x0000000085900000| Untracked 
|  89|0x0000000085900000, 0x0000000085a00000, 0x0000000085a00000|100%| O|  |TAMS 0x0000000085a00000, 0x0000000085a00000| Untracked 
|  90|0x0000000085a00000, 0x0000000085b00000, 0x0000000085b00000|100%| O|  |TAMS 0x0000000085b00000, 0x0000000085b00000| Untracked 
|  91|0x0000000085b00000, 0x0000000085c00000, 0x0000000085c00000|100%| O|  |TAMS 0x0000000085c00000, 0x0000000085c00000| Untracked 
|  92|0x0000000085c00000, 0x0000000085d00000, 0x0000000085d00000|100%| O|  |TAMS 0x0000000085d00000, 0x0000000085d00000| Untracked 
|  93|0x0000000085d00000, 0x0000000085e00000, 0x0000000085e00000|100%| O|  |TAMS 0x0000000085e00000, 0x0000000085e00000| Untracked 
|  94|0x0000000085e00000, 0x0000000085f00000, 0x0000000085f00000|100%| O|  |TAMS 0x0000000085f00000, 0x0000000085f00000| Untracked 
|  95|0x0000000085f00000, 0x0000000086000000, 0x0000000086000000|100%| O|  |TAMS 0x0000000086000000, 0x0000000086000000| Untracked 
|  96|0x0000000086000000, 0x0000000086100000, 0x0000000086100000|100%| O|  |TAMS 0x0000000086100000, 0x0000000086100000| Untracked 
|  97|0x0000000086100000, 0x0000000086200000, 0x0000000086200000|100%| O|  |TAMS 0x0000000086200000, 0x0000000086200000| Untracked 
|  98|0x0000000086200000, 0x0000000086300000, 0x0000000086300000|100%| O|  |TAMS 0x0000000086300000, 0x0000000086300000| Untracked 
|  99|0x0000000086300000, 0x0000000086400000, 0x0000000086400000|100%| O|  |TAMS 0x0000000086400000, 0x0000000086400000| Untracked 
| 100|0x0000000086400000, 0x0000000086500000, 0x0000000086500000|100%| O|  |TAMS 0x0000000086500000, 0x0000000086500000| Untracked 
| 101|0x0000000086500000, 0x0000000086600000, 0x0000000086600000|100%|HS|  |TAMS 0x0000000086600000, 0x0000000086600000| Complete 
| 102|0x0000000086600000, 0x0000000086700000, 0x0000000086700000|100%| O|  |TAMS 0x0000000086700000, 0x0000000086700000| Untracked 
| 103|0x0000000086700000, 0x0000000086800000, 0x0000000086800000|100%| O|  |TAMS 0x0000000086800000, 0x0000000086800000| Untracked 
| 104|0x0000000086800000, 0x0000000086900000, 0x0000000086900000|100%| O|  |TAMS 0x0000000086900000, 0x0000000086900000| Untracked 
| 105|0x0000000086900000, 0x0000000086a00000, 0x0000000086a00000|100%| O|  |TAMS 0x0000000086a00000, 0x0000000086a00000| Untracked 
| 106|0x0000000086a00000, 0x0000000086b00000, 0x0000000086b00000|100%| O|  |TAMS 0x0000000086b00000, 0x0000000086b00000| Untracked 
| 107|0x0000000086b00000, 0x0000000086c00000, 0x0000000086c00000|100%| O|  |TAMS 0x0000000086c00000, 0x0000000086c00000| Untracked 
| 108|0x0000000086c00000, 0x0000000086d00000, 0x0000000086d00000|100%| O|  |TAMS 0x0000000086d00000, 0x0000000086d00000| Untracked 
| 109|0x0000000086d00000, 0x0000000086e00000, 0x0000000086e00000|100%| O|  |TAMS 0x0000000086e00000, 0x0000000086e00000| Untracked 
| 110|0x0000000086e00000, 0x0000000086f00000, 0x0000000086f00000|100%| O|  |TAMS 0x0000000086f00000, 0x0000000086f00000| Untracked 
| 111|0x0000000086f00000, 0x0000000087000000, 0x0000000087000000|100%| O|  |TAMS 0x0000000087000000, 0x0000000087000000| Untracked 
| 112|0x0000000087000000, 0x0000000087100000, 0x0000000087100000|100%| O|  |TAMS 0x0000000087100000, 0x0000000087100000| Untracked 
| 113|0x0000000087100000, 0x0000000087200000, 0x0000000087200000|100%| O|  |TAMS 0x0000000087200000, 0x0000000087200000| Untracked 
| 114|0x0000000087200000, 0x0000000087300000, 0x0000000087300000|100%| O|  |TAMS 0x0000000087300000, 0x0000000087300000| Untracked 
| 115|0x0000000087300000, 0x0000000087400000, 0x0000000087400000|100%| O|  |TAMS 0x0000000087400000, 0x0000000087400000| Untracked 
| 116|0x0000000087400000, 0x0000000087500000, 0x0000000087500000|100%| O|  |TAMS 0x0000000087500000, 0x0000000087500000| Untracked 
| 117|0x0000000087500000, 0x0000000087600000, 0x0000000087600000|100%| O|  |TAMS 0x0000000087600000, 0x0000000087600000| Untracked 
| 118|0x0000000087600000, 0x0000000087700000, 0x0000000087700000|100%| O|  |TAMS 0x0000000087700000, 0x0000000087700000| Untracked 
| 119|0x0000000087700000, 0x0000000087800000, 0x0000000087800000|100%| O|  |TAMS 0x0000000087800000, 0x0000000087800000| Untracked 
| 120|0x0000000087800000, 0x0000000087900000, 0x0000000087900000|100%| O|  |TAMS 0x0000000087900000, 0x0000000087900000| Untracked 
| 121|0x0000000087900000, 0x0000000087a00000, 0x0000000087a00000|100%| O|  |TAMS 0x0000000087a00000, 0x0000000087a00000| Untracked 
| 122|0x0000000087a00000, 0x0000000087b00000, 0x0000000087b00000|100%| O|  |TAMS 0x0000000087b00000, 0x0000000087b00000| Untracked 
| 123|0x0000000087b00000, 0x0000000087c00000, 0x0000000087c00000|100%| O|  |TAMS 0x0000000087c00000, 0x0000000087c00000| Untracked 
| 124|0x0000000087c00000, 0x0000000087d00000, 0x0000000087d00000|100%| O|  |TAMS 0x0000000087d00000, 0x0000000087d00000| Untracked 
| 125|0x0000000087d00000, 0x0000000087e00000, 0x0000000087e00000|100%| O|  |TAMS 0x0000000087e00000, 0x0000000087e00000| Untracked 
| 126|0x0000000087e00000, 0x0000000087f00000, 0x0000000087f00000|100%| O|  |TAMS 0x0000000087f00000, 0x0000000087f00000| Untracked 
| 127|0x0000000087f00000, 0x0000000088000000, 0x0000000088000000|100%| O|  |TAMS 0x0000000088000000, 0x0000000088000000| Untracked 
| 128|0x0000000088000000, 0x0000000088100000, 0x0000000088100000|100%| O|  |TAMS 0x0000000088100000, 0x0000000088100000| Untracked 
| 129|0x0000000088100000, 0x0000000088200000, 0x0000000088200000|100%| O|  |TAMS 0x0000000088200000, 0x0000000088200000| Untracked 
| 130|0x0000000088200000, 0x0000000088300000, 0x0000000088300000|100%| O|  |TAMS 0x0000000088300000, 0x0000000088300000| Untracked 
| 131|0x0000000088300000, 0x0000000088400000, 0x0000000088400000|100%| O|  |TAMS 0x00000000883df000, 0x0000000088400000| Untracked 
| 132|0x0000000088400000, 0x0000000088500000, 0x0000000088500000|100%| O|  |TAMS 0x0000000088400000, 0x0000000088500000| Untracked 
| 133|0x0000000088500000, 0x0000000088600000, 0x0000000088600000|100%| O|  |TAMS 0x0000000088500000, 0x0000000088600000| Untracked 
| 134|0x0000000088600000, 0x0000000088700000, 0x0000000088700000|100%| O|  |TAMS 0x0000000088600000, 0x0000000088700000| Untracked 
| 135|0x0000000088700000, 0x0000000088800000, 0x0000000088800000|100%| O|  |TAMS 0x0000000088700000, 0x0000000088800000| Untracked 
| 136|0x0000000088800000, 0x0000000088900000, 0x0000000088900000|100%| O|  |TAMS 0x0000000088800000, 0x0000000088900000| Untracked 
| 137|0x0000000088900000, 0x0000000088a00000, 0x0000000088a00000|100%| O|  |TAMS 0x0000000088900000, 0x0000000088a00000| Untracked 
| 138|0x0000000088a00000, 0x0000000088b00000, 0x0000000088b00000|100%| O|  |TAMS 0x0000000088a00000, 0x0000000088b00000| Untracked 
| 139|0x0000000088b00000, 0x0000000088c00000, 0x0000000088c00000|100%| O|  |TAMS 0x0000000088b00000, 0x0000000088c00000| Untracked 
| 140|0x0000000088c00000, 0x0000000088d00000, 0x0000000088d00000|100%| O|  |TAMS 0x0000000088c00000, 0x0000000088d00000| Untracked 
| 141|0x0000000088d00000, 0x0000000088e00000, 0x0000000088e00000|100%| O|  |TAMS 0x0000000088d00000, 0x0000000088e00000| Untracked 
| 142|0x0000000088e00000, 0x0000000088f00000, 0x0000000088f00000|100%| O|  |TAMS 0x0000000088e00000, 0x0000000088f00000| Untracked 
| 143|0x0000000088f00000, 0x0000000089000000, 0x0000000089000000|100%| O|  |TAMS 0x0000000088f00000, 0x0000000089000000| Untracked 
| 144|0x0000000089000000, 0x0000000089100000, 0x0000000089100000|100%| O|  |TAMS 0x0000000089000000, 0x0000000089100000| Untracked 
| 145|0x0000000089100000, 0x0000000089200000, 0x0000000089200000|100%| O|  |TAMS 0x0000000089100000, 0x0000000089200000| Untracked 
| 146|0x0000000089200000, 0x0000000089300000, 0x0000000089300000|100%| O|  |TAMS 0x0000000089200000, 0x0000000089300000| Untracked 
| 147|0x0000000089300000, 0x0000000089400000, 0x0000000089400000|100%| O|  |TAMS 0x0000000089300000, 0x0000000089400000| Untracked 
| 148|0x0000000089400000, 0x0000000089500000, 0x0000000089500000|100%| O|  |TAMS 0x0000000089400000, 0x0000000089500000| Untracked 
| 149|0x0000000089500000, 0x0000000089600000, 0x0000000089600000|100%| O|  |TAMS 0x0000000089500000, 0x0000000089600000| Untracked 
| 150|0x0000000089600000, 0x0000000089700000, 0x0000000089700000|100%| O|  |TAMS 0x0000000089600000, 0x0000000089700000| Untracked 
| 151|0x0000000089700000, 0x0000000089800000, 0x0000000089800000|100%| O|  |TAMS 0x0000000089700000, 0x0000000089800000| Untracked 
| 152|0x0000000089800000, 0x0000000089900000, 0x0000000089900000|100%| O|  |TAMS 0x0000000089800000, 0x0000000089900000| Untracked 
| 153|0x0000000089900000, 0x0000000089a00000, 0x0000000089a00000|100%| O|  |TAMS 0x0000000089900000, 0x0000000089a00000| Untracked 
| 154|0x0000000089a00000, 0x0000000089b00000, 0x0000000089b00000|100%| O|  |TAMS 0x0000000089a00000, 0x0000000089b00000| Untracked 
| 155|0x0000000089b00000, 0x0000000089b00000, 0x0000000089c00000|  0%| F|  |TAMS 0x0000000089b00000, 0x0000000089b00000| Untracked 
| 156|0x0000000089c00000, 0x0000000089c00000, 0x0000000089d00000|  0%| F|  |TAMS 0x0000000089c00000, 0x0000000089c00000| Untracked 
| 157|0x0000000089d00000, 0x0000000089d00000, 0x0000000089e00000|  0%| F|  |TAMS 0x0000000089d00000, 0x0000000089d00000| Untracked 
| 158|0x0000000089e00000, 0x0000000089e00000, 0x0000000089f00000|  0%| F|  |TAMS 0x0000000089e00000, 0x0000000089e00000| Untracked 
| 159|0x0000000089f00000, 0x0000000089f00000, 0x000000008a000000|  0%| F|  |TAMS 0x0000000089f00000, 0x0000000089f00000| Untracked 
| 160|0x000000008a000000, 0x000000008a000000, 0x000000008a100000|  0%| F|  |TAMS 0x000000008a000000, 0x000000008a000000| Untracked 
| 161|0x000000008a100000, 0x000000008a100000, 0x000000008a200000|  0%| F|  |TAMS 0x000000008a100000, 0x000000008a100000| Untracked 
| 162|0x000000008a200000, 0x000000008a200000, 0x000000008a300000|  0%| F|  |TAMS 0x000000008a200000, 0x000000008a200000| Untracked 
| 163|0x000000008a300000, 0x000000008a300000, 0x000000008a400000|  0%| F|  |TAMS 0x000000008a300000, 0x000000008a300000| Untracked 
| 164|0x000000008a400000, 0x000000008a400000, 0x000000008a500000|  0%| F|  |TAMS 0x000000008a400000, 0x000000008a400000| Untracked 
| 165|0x000000008a500000, 0x000000008a500000, 0x000000008a600000|  0%| F|  |TAMS 0x000000008a500000, 0x000000008a500000| Untracked 
| 166|0x000000008a600000, 0x000000008a600000, 0x000000008a700000|  0%| F|  |TAMS 0x000000008a600000, 0x000000008a600000| Untracked 
| 167|0x000000008a700000, 0x000000008a700000, 0x000000008a800000|  0%| F|  |TAMS 0x000000008a700000, 0x000000008a700000| Untracked 
| 168|0x000000008a800000, 0x000000008a800000, 0x000000008a900000|  0%| F|  |TAMS 0x000000008a800000, 0x000000008a800000| Untracked 
| 169|0x000000008a900000, 0x000000008a900000, 0x000000008aa00000|  0%| F|  |TAMS 0x000000008a900000, 0x000000008a900000| Untracked 
| 170|0x000000008aa00000, 0x000000008aa00000, 0x000000008ab00000|  0%| F|  |TAMS 0x000000008aa00000, 0x000000008aa00000| Untracked 
| 171|0x000000008ab00000, 0x000000008ab00000, 0x000000008ac00000|  0%| F|  |TAMS 0x000000008ab00000, 0x000000008ab00000| Untracked 
| 172|0x000000008ac00000, 0x000000008ac00000, 0x000000008ad00000|  0%| F|  |TAMS 0x000000008ac00000, 0x000000008ac00000| Untracked 
| 173|0x000000008ad00000, 0x000000008ad00000, 0x000000008ae00000|  0%| F|  |TAMS 0x000000008ad00000, 0x000000008ad00000| Untracked 
| 174|0x000000008ae00000, 0x000000008ae00000, 0x000000008af00000|  0%| F|  |TAMS 0x000000008ae00000, 0x000000008ae00000| Untracked 
| 175|0x000000008af00000, 0x000000008af00000, 0x000000008b000000|  0%| F|  |TAMS 0x000000008af00000, 0x000000008af00000| Untracked 
| 176|0x000000008b000000, 0x000000008b000000, 0x000000008b100000|  0%| F|  |TAMS 0x000000008b000000, 0x000000008b000000| Untracked 
| 177|0x000000008b100000, 0x000000008b100000, 0x000000008b200000|  0%| F|  |TAMS 0x000000008b100000, 0x000000008b100000| Untracked 
| 178|0x000000008b200000, 0x000000008b200000, 0x000000008b300000|  0%| F|  |TAMS 0x000000008b200000, 0x000000008b200000| Untracked 
| 179|0x000000008b300000, 0x000000008b300000, 0x000000008b400000|  0%| F|  |TAMS 0x000000008b300000, 0x000000008b300000| Untracked 
| 180|0x000000008b400000, 0x000000008b400000, 0x000000008b500000|  0%| F|  |TAMS 0x000000008b400000, 0x000000008b400000| Untracked 
| 181|0x000000008b500000, 0x000000008b500000, 0x000000008b600000|  0%| F|  |TAMS 0x000000008b500000, 0x000000008b500000| Untracked 
| 182|0x000000008b600000, 0x000000008b600000, 0x000000008b700000|  0%| F|  |TAMS 0x000000008b600000, 0x000000008b600000| Untracked 
| 183|0x000000008b700000, 0x000000008b700000, 0x000000008b800000|  0%| F|  |TAMS 0x000000008b700000, 0x000000008b700000| Untracked 
| 184|0x000000008b800000, 0x000000008b800000, 0x000000008b900000|  0%| F|  |TAMS 0x000000008b800000, 0x000000008b800000| Untracked 
| 185|0x000000008b900000, 0x000000008b900000, 0x000000008ba00000|  0%| F|  |TAMS 0x000000008b900000, 0x000000008b900000| Untracked 
| 186|0x000000008ba00000, 0x000000008ba00000, 0x000000008bb00000|  0%| F|  |TAMS 0x000000008ba00000, 0x000000008ba00000| Untracked 
| 187|0x000000008bb00000, 0x000000008bb00000, 0x000000008bc00000|  0%| F|  |TAMS 0x000000008bb00000, 0x000000008bb00000| Untracked 
| 188|0x000000008bc00000, 0x000000008bc00000, 0x000000008bd00000|  0%| F|  |TAMS 0x000000008bc00000, 0x000000008bc00000| Untracked 
| 189|0x000000008bd00000, 0x000000008bd00000, 0x000000008be00000|  0%| F|  |TAMS 0x000000008bd00000, 0x000000008bd00000| Untracked 
| 190|0x000000008be00000, 0x000000008be00000, 0x000000008bf00000|  0%| F|  |TAMS 0x000000008be00000, 0x000000008be00000| Untracked 
| 191|0x000000008bf00000, 0x000000008bf00000, 0x000000008c000000|  0%| F|  |TAMS 0x000000008bf00000, 0x000000008bf00000| Untracked 
| 192|0x000000008c000000, 0x000000008c000000, 0x000000008c100000|  0%| F|  |TAMS 0x000000008c000000, 0x000000008c000000| Untracked 
| 193|0x000000008c100000, 0x000000008c100000, 0x000000008c200000|  0%| F|  |TAMS 0x000000008c100000, 0x000000008c100000| Untracked 
| 194|0x000000008c200000, 0x000000008c200000, 0x000000008c300000|  0%| F|  |TAMS 0x000000008c200000, 0x000000008c200000| Untracked 
| 195|0x000000008c300000, 0x000000008c300000, 0x000000008c400000|  0%| F|  |TAMS 0x000000008c300000, 0x000000008c300000| Untracked 
| 196|0x000000008c400000, 0x000000008c400000, 0x000000008c500000|  0%| F|  |TAMS 0x000000008c400000, 0x000000008c400000| Untracked 
| 197|0x000000008c500000, 0x000000008c500000, 0x000000008c600000|  0%| F|  |TAMS 0x000000008c500000, 0x000000008c500000| Untracked 
| 198|0x000000008c600000, 0x000000008c600000, 0x000000008c700000|  0%| F|  |TAMS 0x000000008c600000, 0x000000008c600000| Untracked 
| 199|0x000000008c700000, 0x000000008c700000, 0x000000008c800000|  0%| F|  |TAMS 0x000000008c700000, 0x000000008c700000| Untracked 
| 200|0x000000008c800000, 0x000000008c800000, 0x000000008c900000|  0%| F|  |TAMS 0x000000008c800000, 0x000000008c800000| Untracked 
| 201|0x000000008c900000, 0x000000008ca00000, 0x000000008ca00000|100%| S|CS|TAMS 0x000000008c900000, 0x000000008c900000| Complete 
| 202|0x000000008ca00000, 0x000000008ca00000, 0x000000008cb00000|  0%| F|  |TAMS 0x000000008ca00000, 0x000000008ca00000| Untracked 
| 203|0x000000008cb00000, 0x000000008cb00000, 0x000000008cc00000|  0%| F|  |TAMS 0x000000008cb00000, 0x000000008cb00000| Untracked 
| 204|0x000000008cc00000, 0x000000008cc00000, 0x000000008cd00000|  0%| F|  |TAMS 0x000000008cc00000, 0x000000008cc00000| Untracked 
| 205|0x000000008cd00000, 0x000000008cd00000, 0x000000008ce00000|  0%| F|  |TAMS 0x000000008cd00000, 0x000000008cd00000| Untracked 
| 206|0x000000008ce00000, 0x000000008ce00000, 0x000000008cf00000|  0%| F|  |TAMS 0x000000008ce00000, 0x000000008ce00000| Untracked 
| 207|0x000000008cf00000, 0x000000008cf00000, 0x000000008d000000|  0%| F|  |TAMS 0x000000008cf00000, 0x000000008cf00000| Untracked 
| 208|0x000000008d000000, 0x000000008d000000, 0x000000008d100000|  0%| F|  |TAMS 0x000000008d000000, 0x000000008d000000| Untracked 
| 209|0x000000008d100000, 0x000000008d100000, 0x000000008d200000|  0%| F|  |TAMS 0x000000008d100000, 0x000000008d100000| Untracked 
| 210|0x000000008d200000, 0x000000008d200000, 0x000000008d300000|  0%| F|  |TAMS 0x000000008d200000, 0x000000008d200000| Untracked 
| 211|0x000000008d300000, 0x000000008d300000, 0x000000008d400000|  0%| F|  |TAMS 0x000000008d300000, 0x000000008d300000| Untracked 
| 212|0x000000008d400000, 0x000000008d400000, 0x000000008d500000|  0%| F|  |TAMS 0x000000008d400000, 0x000000008d400000| Untracked 
| 213|0x000000008d500000, 0x000000008d500000, 0x000000008d600000|  0%| F|  |TAMS 0x000000008d500000, 0x000000008d500000| Untracked 
| 214|0x000000008d600000, 0x000000008d600000, 0x000000008d700000|  0%| F|  |TAMS 0x000000008d600000, 0x000000008d600000| Untracked 
| 215|0x000000008d700000, 0x000000008d700000, 0x000000008d800000|  0%| F|  |TAMS 0x000000008d700000, 0x000000008d700000| Untracked 
| 216|0x000000008d800000, 0x000000008d800000, 0x000000008d900000|  0%| F|  |TAMS 0x000000008d800000, 0x000000008d800000| Untracked 
| 217|0x000000008d900000, 0x000000008d900000, 0x000000008da00000|  0%| F|  |TAMS 0x000000008d900000, 0x000000008d900000| Untracked 
| 218|0x000000008da00000, 0x000000008da00000, 0x000000008db00000|  0%| F|  |TAMS 0x000000008da00000, 0x000000008da00000| Untracked 
| 219|0x000000008db00000, 0x000000008db00000, 0x000000008dc00000|  0%| F|  |TAMS 0x000000008db00000, 0x000000008db00000| Untracked 
| 220|0x000000008dc00000, 0x000000008dc00000, 0x000000008dd00000|  0%| F|  |TAMS 0x000000008dc00000, 0x000000008dc00000| Untracked 
| 221|0x000000008dd00000, 0x000000008dd00000, 0x000000008de00000|  0%| F|  |TAMS 0x000000008dd00000, 0x000000008dd00000| Untracked 
| 222|0x000000008de00000, 0x000000008de00000, 0x000000008df00000|  0%| F|  |TAMS 0x000000008de00000, 0x000000008de00000| Untracked 
| 223|0x000000008df00000, 0x000000008df00000, 0x000000008e000000|  0%| F|  |TAMS 0x000000008df00000, 0x000000008df00000| Untracked 
| 224|0x000000008e000000, 0x000000008e000000, 0x000000008e100000|  0%| F|  |TAMS 0x000000008e000000, 0x000000008e000000| Untracked 
| 225|0x000000008e100000, 0x000000008e100000, 0x000000008e200000|  0%| F|  |TAMS 0x000000008e100000, 0x000000008e100000| Untracked 
| 226|0x000000008e200000, 0x000000008e200000, 0x000000008e300000|  0%| F|  |TAMS 0x000000008e200000, 0x000000008e200000| Untracked 
| 227|0x000000008e300000, 0x000000008e300000, 0x000000008e400000|  0%| F|  |TAMS 0x000000008e300000, 0x000000008e300000| Untracked 
| 228|0x000000008e400000, 0x000000008e400000, 0x000000008e500000|  0%| F|  |TAMS 0x000000008e400000, 0x000000008e400000| Untracked 
| 229|0x000000008e500000, 0x000000008e500000, 0x000000008e600000|  0%| F|  |TAMS 0x000000008e500000, 0x000000008e500000| Untracked 
| 230|0x000000008e600000, 0x000000008e600000, 0x000000008e700000|  0%| F|  |TAMS 0x000000008e600000, 0x000000008e600000| Untracked 
| 231|0x000000008e700000, 0x000000008e700000, 0x000000008e800000|  0%| F|  |TAMS 0x000000008e700000, 0x000000008e700000| Untracked 
| 232|0x000000008e800000, 0x000000008e800000, 0x000000008e900000|  0%| F|  |TAMS 0x000000008e800000, 0x000000008e800000| Untracked 
| 233|0x000000008e900000, 0x000000008e900000, 0x000000008ea00000|  0%| F|  |TAMS 0x000000008e900000, 0x000000008e900000| Untracked 
| 234|0x000000008ea00000, 0x000000008ea00000, 0x000000008eb00000|  0%| F|  |TAMS 0x000000008ea00000, 0x000000008ea00000| Untracked 
| 235|0x000000008eb00000, 0x000000008eb00000, 0x000000008ec00000|  0%| F|  |TAMS 0x000000008eb00000, 0x000000008eb00000| Untracked 
| 236|0x000000008ec00000, 0x000000008ec00000, 0x000000008ed00000|  0%| F|  |TAMS 0x000000008ec00000, 0x000000008ec00000| Untracked 
| 237|0x000000008ed00000, 0x000000008ed00000, 0x000000008ee00000|  0%| F|  |TAMS 0x000000008ed00000, 0x000000008ed00000| Untracked 
| 238|0x000000008ee00000, 0x000000008ee00000, 0x000000008ef00000|  0%| F|  |TAMS 0x000000008ee00000, 0x000000008ee00000| Untracked 
| 239|0x000000008ef00000, 0x000000008ef00000, 0x000000008f000000|  0%| F|  |TAMS 0x000000008ef00000, 0x000000008ef00000| Untracked 
| 240|0x000000008f000000, 0x000000008f000000, 0x000000008f100000|  0%| F|  |TAMS 0x000000008f000000, 0x000000008f000000| Untracked 
| 241|0x000000008f100000, 0x000000008f100000, 0x000000008f200000|  0%| F|  |TAMS 0x000000008f100000, 0x000000008f100000| Untracked 
| 242|0x000000008f200000, 0x000000008f200000, 0x000000008f300000|  0%| F|  |TAMS 0x000000008f200000, 0x000000008f200000| Untracked 
| 243|0x000000008f300000, 0x000000008f300000, 0x000000008f400000|  0%| F|  |TAMS 0x000000008f300000, 0x000000008f300000| Untracked 
| 244|0x000000008f400000, 0x000000008f400000, 0x000000008f500000|  0%| F|  |TAMS 0x000000008f400000, 0x000000008f400000| Untracked 
| 245|0x000000008f500000, 0x000000008f500000, 0x000000008f600000|  0%| F|  |TAMS 0x000000008f500000, 0x000000008f500000| Untracked 
| 246|0x000000008f600000, 0x000000008f600000, 0x000000008f700000|  0%| F|  |TAMS 0x000000008f600000, 0x000000008f600000| Untracked 
| 247|0x000000008f700000, 0x000000008f700000, 0x000000008f800000|  0%| F|  |TAMS 0x000000008f700000, 0x000000008f700000| Untracked 
| 248|0x000000008f800000, 0x000000008f800000, 0x000000008f900000|  0%| F|  |TAMS 0x000000008f800000, 0x000000008f800000| Untracked 
| 249|0x000000008f900000, 0x000000008f900000, 0x000000008fa00000|  0%| F|  |TAMS 0x000000008f900000, 0x000000008f900000| Untracked 
| 250|0x000000008fa00000, 0x000000008fa00000, 0x000000008fb00000|  0%| F|  |TAMS 0x000000008fa00000, 0x000000008fa00000| Untracked 
| 251|0x000000008fb00000, 0x000000008fb00000, 0x000000008fc00000|  0%| F|  |TAMS 0x000000008fb00000, 0x000000008fb00000| Untracked 
| 252|0x000000008fc00000, 0x000000008fc00000, 0x000000008fd00000|  0%| F|  |TAMS 0x000000008fc00000, 0x000000008fc00000| Untracked 
| 253|0x000000008fd00000, 0x000000008fd00000, 0x000000008fe00000|  0%| F|  |TAMS 0x000000008fd00000, 0x000000008fd00000| Untracked 
| 254|0x000000008fe00000, 0x000000008fe00000, 0x000000008ff00000|  0%| F|  |TAMS 0x000000008fe00000, 0x000000008fe00000| Untracked 
| 255|0x000000008ff00000, 0x000000008ff00000, 0x0000000090000000|  0%| F|  |TAMS 0x000000008ff00000, 0x000000008ff00000| Untracked 
| 256|0x0000000090000000, 0x0000000090000000, 0x0000000090100000|  0%| F|  |TAMS 0x0000000090000000, 0x0000000090000000| Untracked 
| 257|0x0000000090100000, 0x0000000090100000, 0x0000000090200000|  0%| F|  |TAMS 0x0000000090100000, 0x0000000090100000| Untracked 
| 258|0x0000000090200000, 0x0000000090200000, 0x0000000090300000|  0%| F|  |TAMS 0x0000000090200000, 0x0000000090200000| Untracked 
| 259|0x0000000090300000, 0x0000000090300000, 0x0000000090400000|  0%| F|  |TAMS 0x0000000090300000, 0x0000000090300000| Untracked 
| 260|0x0000000090400000, 0x0000000090400000, 0x0000000090500000|  0%| F|  |TAMS 0x0000000090400000, 0x0000000090400000| Untracked 
| 261|0x0000000090500000, 0x0000000090500000, 0x0000000090600000|  0%| F|  |TAMS 0x0000000090500000, 0x0000000090500000| Untracked 
| 262|0x0000000090600000, 0x0000000090600000, 0x0000000090700000|  0%| F|  |TAMS 0x0000000090600000, 0x0000000090600000| Untracked 
| 263|0x0000000090700000, 0x0000000090700000, 0x0000000090800000|  0%| F|  |TAMS 0x0000000090700000, 0x0000000090700000| Untracked 

Card table byte_map: [0x00000203c3010000,0x00000203c3410000] _byte_map_base: 0x00000203c2c10000

Marking Bits (Prev, Next): (CMBitMap*) 0x00000203afe3f270, (CMBitMap*) 0x00000203afe3f238
 Prev Bits: [0x00000203c5810000, 0x00000203c7810000)
 Next Bits: [0x00000203c3810000, 0x00000203c5810000)

Polling page: 0x00000203af5a0000

Metaspace:

Usage:
  Non-class:     95.59 MB capacity,    93.91 MB ( 98%) used,     1.33 MB (  1%) free+waste,   355.75 KB ( <1%) overhead. 
      Class:     14.95 MB capacity,    13.86 MB ( 93%) used,   952.39 KB (  6%) free+waste,   160.81 KB (  1%) overhead. 
       Both:    110.54 MB capacity,   107.78 MB ( 98%) used,     2.26 MB (  2%) free+waste,   516.56 KB ( <1%) overhead. 

Virtual space:
  Non-class space:       98.00 MB reserved,      97.84 MB (>99%) committed 
      Class space:        1.00 GB reserved,      16.52 MB (  2%) committed 
             Both:        1.10 GB reserved,     114.36 MB ( 10%) committed 

Chunk freelists:
   Non-Class:  2.18 MB
       Class:  1.49 MB
        Both:  3.67 MB

MaxMetaspaceSize: 17179869184.00 GB
CompressedClassSpaceSize: 1.00 GB
Initial GC threshold: 20.80 MB
Current GC threshold: 190.18 MB
CDS: off

CodeHeap 'non-profiled nmethods': size=120000Kb used=7631Kb max_used=7631Kb free=112368Kb
 bounds [0x00000203bb3b0000, 0x00000203bbb30000, 0x00000203c28e0000]
CodeHeap 'profiled nmethods': size=120000Kb used=33313Kb max_used=33313Kb free=86686Kb
 bounds [0x00000203b3e80000, 0x00000203b5f10000, 0x00000203bb3b0000]
CodeHeap 'non-nmethods': size=5760Kb used=2405Kb max_used=2456Kb free=3354Kb
 bounds [0x00000203b38e0000, 0x00000203b3b60000, 0x00000203b3e80000]
 total_blobs=14784 nmethods=13852 adapters=843
 compilation: enabled
              stopped_count=0, restarted_count=0
 full_count=0

Compilation events (20 events):
Event: 14.879 Thread 0x00000203cab35000 nmethod 14493 0x00000203b5f05290 code [0x00000203b5f05440, 0x00000203b5f05538]
Event: 14.879 Thread 0x00000203cab35000 14326       2       com.android.tools.r8.internal.Ad::<init> (11 bytes)
Event: 14.879 Thread 0x00000203cab35000 nmethod 14326 0x00000203b5f05610 code [0x00000203b5f057c0, 0x00000203b5f05928]
Event: 14.879 Thread 0x00000203cab35000 14312       2       com.android.tools.r8.internal.v1::w (5 bytes)
Event: 14.879 Thread 0x00000203cab35000 nmethod 14312 0x00000203b5f05a10 code [0x00000203b5f05bc0, 0x00000203b5f05cf8]
Event: 14.879 Thread 0x00000203cab35000 14519       2       com.android.tools.r8.internal.Kg::a (5 bytes)
Event: 14.879 Thread 0x00000203cab35000 nmethod 14519 0x00000203b5f05d90 code [0x00000203b5f05f40, 0x00000203b5f06038]
Event: 14.879 Thread 0x00000203cab35000 14105       2       com.android.tools.r8.internal.Cv::a (126 bytes)
Event: 14.880 Thread 0x00000203cab35000 nmethod 14105 0x00000203b5f06110 code [0x00000203b5f06320, 0x00000203b5f06728]
Event: 14.881 Thread 0x00000203cab35000 14117       2       java.util.HashMap$EntrySpliterator::characteristics (30 bytes)
Event: 14.881 Thread 0x00000203cab35000 nmethod 14117 0x00000203b5f06a10 code [0x00000203b5f06bc0, 0x00000203b5f06cf8]
Event: 14.881 Thread 0x00000203cab35000 14148       2       com.android.tools.r8.internal.Cs::l (45 bytes)
Event: 14.881 Thread 0x00000203cab35000 nmethod 14148 0x00000203b5f06d90 code [0x00000203b5f06f60, 0x00000203b5f07248]
Event: 14.881 Thread 0x00000203cab35000 14138       2       com.android.tools.r8.internal.J::entrySet (7 bytes)
Event: 14.882 Thread 0x00000203cab35000 nmethod 14138 0x00000203b5f07390 code [0x00000203b5f07540, 0x00000203b5f07668]
Event: 14.882 Thread 0x00000203cab35000 14524       2       com.android.tools.r8.internal.Nq::i (12 bytes)
Event: 14.882 Thread 0x00000203cab35000 nmethod 14524 0x00000203b5f07710 code [0x00000203b5f078e0, 0x00000203b5f07aa8]
Event: 14.882 Thread 0x00000203cab35000 14397       2       com.android.tools.r8.internal.QJ::<init> (80 bytes)
Event: 14.883 Thread 0x00000203cab35000 nmethod 14397 0x00000203b5f07c10 code [0x00000203b5f07e40, 0x00000203b5f08378]
Event: 14.883 Thread 0x00000203cab35000 14527       2       com.android.tools.r8.internal.F8::<init> (143 bytes)

GC Heap History (20 events):
Event: 11.690 GC heap after
{Heap after GC invocations=25 (full 0):
 garbage-first heap   total 187392K, used 102932K [0x0000000080000000, 0x0000000100000000)
  region size 1024K, 5 young (5120K), 5 survivors (5120K)
 Metaspace       used 107592K, capacity 111368K, committed 111600K, reserved 1144832K
  class space    used 14405K, capacity 16008K, committed 16024K, reserved 1048576K
}
Event: 11.962 GC heap before
{Heap before GC invocations=26 (full 0):
 garbage-first heap   total 187392K, used 155156K [0x0000000080000000, 0x0000000100000000)
  region size 1024K, 56 young (57344K), 5 survivors (5120K)
 Metaspace       used 109988K, capacity 113947K, committed 114160K, reserved 1146880K
  class space    used 14791K, capacity 16486K, committed 16536K, reserved 1048576K
}
Event: 11.969 GC heap after
{Heap after GC invocations=27 (full 0):
 garbage-first heap   total 225280K, used 103191K [0x0000000080000000, 0x0000000100000000)
  region size 1024K, 2 young (2048K), 2 survivors (2048K)
 Metaspace       used 109988K, capacity 113947K, committed 114160K, reserved 1146880K
  class space    used 14791K, capacity 16486K, committed 16536K, reserved 1048576K
}
Event: 12.299 GC heap before
{Heap before GC invocations=27 (full 0):
 garbage-first heap   total 225280K, used 177943K [0x0000000080000000, 0x0000000100000000)
  region size 1024K, 77 young (78848K), 2 survivors (2048K)
 Metaspace       used 111279K, capacity 115423K, committed 115696K, reserved 1148928K
  class space    used 14970K, capacity 16741K, committed 16792K, reserved 1048576K
}
Event: 12.309 GC heap after
{Heap after GC invocations=28 (full 0):
 garbage-first heap   total 225280K, used 106971K [0x0000000080000000, 0x0000000100000000)
  region size 1024K, 5 young (5120K), 5 survivors (5120K)
 Metaspace       used 111279K, capacity 115423K, committed 115696K, reserved 1148928K
  class space    used 14970K, capacity 16741K, committed 16792K, reserved 1048576K
}
Event: 12.721 GC heap before
{Heap before GC invocations=29 (full 0):
 garbage-first heap   total 225280K, used 182747K [0x0000000080000000, 0x0000000100000000)
  region size 1024K, 78 young (79872K), 5 survivors (5120K)
 Metaspace       used 109552K, capacity 112393K, committed 116208K, reserved 1148928K
  class space    used 14165K, capacity 15270K, committed 16792K, reserved 1048576K
}
Event: 12.730 GC heap after
{Heap after GC invocations=30 (full 0):
 garbage-first heap   total 225280K, used 117582K [0x0000000080000000, 0x0000000100000000)
  region size 1024K, 10 young (10240K), 10 survivors (10240K)
 Metaspace       used 109552K, capacity 112393K, committed 116208K, reserved 1148928K
  class space    used 14165K, capacity 15270K, committed 16792K, reserved 1048576K
}
Event: 12.904 GC heap before
{Heap before GC invocations=30 (full 0):
 garbage-first heap   total 225280K, used 183118K [0x0000000080000000, 0x0000000100000000)
  region size 1024K, 74 young (75776K), 10 survivors (10240K)
 Metaspace       used 109600K, capacity 112407K, committed 116208K, reserved 1148928K
  class space    used 14168K, capacity 15274K, committed 16792K, reserved 1048576K
}
Event: 12.919 GC heap after
{Heap after GC invocations=31 (full 0):
 garbage-first heap   total 225280K, used 124497K [0x0000000080000000, 0x0000000100000000)
  region size 1024K, 10 young (10240K), 10 survivors (10240K)
 Metaspace       used 109600K, capacity 112407K, committed 116208K, reserved 1148928K
  class space    used 14168K, capacity 15274K, committed 16792K, reserved 1048576K
}
Event: 13.107 GC heap before
{Heap before GC invocations=31 (full 0):
 garbage-first heap   total 225280K, used 182865K [0x0000000080000000, 0x0000000100000000)
  region size 1024K, 68 young (69632K), 10 survivors (10240K)
 Metaspace       used 110015K, capacity 112879K, committed 116848K, reserved 1148928K
  class space    used 14206K, capacity 15320K, committed 16920K, reserved 1048576K
}
Event: 13.120 GC heap after
{Heap after GC invocations=32 (full 0):
 garbage-first heap   total 225280K, used 131072K [0x0000000080000000, 0x0000000100000000)
  region size 1024K, 8 young (8192K), 8 survivors (8192K)
 Metaspace       used 110015K, capacity 112879K, committed 116848K, reserved 1148928K
  class space    used 14206K, capacity 15320K, committed 16920K, reserved 1048576K
}
Event: 13.259 GC heap before
{Heap before GC invocations=33 (full 0):
 garbage-first heap   total 225280K, used 185344K [0x0000000080000000, 0x0000000100000000)
  region size 1024K, 61 young (62464K), 8 survivors (8192K)
 Metaspace       used 110103K, capacity 112991K, committed 116848K, reserved 1148928K
  class space    used 14219K, capacity 15356K, committed 16920K, reserved 1048576K
}
Event: 13.274 GC heap after
{Heap after GC invocations=34 (full 0):
 garbage-first heap   total 270336K, used 136291K [0x0000000080000000, 0x0000000100000000)
  region size 1024K, 6 young (6144K), 6 survivors (6144K)
 Metaspace       used 110103K, capacity 112991K, committed 116848K, reserved 1148928K
  class space    used 14219K, capacity 15356K, committed 16920K, reserved 1048576K
}
Event: 13.550 GC heap before
{Heap before GC invocations=34 (full 0):
 garbage-first heap   total 270336K, used 207971K [0x0000000080000000, 0x0000000100000000)
  region size 1024K, 77 young (78848K), 6 survivors (6144K)
 Metaspace       used 110131K, capacity 113002K, committed 116848K, reserved 1148928K
  class space    used 14221K, capacity 15358K, committed 16920K, reserved 1048576K
}
Event: 13.582 GC heap after
{Heap after GC invocations=35 (full 0):
 garbage-first heap   total 270336K, used 145276K [0x0000000080000000, 0x0000000100000000)
  region size 1024K, 10 young (10240K), 10 survivors (10240K)
 Metaspace       used 110131K, capacity 113002K, committed 116848K, reserved 1148928K
  class space    used 14221K, capacity 15358K, committed 16920K, reserved 1048576K
}
Event: 14.022 GC heap before
{Heap before GC invocations=35 (full 0):
 garbage-first heap   total 270336K, used 214908K [0x0000000080000000, 0x0000000100000000)
  region size 1024K, 78 young (79872K), 10 survivors (10240K)
 Metaspace       used 110038K, capacity 112840K, committed 116848K, reserved 1148928K
  class space    used 14188K, capacity 15300K, committed 16920K, reserved 1048576K
}
Event: 14.058 GC heap after
{Heap after GC invocations=36 (full 0):
 garbage-first heap   total 270336K, used 153024K [0x0000000080000000, 0x0000000100000000)
  region size 1024K, 9 young (9216K), 9 survivors (9216K)
 Metaspace       used 110038K, capacity 112840K, committed 116848K, reserved 1148928K
  class space    used 14188K, capacity 15300K, committed 16920K, reserved 1048576K
}
Event: 14.420 GC heap before
{Heap before GC invocations=37 (full 0):
 garbage-first heap   total 270336K, used 218560K [0x0000000080000000, 0x0000000100000000)
  region size 1024K, 73 young (74752K), 9 survivors (9216K)
 Metaspace       used 110209K, capacity 113041K, committed 117104K, reserved 1148928K
  class space    used 14189K, capacity 15302K, committed 16920K, reserved 1048576K
}
Event: 14.452 GC heap after
{Heap after GC invocations=38 (full 0):
 garbage-first heap   total 270336K, used 159312K [0x0000000080000000, 0x0000000100000000)
  region size 1024K, 7 young (7168K), 7 survivors (7168K)
 Metaspace       used 110209K, capacity 113041K, committed 117104K, reserved 1148928K
  class space    used 14189K, capacity 15302K, committed 16920K, reserved 1048576K
}
Event: 14.884 GC heap before
{Heap before GC invocations=38 (full 0):
 garbage-first heap   total 270336K, used 221776K [0x0000000080000000, 0x0000000100000000)
  region size 1024K, 69 young (70656K), 7 survivors (7168K)
 Metaspace       used 110365K, capacity 113195K, committed 117104K, reserved 1148928K
  class space    used 14196K, capacity 15310K, committed 16920K, reserved 1048576K
}

Deoptimization events (20 events):
Event: 14.579 Thread 0x00000203ce8af000 DEOPT PACKING pc=0x00000203b578ca9b sp=0x000000ae6b1f8d90
Event: 14.579 Thread 0x00000203ce8af000 DEOPT UNPACKING pc=0x00000203b392a95e sp=0x000000ae6b1f8290 mode 0
Event: 14.651 Thread 0x00000203d0cf1000 DEOPT PACKING pc=0x00000203b5954e74 sp=0x000000ae6e9f9680
Event: 14.651 Thread 0x00000203d0cf1000 DEOPT UNPACKING pc=0x00000203b392a95e sp=0x000000ae6e9f8cd0 mode 0
Event: 14.719 Thread 0x00000203d0cf1000 DEOPT PACKING pc=0x00000203b59b2e04 sp=0x000000ae6e9f9580
Event: 14.719 Thread 0x00000203d0cf1000 DEOPT UNPACKING pc=0x00000203b392a95e sp=0x000000ae6e9f8be8 mode 0
Event: 14.777 Thread 0x00000203ce8af000 Uncommon trap: trap_request=0xffffff4d fr.pc=0x00000203bb785b00 relative=0x0000000000000680
Event: 14.778 Thread 0x00000203ce8af000 Uncommon trap: reason=unstable_if action=reinterpret pc=0x00000203bb785b00 method=java.util.HashMap$HashIterator.<init>(Ljava/util/HashMap;)V @ 45 c2
Event: 14.778 Thread 0x00000203ce8af000 DEOPT PACKING pc=0x00000203bb785b00 sp=0x000000ae6b1f9550
Event: 14.778 Thread 0x00000203ce8af000 DEOPT UNPACKING pc=0x00000203b392a1af sp=0x000000ae6b1f93d8 mode 2
Event: 14.778 Thread 0x00000203ce8af000 Uncommon trap: trap_request=0xffffff4d fr.pc=0x00000203bb724274 relative=0x0000000000000354
Event: 14.778 Thread 0x00000203ce8af000 Uncommon trap: reason=unstable_if action=reinterpret pc=0x00000203bb724274 method=java.util.HashMap$HashIterator.<init>(Ljava/util/HashMap;)V @ 45 c2
Event: 14.778 Thread 0x00000203ce8af000 DEOPT PACKING pc=0x00000203bb724274 sp=0x000000ae6b1f9480
Event: 14.778 Thread 0x00000203ce8af000 DEOPT UNPACKING pc=0x00000203b392a1af sp=0x000000ae6b1f9438 mode 2
Event: 14.794 Thread 0x00000203d28cb000 DEOPT PACKING pc=0x00000203b54a66cc sp=0x000000ae6c1ff210
Event: 14.794 Thread 0x00000203d28cb000 DEOPT UNPACKING pc=0x00000203b392a95e sp=0x000000ae6c1fe7e0 mode 0
Event: 14.833 Thread 0x00000203d0cf1000 Uncommon trap: trap_request=0xffffff4d fr.pc=0x00000203bbb0df50 relative=0x00000000000004b0
Event: 14.833 Thread 0x00000203d0cf1000 Uncommon trap: reason=unstable_if action=reinterpret pc=0x00000203bbb0df50 method=com.android.tools.r8.internal.Gf.a(C)Z @ 15 c2
Event: 14.833 Thread 0x00000203d0cf1000 DEOPT PACKING pc=0x00000203bbb0df50 sp=0x000000ae6e9f9600
Event: 14.833 Thread 0x00000203d0cf1000 DEOPT UNPACKING pc=0x00000203b392a1af sp=0x000000ae6e9f94b0 mode 2

Classes redefined (0 events):
No events

Internal exceptions (20 events):
Event: 12.579 Thread 0x00000203d4316000 Exception <a 'sun/nio/fs/WindowsException'{0x000000008bde3180}> (0x000000008bde3180) thrown at [./src/hotspot/share/prims/jni.cpp, line 616]
Event: 12.605 Thread 0x00000203d0cfd800 Exception <a 'sun/nio/fs/WindowsException'{0x000000008b66ce48}> (0x000000008b66ce48) thrown at [./src/hotspot/share/prims/jni.cpp, line 616]
Event: 12.661 Thread 0x00000203d0cf1000 Exception <a 'sun/nio/fs/WindowsException'{0x000000008a548858}> (0x000000008a548858) thrown at [./src/hotspot/share/prims/jni.cpp, line 616]
Event: 12.731 Thread 0x00000203d0c2e800 Exception <a 'sun/nio/fs/WindowsException'{0x000000008db1a828}> (0x000000008db1a828) thrown at [./src/hotspot/share/prims/jni.cpp, line 616]
Event: 12.760 Thread 0x00000203d0c2e800 Exception <a 'sun/nio/fs/WindowsException'{0x000000008d6af870}> (0x000000008d6af870) thrown at [./src/hotspot/share/prims/jni.cpp, line 616]
Event: 12.779 Thread 0x00000203d0cfd800 Exception <a 'sun/nio/fs/WindowsException'{0x000000008cbdcdd0}> (0x000000008cbdcdd0) thrown at [./src/hotspot/share/prims/jni.cpp, line 616]
Event: 12.919 Thread 0x00000203ce8ab000 Exception <a 'sun/nio/fs/WindowsException'{0x000000008db4d608}> (0x000000008db4d608) thrown at [./src/hotspot/share/prims/jni.cpp, line 616]
Event: 12.945 Thread 0x00000203d0c27000 Exception <a 'sun/nio/fs/WindowsException'{0x000000008d253c18}> (0x000000008d253c18) thrown at [./src/hotspot/share/prims/jni.cpp, line 616]
Event: 12.952 Thread 0x00000203d28d1800 Exception <a 'sun/nio/fs/WindowsException'{0x000000008cea4b60}> (0x000000008cea4b60) thrown at [./src/hotspot/share/prims/jni.cpp, line 616]
Event: 12.965 Thread 0x00000203ce8af000 Exception <a 'java/lang/NoSuchMethodError'{0x000000008c8b4108}: 'java.lang.Object java.lang.invoke.DirectMethodHandle$Holder.invokeInterface(java.lang.Object, java.lang.Object, java.lang.Object, java.lang.Object)'> (0x000000008c8b4108) thrown at [./src/hotspot/share/interpreter/linkResolver.cpp, line 773]
Event: 12.966 Thread 0x00000203ce8af000 Exception <a 'java/lang/IncompatibleClassChangeError'{0x000000008c8b7c28}: Found class java.lang.Object, but interface was expected> (0x000000008c8b7c28) thrown at [./src/hotspot/share/interpreter/linkResolver.cpp, line 839]
Event: 13.030 Thread 0x00000203d28d1800 Exception <a 'sun/nio/fs/WindowsException'{0x000000008b425a70}> (0x000000008b425a70) thrown at [./src/hotspot/share/prims/jni.cpp, line 616]
Event: 13.083 Thread 0x00000203d0cf2000 Exception <a 'sun/nio/fs/WindowsException'{0x000000008ab66948}> (0x000000008ab66948) thrown at [./src/hotspot/share/prims/jni.cpp, line 616]
Event: 13.142 Thread 0x00000203d0c2c000 Exception <a 'sun/nio/fs/WindowsException'{0x000000008d79a680}> (0x000000008d79a680) thrown at [./src/hotspot/share/prims/jni.cpp, line 616]
Event: 13.175 Thread 0x00000203d0c2c000 Exception <a 'sun/nio/fs/WindowsException'{0x000000008c4c6f88}> (0x000000008c4c6f88) thrown at [./src/hotspot/share/prims/jni.cpp, line 616]
Event: 13.220 Thread 0x00000203d0c31800 Exception <a 'sun/nio/fs/WindowsException'{0x000000008b7e4ec0}> (0x000000008b7e4ec0) thrown at [./src/hotspot/share/prims/jni.cpp, line 616]
Event: 13.293 Thread 0x00000203d28cb000 Exception <a 'sun/nio/fs/WindowsException'{0x000000008fe08d30}> (0x000000008fe08d30) thrown at [./src/hotspot/share/prims/jni.cpp, line 616]
Event: 13.373 Thread 0x00000203d0cf2800 Exception <a 'sun/nio/fs/WindowsException'{0x000000008e817060}> (0x000000008e817060) thrown at [./src/hotspot/share/prims/jni.cpp, line 616]
Event: 14.543 Thread 0x00000203d0cf2000 Exception <a 'sun/nio/fs/WindowsException'{0x000000008ffc0ce8}> (0x000000008ffc0ce8) thrown at [./src/hotspot/share/prims/jni.cpp, line 616]
Event: 14.709 Thread 0x00000203d28cb000 Exception <a 'sun/nio/fs/WindowsException'{0x000000008e0e4cf8}> (0x000000008e0e4cf8) thrown at [./src/hotspot/share/prims/jni.cpp, line 616]

Events (20 events):
Event: 14.601 loading class com/android/tools/r8/internal/yY done
Event: 14.601 loading class com/android/tools/r8/internal/yY
Event: 14.601 loading class com/android/tools/r8/internal/yY done
Event: 14.601 loading class com/android/tools/r8/internal/xY
Event: 14.601 loading class com/android/tools/r8/internal/xY done
Event: 14.601 loading class com/android/tools/r8/code/J0
Event: 14.601 loading class com/android/tools/r8/code/J0 done
Event: 14.602 loading class com/android/tools/r8/code/J0
Event: 14.602 loading class com/android/tools/r8/code/J0 done
Event: 14.602 loading class com/android/tools/r8/code/J0
Event: 14.602 loading class com/android/tools/r8/code/J0 done
Event: 14.722 Executing VM operation: ICBufferFull
Event: 14.723 Executing VM operation: ICBufferFull done
Event: 14.772 loading class com/android/tools/r8/code/M2
Event: 14.772 loading class com/android/tools/r8/code/M2 done
Event: 14.773 loading class com/android/tools/r8/code/L2
Event: 14.773 loading class com/android/tools/r8/code/L2 done
Event: 14.777 loading class com/android/tools/r8/internal/xI
Event: 14.777 loading class com/android/tools/r8/internal/xI done
Event: 14.883 Executing VM operation: G1CollectForAllocation


Dynamic libraries:
0x00007ff7eae80000 - 0x00007ff7eae8a000 	C:\Program Files\Android\Android Studio\jre\bin\java.exe
0x00007ffd5f870000 - 0x00007ffd5fa68000 	C:\WINDOWS\SYSTEM32\ntdll.dll
0x00007ffd5da70000 - 0x00007ffd5db2f000 	C:\WINDOWS\System32\KERNEL32.DLL
0x00007ffd5d2f0000 - 0x00007ffd5d5c2000 	C:\WINDOWS\System32\KERNELBASE.dll
0x00007ffd5d710000 - 0x00007ffd5d810000 	C:\WINDOWS\System32\ucrtbase.dll
0x00007ffd35460000 - 0x00007ffd35479000 	C:\Program Files\Android\Android Studio\jre\bin\jli.dll
0x00007ffd5d8d0000 - 0x00007ffd5da6d000 	C:\WINDOWS\System32\USER32.dll
0x00007ffd5d6e0000 - 0x00007ffd5d702000 	C:\WINDOWS\System32\win32u.dll
0x00007ffd5f5f0000 - 0x00007ffd5f61b000 	C:\WINDOWS\System32\GDI32.dll
0x00007ffd5d5d0000 - 0x00007ffd5d6df000 	C:\WINDOWS\System32\gdi32full.dll
0x00007ffd5d1c0000 - 0x00007ffd5d25d000 	C:\WINDOWS\System32\msvcp_win.dll
0x00007ffd35440000 - 0x00007ffd35457000 	C:\Program Files\Android\Android Studio\jre\bin\VCRUNTIME140.dll
0x00007ffd47b40000 - 0x00007ffd47dda000 	C:\WINDOWS\WinSxS\amd64_microsoft.windows.common-controls_6595b64144ccf1df_6.0.19041.1110_none_60b5254171f9507e\COMCTL32.dll
0x00007ffd5e4b0000 - 0x00007ffd5e54e000 	C:\WINDOWS\System32\msvcrt.dll
0x00007ffd5f370000 - 0x00007ffd5f3a2000 	C:\WINDOWS\System32\IMM32.DLL
0x00007ffcdcb10000 - 0x00007ffcdcc25000 	C:\Program Files\Topaz OFD\Warsaw\wslbscr64.dll
0x00007ffd5e380000 - 0x00007ffd5e42e000 	C:\WINDOWS\System32\ADVAPI32.dll
0x00007ffd5f6b0000 - 0x00007ffd5f74c000 	C:\WINDOWS\System32\sechost.dll
0x00007ffd5dc40000 - 0x00007ffd5dd65000 	C:\WINDOWS\System32\RPCRT4.dll
0x00007ffd5e9c0000 - 0x00007ffd5f103000 	C:\WINDOWS\System32\SHELL32.dll
0x00007ffd5c100000 - 0x00007ffd5c133000 	C:\WINDOWS\SYSTEM32\ntmarta.dll
0x00007ffcdca10000 - 0x00007ffcdcb04000 	C:\Program Files\Topaz OFD\Warsaw\wslbscrwh64.dll
0x00007ffd30e10000 - 0x00007ffd30ead000 	C:\Program Files\Android\Android Studio\jre\bin\msvcp140.dll
0x00007ffcf1000000 - 0x00007ffcf1b02000 	C:\Program Files\Android\Android Studio\jre\bin\server\jvm.dll
0x00007ffd5f5c0000 - 0x00007ffd5f5c8000 	C:\WINDOWS\System32\PSAPI.DLL
0x00007ffd41620000 - 0x00007ffd41629000 	C:\WINDOWS\SYSTEM32\WSOCK32.dll
0x00007ffd5e430000 - 0x00007ffd5e49b000 	C:\WINDOWS\System32\WS2_32.dll
0x00007ffd48f20000 - 0x00007ffd48f47000 	C:\WINDOWS\SYSTEM32\WINMM.dll
0x00007ffd55230000 - 0x00007ffd5523a000 	C:\WINDOWS\SYSTEM32\VERSION.dll
0x00007ffd5ae30000 - 0x00007ffd5ae42000 	C:\WINDOWS\SYSTEM32\kernel.appcore.dll
0x00007ffd575b0000 - 0x00007ffd575c1000 	C:\Program Files\Android\Android Studio\jre\bin\verify.dll
0x00007ffd4a490000 - 0x00007ffd4a674000 	C:\WINDOWS\SYSTEM32\DBGHELP.DLL
0x00007ffd48f50000 - 0x00007ffd48f7c000 	C:\WINDOWS\SYSTEM32\dbgcore.DLL
0x00007ffd5d260000 - 0x00007ffd5d2e2000 	C:\WINDOWS\System32\bcryptPrimitives.dll
0x00007ffd56190000 - 0x00007ffd561b9000 	C:\Program Files\Android\Android Studio\jre\bin\java.dll
0x00007ffd575a0000 - 0x00007ffd575ab000 	C:\Program Files\Android\Android Studio\jre\bin\jimage.dll
0x00007ffd4b910000 - 0x00007ffd4b928000 	C:\Program Files\Android\Android Studio\jre\bin\zip.dll
0x00007ffd5b030000 - 0x00007ffd5b7c2000 	C:\WINDOWS\SYSTEM32\windows.storage.dll
0x00000203cafd0000 - 0x00000203cb324000 	C:\WINDOWS\System32\combase.dll
0x00007ffd5c9d0000 - 0x00007ffd5ca00000 	C:\WINDOWS\SYSTEM32\Wldp.dll
0x00000203cb330000 - 0x00000203cb3dd000 	C:\WINDOWS\System32\SHCORE.dll
0x00007ffd5e2a0000 - 0x00007ffd5e2f5000 	C:\WINDOWS\System32\shlwapi.dll
0x00007ffd5ceb0000 - 0x00007ffd5cecf000 	C:\WINDOWS\SYSTEM32\profapi.dll
0x00007ffd4b8f0000 - 0x00007ffd4b90a000 	C:\Program Files\Android\Android Studio\jre\bin\net.dll
0x00007ffd4dc90000 - 0x00007ffd4dd9c000 	C:\WINDOWS\SYSTEM32\WINHTTP.dll
0x00007ffd5c730000 - 0x00007ffd5c79a000 	C:\WINDOWS\system32\mswsock.dll
0x00007ffd4b8d0000 - 0x00007ffd4b8e4000 	C:\Program Files\Android\Android Studio\jre\bin\nio.dll
0x00007ffd34740000 - 0x00007ffd34767000 	C:\Users\rober\.gradle\native\e1d6ef7f7dcc3fd88c89a11ec53ec762bb8ba0a96d01ffa2cd45eb1d1d8dd5c5\windows-amd64\native-platform.dll
0x00007ffd30cc0000 - 0x00007ffd30e04000 	C:\Users\rober\.gradle\native\0d407fdbe67a94daf76414ababcb853783967236a71b16ec16e742cd7a986fd3\windows-amd64\native-platform-file-events.dll
0x00007ffd56180000 - 0x00007ffd5618a000 	C:\Program Files\Android\Android Studio\jre\bin\management.dll
0x00007ffd56140000 - 0x00007ffd5614d000 	C:\Program Files\Android\Android Studio\jre\bin\management_ext.dll
0x00007ffd5c920000 - 0x00007ffd5c938000 	C:\WINDOWS\SYSTEM32\CRYPTSP.dll
0x00007ffd5bfe0000 - 0x00007ffd5c014000 	C:\WINDOWS\system32\rsaenh.dll
0x00007ffd5d120000 - 0x00007ffd5d147000 	C:\WINDOWS\System32\bcrypt.dll
0x00007ffd5ce30000 - 0x00007ffd5ce5e000 	C:\WINDOWS\SYSTEM32\USERENV.dll
0x00007ffd5c940000 - 0x00007ffd5c94c000 	C:\WINDOWS\SYSTEM32\CRYPTBASE.dll
0x00007ffd5c3d0000 - 0x00007ffd5c40b000 	C:\WINDOWS\SYSTEM32\IPHLPAPI.DLL
0x00007ffd5d8c0000 - 0x00007ffd5d8c8000 	C:\WINDOWS\System32\NSI.dll
0x00007ffd53330000 - 0x00007ffd53347000 	C:\WINDOWS\SYSTEM32\dhcpcsvc6.DLL
0x00007ffd54400000 - 0x00007ffd5441d000 	C:\WINDOWS\SYSTEM32\dhcpcsvc.DLL
0x00007ffd5c410000 - 0x00007ffd5c4da000 	C:\WINDOWS\SYSTEM32\DNSAPI.dll

dbghelp: loaded successfully - version: 4.0.5 - missing functions: none
symbol engine: initialized successfully - sym options: 0x614 - pdb path: .;C:\Program Files\Android\Android Studio\jre\bin;C:\WINDOWS\SYSTEM32;C:\WINDOWS\WinSxS\amd64_microsoft.windows.common-controls_6595b64144ccf1df_6.0.19041.1110_none_60b5254171f9507e;C:\Program Files\Topaz OFD\Warsaw;C:\Program Files\Android\Android Studio\jre\bin\server;C:\Users\rober\.gradle\native\e1d6ef7f7dcc3fd88c89a11ec53ec762bb8ba0a96d01ffa2cd45eb1d1d8dd5c5\windows-amd64;C:\Users\rober\.gradle\native\0d407fdbe67a94daf76414ababcb853783967236a71b16ec16e742cd7a986fd3\windows-amd64

VM Arguments:
jvm_args: --add-opens=java.base/java.util=ALL-UNNAMED --add-opens=java.base/java.lang=ALL-UNNAMED --add-opens=java.base/java.lang.invoke=ALL-UNNAMED --add-opens=java.base/java.util=ALL-UNNAMED --add-opens=java.prefs/java.util.prefs=ALL-UNNAMED --add-opens=java.prefs/java.util.prefs=ALL-UNNAMED --add-opens=java.base/java.nio.charset=ALL-UNNAMED --add-opens=java.base/java.net=ALL-UNNAMED --add-opens=java.base/java.util.concurrent.atomic=ALL-UNNAMED -Xmx2048m -Dfile.encoding=UTF-8 -Duser.country=BR -Duser.language=pt -Duser.variant 
java_command: org.gradle.launcher.daemon.bootstrap.GradleDaemon 7.4
java_class_path (initial): C:\Users\rober\.gradle\wrapper\dists\gradle-7.4-bin\c0gwcg53nkjbqw7r0h0umtfvt\gradle-7.4\lib\gradle-launcher-7.4.jar
Launcher Type: SUN_STANDARD

[Global flags]
     intx CICompilerCount                          = 4                                         {product} {ergonomic}
     uint ConcGCThreads                            = 2                                         {product} {ergonomic}
     uint G1ConcRefinementThreads                  = 8                                         {product} {ergonomic}
   size_t G1HeapRegionSize                         = 1048576                                   {product} {ergonomic}
    uintx GCDrainStackTargetSize                   = 64                                        {product} {ergonomic}
   size_t InitialHeapSize                          = 132120576                                 {product} {ergonomic}
   size_t MarkStackSize                            = 4194304                                   {product} {ergonomic}
   size_t MaxHeapSize                              = 2147483648                                {product} {command line}
   size_t MaxNewSize                               = 1287651328                                {product} {ergonomic}
   size_t MinHeapDeltaBytes                        = 1048576                                   {product} {ergonomic}
    uintx NonNMethodCodeHeapSize                   = 5836300                                {pd product} {ergonomic}
    uintx NonProfiledCodeHeapSize                  = 122910970                              {pd product} {ergonomic}
    uintx ProfiledCodeHeapSize                     = 122910970                              {pd product} {ergonomic}
    uintx ReservedCodeCacheSize                    = 251658240                              {pd product} {ergonomic}
     bool SegmentedCodeCache                       = true                                      {product} {ergonomic}
     bool UseCompressedClassPointers               = true                                 {lp64_product} {ergonomic}
     bool UseCompressedOops                        = true                                 {lp64_product} {ergonomic}
     bool UseG1GC                                  = true                                      {product} {ergonomic}
     bool UseLargePagesIndividualAllocation        = false                                  {pd product} {ergonomic}

Logging:
Log output configuration:
 #0: stdout all=warning uptime,level,tags
 #1: stderr all=off uptime,level,tags

Environment Variables:
PATH=C:\Windows\system32;C:\Windows;C:\Windows\System32\Wbem;C:\Windows\System32\WindowsPowerShell\v1.0\;C:\Windows\System32\OpenSSH\;C:\Program Files (x86)\NVIDIA Corporation\PhysX\Common;C:\Program Files\NVIDIA Corporation\NVIDIA NvDLISR;C:\WINDOWS\system32;C:\WINDOWS;C:\WINDOWS\System32\Wbem;C:\WINDOWS\System32\WindowsPowerShell\v1.0\;C:\WINDOWS\System32\OpenSSH\;C:\Program Files\Git\cmd;C:\Users\rober\AppData\Local\Microsoft\WindowsApps;;C:\Program Files\JetBrains\IntelliJ IDEA Community Edition 2022.2.3\bin;
USERNAME=rober
OS=Windows_NT
PROCESSOR_IDENTIFIER=Intel64 Family 6 Model 142 Stepping 12, GenuineIntel



---------------  S Y S T E M  ---------------

OS: Windows 10 , 64 bit Build 19041 (10.0.19041.2251)
OS uptime: 5 days 7:36 hours

CPU:total 8 (initial active 8) (4 cores per cpu, 2 threads per core) family 6 model 142 stepping 12 microcode 0xde, cmov, cx8, fxsr, mmx, sse, sse2, sse3, ssse3, sse4.1, sse4.2, popcnt, avx, avx2, aes, clmul, erms, 3dnowpref, lzcnt, ht, tsc, tscinvbit, bmi1, bmi2, adx, fma

Memory: 4k page, system-wide physical 8025M (350M free)
TotalPageFile size 25890M (AvailPageFile size 167M)
current process WorkingSet (physical memory assigned to process): 528M, peak: 536M
current process commit charge ("private bytes"): 677M, peak: 919M

vm_info: OpenJDK 64-Bit Server VM (11.0.13+0-b1751.21-8125866) for windows-amd64 JRE (11.0.13+0-b1751.21-8125866), built on Feb  2 2022 03:00:22 by "builder" with MS VC++ 14.0 (VS2015)

END.
